This is pdfTeX, Version 3.14159265-2.6-1.40.18 (TeX Live 2017) (preloaded format=pdflatex 2017.10.4)  12 FEB 2021 11:00
entering extended mode
 restricted \write18 enabled.
 %&-line parsing enabled.
**GRL_PM_flow_local_resistance_v4.tex
(./GRL_PM_flow_local_resistance_v4.tex
LaTeX2e <2017-04-15>
Babel <3.10> and hyphenation patterns for 84 language(s) loaded.
(./agujournal2019.cls
Document Class: agujournal2019 01/14/2019
(/usr/local/texlive/2017/texmf-dist/tex/latex/graphics/graphicx.sty
Package: graphicx 2014/10/28 v1.0g Enhanced LaTeX Graphics (DPC,SPQR)

(/usr/local/texlive/2017/texmf-dist/tex/latex/graphics/keyval.sty
Package: keyval 2014/10/28 v1.15 key=value parser (DPC)
\KV@toks@=\toks14
)
(/usr/local/texlive/2017/texmf-dist/tex/latex/graphics/graphics.sty
Package: graphics 2017/04/14 v1.1b Standard LaTeX Graphics (DPC,SPQR)

(/usr/local/texlive/2017/texmf-dist/tex/latex/graphics/trig.sty
Package: trig 2016/01/03 v1.10 sin cos tan (DPC)
)
(/usr/local/texlive/2017/texmf-dist/tex/latex/graphics-cfg/graphics.cfg
File: graphics.cfg 2016/06/04 v1.11 sample graphics configuration
)
Package graphics Info: Driver file: pdftex.def on input line 99.

(/usr/local/texlive/2017/texmf-dist/tex/latex/graphics-def/pdftex.def
File: pdftex.def 2017/01/12 v0.06k Graphics/color for pdfTeX

(/usr/local/texlive/2017/texmf-dist/tex/generic/oberdiek/infwarerr.sty
Package: infwarerr 2016/05/16 v1.4 Providing info/warning/error messages (HO)
)
(/usr/local/texlive/2017/texmf-dist/tex/generic/oberdiek/ltxcmds.sty
Package: ltxcmds 2016/05/16 v1.23 LaTeX kernel commands for general use (HO)
)
\Gread@gobject=\count79
))
\Gin@req@height=\dimen102
\Gin@req@width=\dimen103
)
(/usr/local/texlive/2017/texmf-dist/tex/latex/xcolor/xcolor.sty
Package: xcolor 2016/05/11 v2.12 LaTeX color extensions (UK)

(/usr/local/texlive/2017/texmf-dist/tex/latex/graphics-cfg/color.cfg
File: color.cfg 2016/01/02 v1.6 sample color configuration
)
Package xcolor Info: Driver file: pdftex.def on input line 225.
Package xcolor Info: Model `cmy' substituted by `cmy0' on input line 1348.
Package xcolor Info: Model `hsb' substituted by `rgb' on input line 1352.
Package xcolor Info: Model `RGB' extended on input line 1364.
Package xcolor Info: Model `HTML' substituted by `rgb' on input line 1366.
Package xcolor Info: Model `Hsb' substituted by `hsb' on input line 1367.
Package xcolor Info: Model `tHsb' substituted by `hsb' on input line 1368.
Package xcolor Info: Model `HSB' substituted by `hsb' on input line 1369.
Package xcolor Info: Model `Gray' substituted by `gray' on input line 1370.
Package xcolor Info: Model `wave' substituted by `hsb' on input line 1371.
)
(/usr/local/texlive/2017/texmf-dist/tex/latex/url/url.sty
\Urlmuskip=\muskip10
Package: url 2013/09/16  ver 3.4  Verb mode for urls, etc.
)
(/usr/local/texlive/2017/texmf-dist/tex/latex/lineno/lineno.sty
Package: lineno 2005/11/02 line numbers on paragraphs v4.41
\linenopenalty=\count80
\output=\toks15
\linenoprevgraf=\count81
\linenumbersep=\dimen104
\linenumberwidth=\dimen105
\c@linenumber=\count82
\c@pagewiselinenumber=\count83
\c@LN@truepage=\count84
\c@internallinenumber=\count85
\c@internallinenumbers=\count86
\quotelinenumbersep=\dimen106
\bframerule=\dimen107
\bframesep=\dimen108
\bframebox=\box26
LaTeX Info: Redefining \\ on input line 3056.
)
(/usr/local/texlive/2017/texmf-dist/tex/latex/tools/indentfirst.sty
Package: indentfirst 1995/11/23 v1.03 Indent first paragraph (DPC)
)
(/usr/local/texlive/2017/texmf-dist/tex/latex/ms/ragged2e.sty
Package: ragged2e 2009/05/21 v2.1 ragged2e Package (MS)

(/usr/local/texlive/2017/texmf-dist/tex/latex/ms/everysel.sty
Package: everysel 2011/10/28 v1.2 EverySelectfont Package (MS)
)
\CenteringLeftskip=\skip41
\RaggedLeftLeftskip=\skip42
\RaggedRightLeftskip=\skip43
\CenteringRightskip=\skip44
\RaggedLeftRightskip=\skip45
\RaggedRightRightskip=\skip46
\CenteringParfillskip=\skip47
\RaggedLeftParfillskip=\skip48
\RaggedRightParfillskip=\skip49
\JustifyingParfillskip=\skip50
\CenteringParindent=\skip51
\RaggedLeftParindent=\skip52
\RaggedRightParindent=\skip53
\JustifyingParindent=\skip54
)
(/usr/local/texlive/2017/texmf-dist/tex/latex/graphics/rotating.sty
Package: rotating 2016/08/11 v2.16d rotated objects in LaTeX

(/usr/local/texlive/2017/texmf-dist/tex/latex/base/ifthen.sty
Package: ifthen 2014/09/29 v1.1c Standard LaTeX ifthen package (DPC)
)
\c@r@tfl@t=\count87
\rotFPtop=\skip55
\rotFPbot=\skip56
\rot@float@box=\box27
\rot@mess@toks=\toks16
)
\draftskip=\count88
\c@section=\count89
\c@subsection=\count90
\c@subsubsection=\count91
\c@paragraph=\count92
\c@subparagraph=\count93
\c@figure=\count94
\c@table=\count95
\abovecaptionskip=\skip57
\belowcaptionskip=\skip58
\c@appendnum=\count96
\bibindent=\dimen109

(/usr/local/texlive/2017/texmf-dist/tex/latex/apacite/apacite.sty
Package: apacite 2013/07/21 v6.03 APA citation
\c@BibCnt=\count97
\bibleftmargin=\skip59
\bibindent=\skip60
\bibparsep=\skip61
\bibitemsep=\skip62
\biblabelsep=\skip63
))
(./trackchanges.sty
Package: trackchanges 2009/04/22 v0.7.0 TrackChanges file 

(/usr/local/texlive/2017/texmf-dist/tex/latex/tools/calc.sty
Package: calc 2014/10/28 v4.3 Infix arithmetic (KKT,FJ)
\calc@Acount=\count98
\calc@Bcount=\count99
\calc@Adimen=\dimen110
\calc@Bdimen=\dimen111
\calc@Askip=\skip64
\calc@Bskip=\skip65
LaTeX Info: Redefining \setlength on input line 80.
LaTeX Info: Redefining \addtolength on input line 81.
\calc@Ccount=\count100
\calc@Cskip=\skip66
)
(/usr/local/texlive/2017/texmf-dist/tex/latex/soul/soul.sty
Package: soul 2003/11/17 v2.4 letterspacing/underlining (mf)
\SOUL@word=\toks17
\SOUL@lasttoken=\toks18
\SOUL@cmds=\toks19
\SOUL@buffer=\toks20
\SOUL@token=\toks21
\SOUL@spaceskip=\skip67
\SOUL@ttwidth=\dimen112
\SOUL@uldp=\dimen113
\SOUL@ulht=\dimen114
)
(/usr/local/texlive/2017/texmf-dist/tex/latex/morefloats/morefloats.sty
Package: morefloats 2015/07/22 v1.0h Raise limit of unprocessed floats (HMM)

(/usr/local/texlive/2017/texmf-dist/tex/latex/oberdiek/kvoptions.sty
Package: kvoptions 2016/05/16 v3.12 Key value format for package options (HO)

(/usr/local/texlive/2017/texmf-dist/tex/generic/oberdiek/kvsetkeys.sty
Package: kvsetkeys 2016/05/16 v1.17 Key value parser (HO)

(/usr/local/texlive/2017/texmf-dist/tex/generic/oberdiek/etexcmds.sty
Package: etexcmds 2016/05/16 v1.6 Avoid name clashes with e-TeX commands (HO)

(/usr/local/texlive/2017/texmf-dist/tex/generic/oberdiek/ifluatex.sty
Package: ifluatex 2016/05/16 v1.4 Provides the ifluatex switch (HO)
Package ifluatex Info: LuaTeX not detected.
)
Package etexcmds Info: Could not find \expanded.
(etexcmds)             That can mean that you are not using pdfTeX 1.50 or
(etexcmds)             that some package has redefined \expanded.
(etexcmds)             In the latter case, load this package earlier.
)))
Package morefloats Info: Maximum number of possible floats asked for: 36
(morefloats)             (i.e. 18 more floats).
(morefloats)             LaTeX might run out of memory before this
(morefloats)             (in which case it will notify you).
)
\c@userid=\count101
\c@changenumber=\count102
\c@storefootnote=\count103
\c@numeditors=\count104
\c@maxeditors=\count105
)
(/usr/local/texlive/2017/texmf-dist/tex/latex/caption/caption.sty
Package: caption 2016/02/21 v3.3-144 Customizing captions (AR)

(/usr/local/texlive/2017/texmf-dist/tex/latex/caption/caption3.sty
Package: caption3 2016/05/22 v1.7-166 caption3 kernel (AR)
Package caption3 Info: TeX engine: e-TeX on input line 67.
\captionmargin=\dimen115
\captionmargin@=\dimen116
\captionwidth=\dimen117
\caption@tempdima=\dimen118
\caption@indent=\dimen119
\caption@parindent=\dimen120
\caption@hangindent=\dimen121
Package caption Info: Unknown document class (or package),
(caption)             standard defaults will be used.
)

Package caption Warning: Unsupported document class (or package) detected,
(caption)                usage of the caption package is not recommended.
See the caption package documentation for explanation.

Package caption Info: \@makecaption = \long macro:#1#2->{\small \ifx \@captype 
\xfigure \vskip \abovecaptionskip \fi {\ifturnofflinenums \else \ifnumlines \in
ternallinenumbers \fi \fi \sbox \@tempboxa {\bf #1.\quad \rm #2}\ifdim \wd \@te
mpboxa >.9\hsize \bf #1.\quad \rm \relax #2\par \else {\centering \bf #1.\rm \q
uad #2 \vskip 1sp} \fi } \ifx \@captype \xfigure \else \vskip \belowcaptionskip
 \fi }.
\c@ContinuedFloat=\count106
Package caption Info: rotating package is loaded.
) (./GRL_PM_flow_local_resistance_v4.aux)
\openout1 = `GRL_PM_flow_local_resistance_v4.aux'.

LaTeX Font Info:    Checking defaults for OML/cmm/m/it on input line 39.
LaTeX Font Info:    ... okay on input line 39.
LaTeX Font Info:    Checking defaults for T1/cmr/m/n on input line 39.
LaTeX Font Info:    ... okay on input line 39.
LaTeX Font Info:    Checking defaults for OT1/cmr/m/n on input line 39.
LaTeX Font Info:    ... okay on input line 39.
LaTeX Font Info:    Checking defaults for OMS/cmsy/m/n on input line 39.
LaTeX Font Info:    ... okay on input line 39.
LaTeX Font Info:    Checking defaults for OMX/cmex/m/n on input line 39.
LaTeX Font Info:    ... okay on input line 39.
LaTeX Font Info:    Checking defaults for U/cmr/m/n on input line 39.
LaTeX Font Info:    ... okay on input line 39.

(/usr/local/texlive/2017/texmf-dist/tex/context/base/mkii/supp-pdf.mkii
[Loading MPS to PDF converter (version 2006.09.02).]
\scratchcounter=\count107
\scratchdimen=\dimen122
\scratchbox=\box28
\nofMPsegments=\count108
\nofMParguments=\count109
\everyMPshowfont=\toks22
\MPscratchCnt=\count110
\MPscratchDim=\dimen123
\MPnumerator=\count111
\makeMPintoPDFobject=\count112
\everyMPtoPDFconversion=\toks23
) (/usr/local/texlive/2017/texmf-dist/tex/generic/oberdiek/pdftexcmds.sty
Package: pdftexcmds 2017/03/19 v0.25 Utility functions of pdfTeX for LuaTeX (HO
)

(/usr/local/texlive/2017/texmf-dist/tex/generic/oberdiek/ifpdf.sty
Package: ifpdf 2017/03/15 v3.2 Provides the ifpdf switch
)
Package pdftexcmds Info: LuaTeX not detected.
Package pdftexcmds Info: \pdf@primitive is available.
Package pdftexcmds Info: \pdf@ifprimitive is available.
Package pdftexcmds Info: \pdfdraftmode found.
)
(/usr/local/texlive/2017/texmf-dist/tex/latex/oberdiek/epstopdf-base.sty
Package: epstopdf-base 2016/05/15 v2.6 Base part for package epstopdf

(/usr/local/texlive/2017/texmf-dist/tex/latex/oberdiek/grfext.sty
Package: grfext 2016/05/16 v1.2 Manage graphics extensions (HO)

(/usr/local/texlive/2017/texmf-dist/tex/generic/oberdiek/kvdefinekeys.sty
Package: kvdefinekeys 2016/05/16 v1.4 Define keys (HO)
))
Package epstopdf-base Info: Redefining graphics rule for `.eps' on input line 4
38.
Package grfext Info: Graphics extension search list:
(grfext)             [.png,.pdf,.jpg,.mps,.jpeg,.jbig2,.jb2,.PNG,.PDF,.JPG,.JPE
G,.JBIG2,.JB2,.eps]
(grfext)             \AppendGraphicsExtensions on input line 456.

(/usr/local/texlive/2017/texmf-dist/tex/latex/latexconfig/epstopdf-sys.cfg
File: epstopdf-sys.cfg 2010/07/13 v1.3 Configuration of (r)epstopdf for TeX Liv
e
))
ABD: EverySelectfont initializing macros
LaTeX Info: Redefining \selectfont on input line 39.
\c@maskedRefs=\count113

(/usr/local/texlive/2017/texmf-dist/tex/latex/apacite/english.apc
File: english.apc 2013/07/21 v6.03 apacite language file
LaTeX Info: Redefining \BPBI on input line 129.
LaTeX Info: Redefining \BHBI on input line 130.
)
Package caption Info: Begin \AtBeginDocument code.
Package caption Info: Incompatible package detected (regarding \@caption).
(caption)             \@caption = \long macro:#1[#2]#3->\par \begingroup \@parb
oxrestore \normalsize \linenumbers \@makecaption {\csname fnum@#1\endcsname }{\
ignorespaces #3}\par \endgroup .


Package caption Warning: \caption will not be redefined since it's already
(caption)                redefined by a document class or package which is
(caption)                unknown to the caption package.
See the caption package documentation for explanation.

Package caption Info: End \AtBeginDocument code.
LaTeX Font Info:    External font `cmex10' loaded for size
(Font)              <7> on input line 46.
LaTeX Font Info:    External font `cmex10' loaded for size
(Font)              <5> on input line 46.
LaTeX Font Info:    External font `cmex10' loaded for size
(Font)              <8> on input line 50.
LaTeX Font Info:    External font `cmex10' loaded for size
(Font)              <6> on input line 50.

Overfull \hbox (3.15454pt too wide) in paragraph at lines 62--63
[]\OT1/cmr/m/n/10 We in-tro-duce a new def-i-ni-tion for in-di-vid-ual pores in
 het-ero-ge-neous porous me- 
 []


Overfull \hbox (2.84895pt too wide) in paragraph at lines 63--64
[]\OT1/cmr/m/n/10 We em-ploy di-rect nu-mer-i-cal sim-u-la-tions to mea-sure th
e lo-cal hy-draulic con-duc- 
 []


Overfull \hbox (9.84895pt too wide) in paragraph at lines 63--64
\OT1/cmr/m/n/10 tiv-ity and re-visit the clas-si-cal model of pore re-sis-tance
 based on Hagen-Poiseuille 
 []


Overfull \hbox (40.21007pt too wide) in paragraph at lines 64--65
[]\OT1/cmr/m/n/10 While Hagen-Poiseuille sys-tem-at-i-cally un-der-es-ti-mates 
low re-sis-tances, a new circularity- 
 []


Overfull \hbox (19.62682pt too wide) in paragraph at lines 64--65
\OT1/cmr/m/n/10 based model per-forms sig-nif-i-cantly bet-ter by a re-duc-tion
 of the root-mean-squared- 
 []

[1{/usr/local/texlive/2017/texmf-var/fonts/map/pdftex/updmap/pdftex.map}]
Overfull \hbox (12.48796pt too wide) in paragraph at lines 68--70
\OT1/cmr/m/n/10 We ex-am-ine the va-lid-ity of the com-monly used Hagen-Poiseui
lle (HP) model of lo-cal re- 
 []


Overfull \hbox (10.57129pt too wide) in paragraph at lines 68--70
\OT1/cmr/m/n/10 sis-tance of porous me-dia. We pro-vide the-o-ret-i-cal ar-gu-m
ents that high-light pos-si-ble lim- 
 []


Overfull \hbox (17.12689pt too wide) in paragraph at lines 68--70
\OT1/cmr/m/n/10 i-ta-tions of this model and for-mu-late a new con-sti-tu-tive 
model that is based on lo-cal pore 
 []


Overfull \hbox (29.87686pt too wide) in paragraph at lines 68--70
\OT1/cmr/m/n/10 ge-om-e-try. We com-pare the per-for-mance of both mod-els on t
hree dif-fer-ent three-dimensional 
 []


Overfull \hbox (3.27966pt too wide) in paragraph at lines 68--70
\OT1/cmr/m/n/10 ar-ti-fi-cial porous me-dia ob-tained by us-ing thresh-old-ing 
on Gaus-sian ran-dom fields. Di- 
 []


Overfull \hbox (3.6545pt too wide) in paragraph at lines 68--70
\OT1/cmr/m/n/10 rect nu-mer-i-cal sim-u-la-tions are used to solve the pres-sur
e and ve-loc-ity field of the lam- 
 []


Overfull \hbox (13.9045pt too wide) in paragraph at lines 68--70
\OT1/cmr/m/n/10 i-nar flow in the pore-spaces of these ge-ome-tries. We in-tro-
duce a new def-i-ni-tion for pores 
 []


Overfull \hbox (6.62672pt too wide) in paragraph at lines 68--70
\OT1/cmr/m/n/10 based on iso-pressure sur-faces and topol-ogy changes that en-a
bles us to mea-sure the lo- 
 []


Overfull \hbox (7.3212pt too wide) in paragraph at lines 68--70
\OT1/cmr/m/n/10 cal hy-draulic re-sis-tance. We show that the HP model over-es-
ti-mates the lo-cal hy-draulic 
 []


Overfull \hbox (7.46011pt too wide) in paragraph at lines 68--70
\OT1/cmr/m/n/10 re-sis-tance by up to one or-der of mag-ni-tude. Our new model 
demon-strates that the cir- 
 []


Overfull \hbox (9.5156pt too wide) in paragraph at lines 68--70
\OT1/cmr/m/n/10 cu-lar-ity of iso-pressure sur-faces is key to pre-dict the lo-
cal hy-draulic re-sis-tances of pores 
 []


Overfull \hbox (12.82123pt too wide) in paragraph at lines 68--70
\OT1/cmr/m/n/10 in het-ero-ge-neous porous me-dia. This model im-proves the roo
t-mean-squared-relative er- 
 []


Overfull \hbox (20.23805pt too wide) in paragraph at lines 68--70
\OT1/cmr/m/n/10 ror from $59%$, $48%$ and $32%$ for the HP model to $12%$, $14%
$ and $18%$ for the three porous 
 []


Overfull \hbox (12.26578pt too wide) in paragraph at lines 68--70
\OT1/cmr/m/n/10 me-dia re-spec-tively. We an-tic-i-pate that our ap-proach may 
find broad ap-pli-ca-tion in pore 
 []


Overfull \hbox (3.65465pt too wide) in paragraph at lines 68--70
\OT1/cmr/m/n/10 net-work mod-els that are typ-i-cally build from 3D im-ages of 
porous ma-te-rial with in-tri- 
 []


LaTeX Font Warning: Font shape `OT1/cmr/m/n' in size <10.5> not available
(Font)              size <10.95> substituted on input line 72.


LaTeX Font Warning: Font shape `OT1/cmr/bx/n' in size <10.5> not available
(Font)              size <10.95> substituted on input line 72.

Missing character: There is no ‚ in font cmr10!
Missing character: There is no Ä in font cmr10!
Missing character: There is no ú in font cmr10!
Missing character: There is no ‚ in font cmr10!
Missing character: There is no Ä in font cmr10!
Missing character: There is no ù in font cmr10!
Missing character: There is no ‚ in font cmr10!
Missing character: There is no Ä in font cmr10!
Missing character: There is no ú in font cmr10!
Missing character: There is no ‚ in font cmr10!
Missing character: There is no Ä in font cmr10!
Missing character: There is no ù in font cmr10!

Overfull \hbox (3.37682pt too wide) in paragraph at lines 73--75
[]\OT1/cmr/m/n/10 [The flow of liq-uids through porous ma-te-ri-als is an ev-er
y-day prob-lem with many 
 []


Overfull \hbox (11.3213pt too wide) in paragraph at lines 73--75
\OT1/cmr/m/n/10 ap-pli-ca-tions rang-ing from ground-wa-ter flow, packed bed re
-ac-tors, fil-ter de-vices to blood 
 []


Overfull \hbox (1.90454pt too wide) in paragraph at lines 73--75
\OT1/cmr/m/n/10 flow through kid-neys. The clas-si-cal flow mod-el-ing ap-proac
h has been to rep-re-sent the 
 []


Overfull \hbox (16.37677pt too wide) in paragraph at lines 73--75
\OT1/cmr/m/n/10 porous medium as a lat-tice of cir-cu-lar tubes that rep-re-sen
t the pore net-work and the hy- 
 []


Overfull \hbox (14.18245pt too wide) in paragraph at lines 73--75
\OT1/cmr/m/n/10 draulic re-sis-tance in in-di-vid-ual tubes is mod-eled as-sum-
ing uni-form flow with a parabolic 
 []


Overfull \hbox (2.79341pt too wide) in paragraph at lines 73--75
\OT1/cmr/m/n/10 ve-loc-ity pro-file, called Hagen-Poiseuille law. In this pa-pe
r we show that this ap-proach 
 []


Overfull \hbox (4.43239pt too wide) in paragraph at lines 73--75
\OT1/cmr/m/n/10 has lim-i-ta-tions and pro-vide a re-fined model for lo-cal hy-
draulic re-sis-tance based on the 
 []


Overfull \hbox (9.07129pt too wide) in paragraph at lines 73--75
\OT1/cmr/m/n/10 pore ge-om-e-try of com-plex three-dimensional porous me-dia. I
n par-tic-u-lar, we show that 
 []


Overfull \hbox (11.71008pt too wide) in paragraph at lines 73--75
\OT1/cmr/m/n/10 the cir-cu-lar-ity, i.e., a pa-ram-e-ter that quan-ti-fies the 
round-ness of a sur-face of equal pres- 
 []


Overfull \hbox (16.79346pt too wide) in paragraph at lines 86--87
[]\OT1/cmr/m/n/10 Porous me-dia flow is im-por-tant for a wide range of ap-pli-
ca-tions in na-ture and tech- 
 []


Overfull \hbox (11.29353pt too wide) in paragraph at lines 86--87
\OT1/cmr/m/n/10 nol-ogy, span-ning from ground-wa-ter re-me-di-a-tion and oil r
e-cov-ery to packed bed re-ac-tors 
 []


Overfull \hbox (1.57121pt too wide) in paragraph at lines 86--87
\OT1/cmr/m/n/10 and par-ti-cle fil-ters. In these flows, the highly com-plex an
d three-dimensional pore ge- 
 []


Overfull \hbox (6.07124pt too wide) in paragraph at lines 86--87
\OT1/cmr/m/n/10 ome-tries give rise to com-pli-cated pore ve-loc-ity fields tha
t form the back-bone for trans- 
 []


Overfull \hbox (14.51569pt too wide) in paragraph at lines 86--87
\OT1/cmr/m/n/10 port, mix-ing and chem-i-cal re-ac-tion pro-cesses. De-tailed k
nowl-edge of these ve-loc-ity fields 
 []


Overfull \hbox (19.04361pt too wide) in paragraph at lines 86--87
\OT1/cmr/m/n/10 is im-por-tant for the mod-elling of ef-fec-tive pa-ram-e-ters,
 most no-tably the per-me-abil-ity and 
 []


Overfull \hbox (11.62686pt too wide) in paragraph at lines 86--87
\OT1/cmr/m/n/10 the pre-dic-tion of trans-port in porous me-dia []Bear, 1972; S
chei-deg-ger, 1974). De-spite its 
 []


Overfull \hbox (4.37671pt too wide) in paragraph at lines 86--87
\OT1/cmr/m/n/10 im-por-tance and ex-ten-sive re-search, how-ever, the re-la-tio
n be-tween ge-o-met-ri-cal fea-tures 
 []


Underfull \vbox (badness 10000) has occurred while \output is active []

 [2]
Overfull \hbox (12.77957pt too wide) in paragraph at lines 89--90
[]\OT1/cmr/m/n/10 Given that de-tailed knowl-edge of ge-o-met-ri-cal fea-tures 
of porous me-dia is of-ten un- 
 []


Overfull \hbox (14.68237pt too wide) in paragraph at lines 89--90
\OT1/cmr/m/n/10 avail-able, the clas-si-cal flow mod-el-ing ap-proach has been 
to rep-re-sent the porous medium 
 []


Overfull \hbox (4.09894pt too wide) in paragraph at lines 89--90
\OT1/cmr/m/n/10 as a lat-tice of cir-cu-lar tubes that rep-re-sent the pore net
-work []Scheidegger, 1974). The 
 []


Overfull \hbox (6.37682pt too wide) in paragraph at lines 89--90
\OT1/cmr/m/n/10 flow in the tubes is as-sumed uni-form and the ve-loc-ity pro-f
ile parabolic. While this is a 
 []


Overfull \hbox (16.34908pt too wide) in paragraph at lines 89--90
\OT1/cmr/m/n/10 rather crude ap-prox-i-ma-tion of the real ge-om-e-try and flow
 be-hav-iors, it has pro-vided use- 
 []


Overfull \hbox (14.3769pt too wide) in paragraph at lines 89--90
\OT1/cmr/m/n/10 ful pre-dic-tions for flow and trans-port. Early stud-ies have 
mod-elled ve-loc-ity dis-tri-bu-tions 
 []


Overfull \hbox (0.22417pt too wide) in paragraph at lines 89--90
[]\OT1/cmr/m/n/10 Haring & Greenkorn, 1970), per-me-abil-ity []Fatt, 1956; Katz
 & Thomp-son, 1986) and 
 []


Overfull \hbox (18.09912pt too wide) in paragraph at lines 89--90
\OT1/cmr/m/n/10 par-ti-cle dis-per-sion []Saffman, 1959) based on bulk statis-t
ics of the medium ge-om-e-try such 
 []


Overfull \hbox (6.46004pt too wide) in paragraph at lines 89--90
\OT1/cmr/m/n/10 as pore size dis-tri-bu-tions. These early stud-ies have spurre
d many sub-se-quent works on 
 []


Overfull \hbox (33.71025pt too wide) in paragraph at lines 89--90
\OT1/cmr/m/n/10 sta-tis-ti-cal pore scale mod-els e.g. []Dullien (1975); Kutsov
sky et al.[] (1996); Maier et al.[] (1999); 
 []


Overfull \hbox (2.76566pt too wide) in paragraph at lines 89--90
\OT1/cmr/m/n/10 de Anna et al.[] (2017) and []Dentz et al.[] (2018). The sec-on
d class of mod-els that hinges 
 []


Overfull \hbox (3.84898pt too wide) in paragraph at lines 89--90
\OT1/cmr/m/n/10 on the sim-pli-fied lat-tice rep-re-sen-ta-tion of porous me-di
a are the so-called pore net-work 
 []


Overfull \hbox (14.73802pt too wide) in paragraph at lines 89--90
\OT1/cmr/m/n/10 mod-els []Thompson & Fogler, 1997). For both classes of mod-els
, the sim-pli-fied mod-elling 
 []


Overfull \hbox (0.9879pt too wide) in paragraph at lines 89--90
\OT1/cmr/m/n/10 of lo-cal hy-draulic re-sis-tance of in-di-vid-ual pores based 
on Hagen-Poiseuille is a cen-tral 
 []

Missing character: There is no ‚ in font cmr10!
Missing character: There is no Ä in font cmr10!
Missing character: There is no ô in font cmr10!

Overfull \hbox (9.37672pt too wide) in paragraph at lines 92--93
[]\OT1/cmr/m/n/10 Many au-thors tried to re-late the statis-tics of pore ve-loc
-ity to statis-tics of pore ge- 
 []


Overfull \hbox (17.29344pt too wide) in paragraph at lines 92--93
\OT1/cmr/m/n/10 om-e-try rep-re-sented by e.g. the lo-cal pore ra-dius and the 
con-nec-tiv-ity be-tween pores. For 
 []


Overfull \hbox (15.83867pt too wide) in paragraph at lines 92--93
\OT1/cmr/m/n/10 ex-am-ple, one of the sim-plest mod-els is the so-called \OT1/c
mr/m/it/10 cap-il-lary bun-dle \OT1/cmr/m/n/10 model, in which the 
 []


Overfull \hbox (15.23795pt too wide) in paragraph at lines 92--93
\OT1/cmr/m/n/10 porous medium is con-cep-tu-al-ized as a par-al-lel ar-range-me
nt of cap-il-lar-ies with given pore 
 []


Overfull \hbox (18.21017pt too wide) in paragraph at lines 92--93
\OT1/cmr/m/n/10 sizes []Scheidegger, 1974). Ex-ten-sions of this model in-clude
 par-al-lel ar-range-ments of wavy 
 []


Overfull \hbox (31.12688pt too wide) in paragraph at lines 92--93
\OT1/cmr/m/n/10 tubes []Le Borgne et al.[], 2011). These sim-ple mod-els are no
t ap-pro-pri-ate for com-plex porous 
 []


Overfull \hbox (7.07124pt too wide) in paragraph at lines 92--93
\OT1/cmr/m/n/10 me-dia, for which the net-work as-pect is im-por-tant. That is,
 in gen-eral, the con-nec-tiv-ity 
 []


Overfull \hbox (21.59895pt too wide) in paragraph at lines 92--93
\OT1/cmr/m/n/10 be-tween pores can-not be ne-glected and the con-cept of the li
n-ear pore breaks down []Dentz 
 []


Overfull \hbox (8.21016pt too wide) in paragraph at lines 92--93
\OT1/cmr/m/n/10 et al.[], 2018). An ad-hoc model that con-cep-tu-al-izes flow i
n porous me-dia as a sys-tem of 
 []


Overfull \hbox (10.4046pt too wide) in paragraph at lines 92--93
\OT1/cmr/m/n/10 se-rial and par-al-lel pore ar-range-ments can be found in []Ho
lzner et al.[] (2015). []Siena et al.[] 
 []


Overfull \hbox (1.5991pt too wide) in paragraph at lines 92--93
\OT1/cmr/m/n/10 (2014) and []Hyman et al.[] (2012) sta-tis-ti-cally re-lated ve
-loc-ity dis-tri-bu-tions to pore size 
 []


Overfull \hbox (13.4324pt too wide) in paragraph at lines 92--93
\OT1/cmr/m/n/10 dis-tri-bu-tions of sta-tis-ti-cally gen-er-ated 3D porous me-d
ia. Based on di-rect nu-mer-i-cal sim- 
 []


Overfull \hbox (5.90462pt too wide) in paragraph at lines 92--93
\OT1/cmr/m/n/10 u-la-tions in 2D porous me-dia com-posed of disks, []de Anna et
 al.[] (2017) showed that the 
 []


Overfull \hbox (6.349pt too wide) in paragraph at lines 92--93
\OT1/cmr/m/n/10 low ve-loc-ity tail of the pore ve-loc-ity dis-tri-bu-tion is g
ov-erned by lo-cal pore size. This is 
 []


Overfull \hbox (2.59895pt too wide) in paragraph at lines 92--93
\OT1/cmr/m/n/10 a no-table re-sult as it sug-gests that the slow flow ve-loc-i-
ties are not strongly de-pen-dent 
 []


Overfull \hbox (6.21011pt too wide) in paragraph at lines 92--93
\OT1/cmr/m/n/10 on the con-nec-tiv-ity be-tween pores. []Alim et al.[] (2017) s
howed that pore ve-loc-ity dis-tri- 
 []


Overfull \hbox (9.23792pt too wide) in paragraph at lines 92--93
\OT1/cmr/m/n/10 bu-tions are gov-erned by lo-cal cor-re-la-tions of pore sizes 
that or-ga-nize flux ra-tios at pore 
 []


Overfull \hbox (10.599pt too wide) in paragraph at lines 92--93
\OT1/cmr/m/n/10 junc-tions, while pore size it-self was a poor pre-dic-tor of f
lux ra-tios. They sim-pli-fied two- 
 []


Overfull \hbox (5.40466pt too wide) in paragraph at lines 92--93
\OT1/cmr/m/n/10 dimensional porous medium flow by a net-work of tubes with vary
-ing di-am-e-ter and the 
 []


Overfull \hbox (30.73793pt too wide) in paragraph at lines 92--93
\OT1/cmr/m/n/10 flow within each tube was cal-cu-lated by solv-ing for Kir-chof
fs cir-cuit law for two-dimensional 
 []


Overfull \hbox (1.98788pt too wide) in paragraph at lines 92--93
\OT1/cmr/m/n/10 Poiseuille flow within the tubes of rect-an-gu-lar cross sec-ti
on. Even though us-ing tubes 
 []


Overfull \hbox (0.21013pt too wide) in paragraph at lines 92--93
\OT1/cmr/m/n/10 with vary-ing di-am-e-ter is a re-fine-ment com-pared to sim-pl
er mod-els with tubes of con- 
 []


Overfull \hbox (10.29341pt too wide) in paragraph at lines 92--93
\OT1/cmr/m/n/10 stant di-am-e-ter, the sim-pli-fi-ca-tion with re-spect to real
 ge-ome-tries is still strong. De-spite 
 []


Overfull \hbox (3.3213pt too wide) in paragraph at lines 92--93
\OT1/cmr/m/n/10 this, a com-par-i-son of sim-u-la-tion re-sults with the ex-per
-i-men-tally ob-tained ve-loc-ity dis- 
 []


Overfull \hbox (13.87683pt too wide) in paragraph at lines 92--93
\OT1/cmr/m/n/10 tri-bu-tion in a two-dimensional mi-cro-model com-posed of pil-
lars showed rea-son-able agree- 
 []


Overfull \hbox (9.4601pt too wide) in paragraph at lines 92--93
\OT1/cmr/m/n/10 ment []Alim et al.[], 2017). As men-tioned, the sta-tis-ti-cal 
mod-els in these works are based 
 []


Overfull \hbox (1.51569pt too wide) in paragraph at lines 92--93
\OT1/cmr/m/n/10 on the con-cept that lo-cal ve-loc-ity pro-files are parabolic.
 Some re-cent pa-pers pro-vided 
 []


Overfull \hbox (10.51576pt too wide) in paragraph at lines 92--93
\OT1/cmr/m/n/10 qual-i-ta-tive ex-am-ples com-par-ing pore ve-loc-ity pro-files
 to a parabola that sug-gest the as- 
 []


Overfull \hbox (19.34906pt too wide) in paragraph at lines 92--93
\OT1/cmr/m/n/10 sump-tion may be rea-son-able []de Anna et al.[], 2017; Dentz e
t al.[], 2018) and some ev-i-dence 
 []


Overfull \hbox (22.98798pt too wide) in paragraph at lines 92--93
\OT1/cmr/m/n/10 is pro-vided by the com-par-i-son be-tween sim-u-la-tions and e
x-per-i-ments by []Alim et al.[] (2017). 
 []


Overfull \hbox (2.98784pt too wide) in paragraph at lines 92--93
\OT1/cmr/m/n/10 How-ever, a rig-or-ous as-sess-ment of lo-cal hy-draulic re-sis
-tance in three-dimensional pore 
 []


Underfull \vbox (badness 10000) has occurred while \output is active []

 [3]
Overfull \hbox (16.23793pt too wide) in paragraph at lines 95--96
[]\OT1/cmr/m/n/10 With the ad-vent of ex-per-i-men-tal tech-niques like micro-c
omputed to-mog-ra-phy there 
 []


Overfull \hbox (18.40451pt too wide) in paragraph at lines 95--96
\OT1/cmr/m/n/10 is now ac-cess to im-pres-sive de-tails of three di-men-sional 
porous me-dia ar-chi-tec-tures. Even 
 []


Overfull \hbox (16.07135pt too wide) in paragraph at lines 95--96
\OT1/cmr/m/n/10 though to-day's com-put-ing fa-cil-i-ties make it pos-si-ble to
 solve flow and trans-port with un- 
 []


Overfull \hbox (1.65451pt too wide) in paragraph at lines 95--96
\OT1/cmr/m/n/10 prece-dented ac-cu-racy in these com-plex ge-ome-tries us-ing d
i-rect nu-mer-i-cal sim-u-la-tions, 
 []


Overfull \hbox (13.29352pt too wide) in paragraph at lines 95--96
\OT1/cmr/m/n/10 this ap-proach is only fea-si-ble in small do-mains. Sim-ple mo
d-els that re-duce the full com- 
 []


Overfull \hbox (15.57123pt too wide) in paragraph at lines 95--96
\OT1/cmr/m/n/10 plex-ity of real porous me-dia are still needed. A lat-tice rep
-re-sen-ta-tion is the stan-dard ap- 
 []


Overfull \hbox (6.62679pt too wide) in paragraph at lines 95--96
\OT1/cmr/m/n/10 proach in so-called pore net-work mod-els in which a Kirchhoff-
type sys-tem of equa-tions 
 []


Overfull \hbox (16.57132pt too wide) in paragraph at lines 95--96
\OT1/cmr/m/n/10 is solved to model sin-gle or mul-ti-phase porous medium flows 
[]Thompson & Fogler, 1997) 
 []


Overfull \hbox (22.57121pt too wide) in paragraph at lines 95--96
\OT1/cmr/m/n/10 es-pe-cially in ab-sence of a de-tailed mi-crostruc-ture. The l
at-tice is usu-ally con-structed based 
 []


Overfull \hbox (23.2935pt too wide) in paragraph at lines 95--96
\OT1/cmr/m/n/10 on data from ex-per-i-men-tal pore scale char-ac-ter-i-za-tion 
mea-sure-ments, e.g. imag-ing or mer- 
 []


Overfull \hbox (1.15459pt too wide) in paragraph at lines 95--96
\OT1/cmr/m/n/10 cury in-tru-sion porosime-try. These pore net-work mod-els are 
a valu-able tool for un-der- 
 []


Overfull \hbox (15.93239pt too wide) in paragraph at lines 95--96
\OT1/cmr/m/n/10 stand-ing meso-scale phe-nom-ena, link-ing sin-gle pore pro-ces
ses and con-tin-uum porous me- 
 []


Overfull \hbox (5.07124pt too wide) in paragraph at lines 95--96
\OT1/cmr/m/n/10 dia used in en-gi-neer-ing []Xiong et al.[], 2016). Be-sides a 
sound net-work con-struc-tion ap- 
 []


Overfull \hbox (9.57127pt too wide) in paragraph at lines 95--96
\OT1/cmr/m/n/10 proach that mim-ics the real me-dia, an-other crit-i-cal as-pec
t for the ac-cu-racy of mod-el-ing 
 []


Underfull \vbox (badness 10000) has occurred while \output is active []

 [4]
Overfull \hbox (3.0711pt too wide) in paragraph at lines 98--99
[]\OT1/cmr/m/n/10 In this pa-per we start with a the-o-ret-i-cal back-ground wh
ere we de-fine lo-cal pores 
 []


Overfull \hbox (23.43231pt too wide) in paragraph at lines 98--99
\OT1/cmr/m/n/10 based on con-sec-u-tive iso-pressure sur-faces, fol-lowed by a 
new model for the lo-cal hy-draulic 
 []


Overfull \hbox (2.4601pt too wide) in paragraph at lines 98--99
\OT1/cmr/m/n/10 con-duc-tiv-ity. In the meth-ods sec-tion we de-scribe our nu-m
er-i-cal ex-per-i-ment con-sist-ing 
 []


Overfull \hbox (10.34903pt too wide) in paragraph at lines 98--99
\OT1/cmr/m/n/10 of di-rect nu-mer-i-cal sim-u-la-tions (DNS) from which we ob-t
ain lo-cal ve-loc-ity and pres-sure 
 []


Overfull \hbox (18.32126pt too wide) in paragraph at lines 98--99
\OT1/cmr/m/n/10 data in het-ero-ge-neous porous me-dia. Based on a post-process
ing of the DNS data we can 
 []


Overfull \hbox (2.87679pt too wide) in paragraph at lines 98--99
\OT1/cmr/m/n/10 ex-tract the lo-cal hy-draulic con-duc-tiv-ity of a lo-cal pore
. In the re-sults we com-pare the 
 []


Overfull \hbox (5.37677pt too wide) in paragraph at lines 98--99
\OT1/cmr/m/n/10 mea-sured hy-draulic re-sis-tances to the Hagen-Poiseuille mode
l and to the newly for-mu- 
 []


Overfull \hbox (18.04343pt too wide) in paragraph at lines 98--99
\OT1/cmr/m/n/10 lated model based a lo-cal shape pa-ram-e-ter cir-cu-lar-ity. I
n the dis-cus-sion we treat the lim- 
 []


Overfull \hbox (12.40463pt too wide) in paragraph at lines 98--99
\OT1/cmr/m/n/10 i-ta-tions and ex-trap-o-la-tions of the newly pro-posed model.
 In the con-clu-sion we state the 
 []


Overfull \hbox (10.34894pt too wide) in paragraph at lines 104--105
[]\OT1/cmr/m/n/10 For low Reynolds num-bers and in-com-press-ible flow, the lo-
cal flow in a porous me- 
 []


Overfull \hbox (3.6613pt too wide) in paragraph at lines 107--109
\OT1/cmr/m/n/10 with pres-sure $\OML/cmm/m/it/10 p$ \OT1/cmr/m/n/10 and ve-loc-
ity $\OT1/cmr/bx/n/10 u$ \OT1/cmr/m/n/10 and dy-namic vis-cos-ity $\OML/cmm/m/i
t/10 ^^V$\OT1/cmr/m/n/10 . For an ar-bi-trary vol-ume $\OMS/cmsy/m/n/10 V$ \OT1
/cmr/m/n/10 in 
 []


Overfull \hbox (5.46384pt too wide) in paragraph at lines 107--109
\OT1/cmr/m/n/10 a porous me-dia, en-closed by sur-face $\OML/cmm/m/it/10 @\OMS/
cmsy/m/n/10 V$ \OT1/cmr/m/n/10 given by two iso-pressure sur-faces $\OMS/cmsy/m
/n/10 S[]$ \OT1/cmr/m/n/10 and $\OMS/cmsy/m/n/10 S[]$ 
 []


Overfull \hbox (7.23792pt too wide) in paragraph at lines 107--109
\OT1/cmr/m/n/10 and solid-liquid sur-face bound-ary $^^@$, we can write down th
e in-te-gral form of the Stokes 
 []


Overfull \hbox (4.01912pt too wide) in paragraph at lines 112--114
\OT1/cmr/m/n/10 with $\OT1/cmr/bx/n/10 n$ \OT1/cmr/m/n/10 the nor-mal vec-tor p
oint-ing out-wards of sur-face $\OML/cmm/m/it/10 @V$\OT1/cmr/m/n/10 , and $\OMS
/cmsy/m/n/10 
$ \OT1/cmr/m/n/10 the dyadic prod-uct. 
 []

Package epstopdf Info: Source file: <figures/example_pore_v2.eps>
(epstopdf)                    date: 2021-01-25 16:34:48
(epstopdf)                    size: 1029054 bytes
(epstopdf)             Output file: <figures/example_pore_v2-eps-converted-to.p
df>
(epstopdf)                    date: 2021-01-25 16:34:53
(epstopdf)                    size: 301132 bytes
(epstopdf)             Command: <repstopdf --outfile=figures/example_pore_v2-ep
s-converted-to.pdf figures/example_pore_v2.eps>
(epstopdf)             \includegraphics on input line 122.
Package epstopdf Info: Output file is already uptodate.

<figures/example_pore_v2-eps-converted-to.pdf, id=28, 1674.255pt x 1250.6725pt>
File: figures/example_pore_v2-eps-converted-to.pdf Graphic file (type pdf)
<use figures/example_pore_v2-eps-converted-to.pdf>
Package pdftex.def Info: figures/example_pore_v2-eps-converted-to.pdf used on i
nput line 122.
(pdftex.def)             Requested size: 209.48573pt x 156.49014pt.
Package epstopdf Info: Source file: <figures/merging_pores_v2.eps>
(epstopdf)                    date: 2021-01-25 16:28:18
(epstopdf)                    size: 2514119 bytes
(epstopdf)             Output file: <figures/merging_pores_v2-eps-converted-to.
pdf>
(epstopdf)                    date: 2021-01-25 16:30:44
(epstopdf)                    size: 374863 bytes
(epstopdf)             Command: <repstopdf --outfile=figures/merging_pores_v2-e
ps-converted-to.pdf figures/merging_pores_v2.eps>
(epstopdf)             \includegraphics on input line 123.
Package epstopdf Info: Output file is already uptodate.

<figures/merging_pores_v2-eps-converted-to.pdf, id=29, 1810.765pt x 1236.62pt>
File: figures/merging_pores_v2-eps-converted-to.pdf Graphic file (type pdf)

<use figures/merging_pores_v2-eps-converted-to.pdf>
Package pdftex.def Info: figures/merging_pores_v2-eps-converted-to.pdf used on 
input line 123.
(pdftex.def)             Requested size: 229.1357pt x 156.49014pt.

Overfull \hbox (44.46977pt too wide) in paragraph at lines 122--124
[][] [] 
 []


Underfull \hbox (badness 10000) in paragraph at lines 124--124
[]\OT1/cmr/m/n/10 Figure  1: |Left: A vi-su-al-iza-tion of a col-lec-tion of co
n-sec-u-tive iso-pressure sur-faces com-
 []


Underfull \hbox (badness 10000) in paragraph at lines 124--124
\OT1/cmr/m/n/10 pris-ing one pore, in-clud-ing the cen-ter of mass of the iso-p
ressure sur-faces in-di-cated by the
 []


Underfull \hbox (badness 10000) in paragraph at lines 124--124
\OT1/cmr/m/n/10 spheres. The color code of the spheres is given by the dis-tanc
e be-tween the av-er-age co-or-
 []


Underfull \hbox (badness 10000) in paragraph at lines 124--124
\OT1/cmr/m/n/10 di-nates be-tween two con-sec-u-tive iso-pressure sur-faces. Ri
ght: A vi-su-al-iza-tion of a junc-tion
 []


Overfull \hbox (15.62608pt too wide) in paragraph at lines 120--128
 \OT1/cmr/m/n/10 Here we in-tro-duce the no-tion of dis-con-nected iso-pressure
 sur-face $\OMS/cmsy/m/n/10 S[]\OT1/cmr/m/n/10 (\OML/cmm/m/it/10 p\OT1/cmr/m/n/
10 )$ for a given pres- 
 []


Overfull \hbox (19.74129pt too wide) in paragraph at lines 120--128
\OT1/cmr/m/n/10 sure value $\OML/cmm/m/it/10 p$\OT1/cmr/m/n/10 . Iso-pressure s
ur-faces are usu-ally dis-con-nected be-cause they ex-ist in the fluid 
 []


Overfull \hbox (0.76569pt too wide) in paragraph at lines 120--128
\OT1/cmr/m/n/10 do-main only and are thus in-ter-rupted by the solid phase of t
he me-dia. The first term 
 []


Overfull \hbox (22.23793pt too wide) in paragraph at lines 120--128
\OT1/cmr/m/n/10 of Eq. (2[]), the bound-ary term, will be less sig-nif-i-cant w
hen the to-tal vol-ume $\OML/cmm/m/it/10 V$ \OT1/cmr/m/n/10 is en-larged 
 []


Overfull \hbox (2.67534pt too wide) in paragraph at lines 120--128
\OT1/cmr/m/n/10 by in-creas-ing $\OML/cmm/m/it/10 ^^Np$\OT1/cmr/m/n/10 . Fur-th
er-more, when we have sat-u-rated con-di-tions, the com-plete pore 
 []


Overfull \hbox (9.416pt too wide) in paragraph at lines 120--128
\OT1/cmr/m/n/10 space can be com-part-men-tal-ized in a net-work of en-closed v
ol-umes $\OML/cmm/m/it/10 V[]\OT1/cmr/m/n/10 (\OML/cmm/m/it/10 p[]; p[] \OT1/cm
r/m/n/10 + \OML/cmm/m/it/10 ^^Np[]\OT1/cmr/m/n/10 )$, which 
 []


Overfull \hbox (6.1823pt too wide) in paragraph at lines 120--128
\OT1/cmr/m/n/10 we will later call pores. For all the pore spaces in the net-wo
rk the bound-ary term only 
 []


Overfull \hbox (7.01569pt too wide) in paragraph at lines 120--128
\OT1/cmr/m/n/10 ex-ist vir-tu-ally, since the same bound-ary term is sub-tracte
d for the pores to which they 
 []

[5]
Overfull \hbox (6.16841pt too wide) in paragraph at lines 132--133
\OT1/cmr/m/n/10 to $[]$ (transver-sal di-rec-tion in re-spect to the flow). We 
as-sume that the most im-por-tant 
 []


Overfull \hbox (11.06187pt too wide) in paragraph at lines 132--133
\OT1/cmr/m/n/10 con-tri-bu-tions to the vis-cous dis-si-pa-tion ten-sor $\OMS/c
msy/m/n/10 r[]\OML/cmm/m/it/10 u[]$ \OT1/cmr/m/n/10 is given by $\OMS/cmsy/m/n/
10 r[]\OML/cmm/m/it/10 u[]$ \OT1/cmr/m/n/10 i.e. $\OMS/cmsy/m/n/10 r[]\OML/cmm/
m/it/10 u[] \OMS/cmsy/m/n/10 ^^\ r[]\OML/cmm/m/it/10 u[]$\OT1/cmr/m/n/10 . 
 []


Overfull \hbox (11.15466pt too wide) in paragraph at lines 132--133
\OT1/cmr/m/n/10 This as-sump-tion has been ver-i-fied in the sup-ple-men-tary i
n-for-ma-tion (SI) for the porous 
 []


Underfull \vbox (badness 2698) has occurred while \output is active []

 [6 <./figures/example_pore_v2-eps-converted-to.pdf> <./figures/merging_pores_v
2-eps-converted-to.pdf>]
Overfull \hbox (9.93239pt too wide) in paragraph at lines 135--137
\OT1/cmr/m/n/10 Here the first term is ex-pected to be more im-por-tant for gra
d-u-ally vary-ing pore ge-ome- 
 []


Overfull \hbox (8.82121pt too wide) in paragraph at lines 135--137
\OT1/cmr/m/n/10 tries since gra-di-ents in the ve-loc-ity in the lon-gi-tu-di-n
al di-rec-tion are usu-ally much lower 
 []


Overfull \hbox (12.09909pt too wide) in paragraph at lines 135--137
\OT1/cmr/m/n/10 than in trans-verse di-rec-tion. Equa-tions (1[])-(6[]) are val
id for ar-bi-trary vol-umes $\OML/cmm/m/it/10 V$\OT1/cmr/m/n/10 . When 
 []


Overfull \hbox (34.59914pt too wide) in paragraph at lines 135--137
\OT1/cmr/m/n/10 we con-sider vis-cous dis-si-pa-tion of an \OT1/cmr/m/it/10 in-
finites-i-mal \OT1/cmr/m/n/10 en-closed vol-ume $\OML/cmm/m/it/10 dV$ \OT1/cmr/
m/n/10 de-fined by $\OMS/cmsy/m/n/10 S\OT1/cmr/m/n/10 (\OML/cmm/m/it/10 p\OT1/c
mr/m/n/10 )\OML/cmm/m/it/10 ; \OMS/cmsy/m/n/10 S\OT1/cmr/m/n/10 (\OML/cmm/m/it/
10 p \OT1/cmr/m/n/10 + 
 []


Overfull \hbox (7.01202pt too wide) in paragraph at lines 135--137
\OML/cmm/m/it/10 ^^Np\OT1/cmr/m/n/10 )$ and their re-spec-tive ar-eas $\OML/cmm
/m/it/10 A\OT1/cmr/m/n/10 (\OML/cmm/m/it/10 p\OT1/cmr/m/n/10 )\OML/cmm/m/it/10 
; A\OT1/cmr/m/n/10 (\OML/cmm/m/it/10 p \OT1/cmr/m/n/10 + \OML/cmm/m/it/10 ^^Np\
OT1/cmr/m/n/10 )$, sep-a-rated by av-er-age dis-tance $\OML/cmm/m/it/10 dx$ \OT
1/cmr/m/n/10 de-fined 
 []


Overfull \hbox (1.00412pt too wide) in paragraph at lines 139--141
\OT1/cmr/m/n/10 2005), and for HP flow equal to one. The co-ef-fi-cients $\OML/
cmm/m/it/10 []$ \OT1/cmr/m/n/10 and $\OML/cmm/m/it/10 []$ \OT1/cmr/m/n/10 can
 be cal-cu-lated (in 
 []


Overfull \hbox (14.4046pt too wide) in paragraph at lines 139--141
\OT1/cmr/m/n/10 first or-der of cir-cu-lar-ity) an-a-lyt-i-cally or nu-mer-i-ca
lly for sim-ple shapes of the iso-pressure 
 []


Overfull \hbox (5.87674pt too wide) in paragraph at lines 139--141
\OT1/cmr/m/n/10 sur-faces, such as squares, tri-an-gles, or a per-tur-ba-tion o
f a sphere by spher-i-cal har-mon- 
 []


Overfull \hbox (5.51563pt too wide) in paragraph at lines 139--141
\OT1/cmr/m/n/10 ics []Mortensen et al.[], 2005). For het-ero-ge-neous me-dia th
e class of shapes are gen-er-ally 
 []


Overfull \hbox (19.97675pt too wide) in paragraph at lines 142--143
[]\OT1/cmr/m/n/10 For the sec-ond, lon-gi-tu-di-nal term, we can as-sume that t
he to-tal flux $\OML/cmm/m/it/10 Q$ \OT1/cmr/m/n/10 re-mains con- 
 []


Overfull \hbox (4.27902pt too wide) in paragraph at lines 142--143
\OT1/cmr/m/n/10 by a change in cross-sectional area $\OML/cmm/m/it/10 A\OT1/cmr
/m/n/10 (\OML/cmm/m/it/10 p\OT1/cmr/m/n/10 ) \OMS/cmsy/m/n/10 ! \OML/cmm/m/it/1
0 A\OT1/cmr/m/n/10 (\OML/cmm/m/it/10 p \OT1/cmr/m/n/10 + \OML/cmm/m/it/10 ^^Np\
OT1/cmr/m/n/10 )$. We es-ti-mate $\OML/cmm/m/it/10 u[]$ \OT1/cmr/m/n/10 by the 
to-tal flux 
 []


Overfull \hbox (14.62106pt too wide) in paragraph at lines 145--147
\OT1/cmr/m/n/10 with pro-por-tonal-ity fac-tor $\OML/cmm/m/it/10 []$\OT1/cmr/m
/n/10 . We com-bine the two ex-pres-sions Eq. (7[]) and Eq. (8[]) with 
 []


Overfull \hbox (33.15857pt too wide) in paragraph at lines 149--151
\OT1/cmr/m/n/10 This ex-pres-sion is con-sis-tent with the Hagen-Poiseuille equ
a-tion for pipe ge-ome-tries $\OML/cmm/m/it/10 f\OT1/cmr/m/n/10 (\OML/cmm/m/it/
10 []\OT1/cmr/m/n/10 ) \OMS/cmsy/m/n/10 ! 
 []


Overfull \hbox (6.29607pt too wide) in paragraph at lines 153--155
\OT1/cmr/m/n/10 As long as the to-tal flux $\OML/cmm/m/it/10 Q$ \OT1/cmr/m/n/10
 re-mains con-stant and $\OML/cmm/m/it/10 dV \OT1/cmr/m/n/10 = \OML/cmm/m/it/10
 Adx$ \OT1/cmr/m/n/10 re-mains valid, Eq. (9[]) can 
 []


Overfull \hbox (3.38023pt too wide) in paragraph at lines 153--155
\OT1/cmr/m/n/10 be in-te-grated over $^^A\OML/cmm/m/it/10 p$\OT1/cmr/m/n/10 . W
e de-fine a pore by the in-te-grated en-closed vol-ume, bound by 
 []


Overfull \hbox (2.04117pt too wide) in paragraph at lines 153--155
\OT1/cmr/m/n/10 iso-pressure sur-faces $\OMS/cmsy/m/n/10 S[]\OT1/cmr/m/n/10 (\O
ML/cmm/m/it/10 p\OT1/cmr/m/n/10 )$, $\OMS/cmsy/m/n/10 S[]\OT1/cmr/m/n/10 (\OML/
cmm/m/it/10 p \OT1/cmr/m/n/10 + ^^A\OML/cmm/m/it/10 p\OT1/cmr/m/n/10 )$ and the
 porous me-dia bound-ary. The hy-draulic 
 []

[7]
Overfull \hbox (19.34901pt too wide) in paragraph at lines 159--161
\OT1/cmr/m/n/10 dia is given by a long pipe, the hy-draulic re-sis-tance is giv
en by the Hagen-Poiseuille (HP) 
 []


Overfull \hbox (6.42284pt too wide) in paragraph at lines 159--161
\OT1/cmr/m/n/10 model $\OMS/cmsy/m/n/10 R[]$\OT1/cmr/m/n/10 , given by $\OMS/cm
sy/m/n/10 R[]\OT1/cmr/m/n/10 (\OML/cmm/m/it/10 f \OMS/cmsy/m/n/10 ! \OT1/cmr/m/
n/10 1)$. The HP model there-fore only de-pends on the cross- 
 []

Package epstopdf Info: Source file: <figures/DNS_overview.eps>
(epstopdf)                    date: 2020-09-02 09:34:50
(epstopdf)                    size: 1317146 bytes
(epstopdf)             Output file: <figures/DNS_overview-eps-converted-to.pdf>

(epstopdf)                    date: 2020-09-02 09:35:23
(epstopdf)                    size: 644225 bytes
(epstopdf)             Command: <repstopdf --outfile=figures/DNS_overview-eps-c
onverted-to.pdf figures/DNS_overview.eps>
(epstopdf)             \includegraphics on input line 165.
Package epstopdf Info: Output file is already uptodate.
<figures/DNS_overview-eps-converted-to.pdf, id=59, 2625.81pt x 1124.2pt>
File: figures/DNS_overview-eps-converted-to.pdf Graphic file (type pdf)

<use figures/DNS_overview-eps-converted-to.pdf>
Package pdftex.def Info: figures/DNS_overview-eps-converted-to.pdf used on inpu
t line 165.
(pdftex.def)             Requested size: 397.48499pt x 170.16656pt.

<figures/infi_dpdx_3.pdf, id=60, 1084.05pt x 361.35pt>
File: figures/infi_dpdx_3.pdf Graphic file (type pdf)

<use figures/infi_dpdx_3.pdf>
Package pdftex.def Info: figures/infi_dpdx_3.pdf used on input line 166.
(pdftex.def)             Requested size: 476.98076pt x 158.99449pt.

Overfull \hbox (79.49577pt too wide) in paragraph at lines 165--167
[] 
 []


Underfull \hbox (badness 10000) in paragraph at lines 167--167
[]\OT1/cmr/m/n/10 Figure  2: |Top: A vi-su-al-iza-tion of the ve-loc-ity field 
$\OMS/cmsy/m/n/10 j\OML/cmm/m/it/10 u\OMS/cmsy/m/n/10 j$ \OT1/cmr/m/n/10 and pr
es-sure field $\OML/cmm/m/it/10 p$ \OT1/cmr/m/n/10 in the pore
 []


Underfull \hbox (badness 10000) in paragraph at lines 167--167
\OT1/cmr/m/n/10 space of the three porous me-dia used in this study. Bot-tom: M
ea-sure-ments of lo-cal pres-
 []


Underfull \hbox (badness 10000) in paragraph at lines 167--167
\OT1/cmr/m/n/10 sure drop ver-sus the Hagen-Poiseuille model given by Eq. (10[]
) for three dif-fer-ent porous
 []


Underfull \hbox (badness 10000) in paragraph at lines 167--167
\OT1/cmr/m/n/10 me-dia. The color is given by av-er-aged cir-cu-lar-ity $\OMS/c
msy/m/n/10 C\OT1/cmr/m/n/10 (\OML/cmm/m/it/10 p\OT1/cmr/m/n/10 )[]$ and the mar
ker size is scaled with
 []


LaTeX Warning: Citation `liu_advances_2019' undefined on input line 172.


Overfull \hbox (27.6684pt too wide) in paragraph at lines 172--173
[]\OT1/cmr/m/n/10 To gen-er-ate het-ero-ge-neous porous me-dia we make use of t
he Gaus-sian Ran-dom Fields 
 []


Overfull \hbox (7.08502pt too wide) in paragraph at lines 172--173
\OT1/cmr/m/n/10 (GRF), which are in-creas-ingly used to rep-re-sent re-al-is-ti
c porous me-dia []?, ?). We used 
 []


Overfull \hbox (16.5574pt too wide) in paragraph at lines 172--173
\OT1/cmr/m/n/10 a fast fourier trans-form and a spec-tral den-sity func-tion to
 gen-er-ate GRF scalar func-tions 
 []


Overfull \hbox (6.97406pt too wide) in paragraph at lines 172--173
[]\OT1/cmr/m/n/10 Teubner, 1991; Hy-man et al.[], 2012; Siena et al.[], 2014). 
A thresh-old on the GRF func- 
 []


Overfull \hbox (0.349pt too wide) in paragraph at lines 172--173
\OT1/cmr/m/n/10 tion is used to de-fine the porous media-fluid in-ter-face $^^@
$ with porosi-ties $0\OML/cmm/m/it/10 :\OT1/cmr/m/n/10 68\OML/cmm/m/it/10 ; \OT
1/cmr/m/n/10 0\OML/cmm/m/it/10 :\OT1/cmr/m/n/10 34$ and 
 []


Overfull \hbox (10.25177pt too wide) in paragraph at lines 172--173
\OT1/cmr/m/n/10 0\OML/cmm/m/it/10 :\OT1/cmr/m/n/10 17$ re-spec-tively. For de-t
ails on the GRF func-tions and ge-o-met-ri-cal pa-ram-e-ters such as 
 []


Overfull \hbox (17.3767pt too wide) in paragraph at lines 172--173
\OT1/cmr/m/n/10 av-er-age pore size and sur-face rough-ness are given in the SI
. These porous me-dia are used 
 []


Overfull \hbox (18.18243pt too wide) in paragraph at lines 172--173
\OT1/cmr/m/n/10 as in-put for di-rect nu-mer-i-cal sim-u-la-tions (DNS, Open-FO
AM v. 4.1, []Weller et al.[] (1998)), 
 []


Overfull \hbox (8.96014pt too wide) in paragraph at lines 172--173
\OT1/cmr/m/n/10 that solve the Stokes equa-tions (Eq. 1[]) in the pore space. T
he bound-ary con-di-tions are 
 []


Overfull \hbox (5.16158pt too wide) in paragraph at lines 172--173
\OT1/cmr/m/n/10 de-fined at the in-let $\OML/cmm/m/it/10 p[]$ \OT1/cmr/m/n/10 a
nd out-let $\OML/cmm/m/it/10 p[]$ \OT1/cmr/m/n/10 and a no-slip con-di-tion for
 the porous media-fluid 
 []


Overfull \hbox (10.84904pt too wide) in paragraph at lines 172--173
\OT1/cmr/m/n/10 in-ter-face. A vi-su-al-iza-tion of the three porous me-dia is 
shown in Fig. 2[]. Next, a chain of 
 []


Overfull \hbox (22.98799pt too wide) in paragraph at lines 172--173
\OT1/cmr/m/n/10 vi-su-al-iza-tion toolkit (VTK) based im-age anal-y-sis tech-ni
ques []Schroeder et al.[], 2006; Hern- 
 []


Overfull \hbox (4.519pt too wide) in paragraph at lines 172--173
\OT1/cmr/m/n/10 der-son, 2007) is em-ployed to ex-tract iso-pressure sur-faces 
$\OMS/cmsy/m/n/10 S\OT1/cmr/m/n/10 (\OML/cmm/m/it/10 p\OT1/cmr/m/n/10 )$ and en
u-mer-ate the dis- 
 []


Overfull \hbox (6.73726pt too wide) in paragraph at lines 172--173
\OT1/cmr/m/n/10 con-nected ar-eas iden-ti-fy-ing as an iso-pressure patch $\OMS
/cmsy/m/n/10 S[]\OT1/cmr/m/n/10 (\OML/cmm/m/it/10 p\OT1/cmr/m/n/10 )$. This pat
ch is part of a pore 
 []


Overfull \hbox (27.89018pt too wide) in paragraph at lines 172--173
\OT1/cmr/m/n/10 and has a sur-face area $\OML/cmm/m/it/10 A[]\OT1/cmr/m/n/10 (\
OML/cmm/m/it/10 p\OT1/cmr/m/n/10 )$, cir-cu-lar-ity $\OMS/cmsy/m/n/10 C[]\OT1/c
mr/m/n/10 (\OML/cmm/m/it/10 p\OT1/cmr/m/n/10 )$, cen-ter of `mass' of iso-press
ure sur-face $\OT1/cmr/bx/n/10 X[]\OT1/cmr/m/n/10 (\OML/cmm/m/it/10 p\OT1/cmr/m
/n/10 )$ 
 []


Overfull \hbox (22.21344pt too wide) in paragraph at lines 172--173
\OT1/cmr/m/n/10 and to-tal flux $\OML/cmm/m/it/10 Q[]\OT1/cmr/m/n/10 (\OML/cmm/
m/it/10 p\OT1/cmr/m/n/10 )$. For each $\OMS/cmsy/m/n/10 S[]\OT1/cmr/m/n/10 (\OM
L/cmm/m/it/10 p\OT1/cmr/m/n/10 )$ we iden-tify its clos-est neigh-bor $\OMS/cms
y/m/n/10 S[]\OT1/cmr/m/n/10 (\OML/cmm/m/it/10 p \OT1/cmr/m/n/10 + \OML/cmm/m/it
/10 ^^Np\OT1/cmr/m/n/10 )$. This neigh- 
 []


Overfull \hbox (12.1824pt too wide) in paragraph at lines 172--173
\OT1/cmr/m/n/10 bor-ing iso-pressure patch (build-ing up a pore) is found by ca
l-cu-lat-ing the dis-tance func- 
 []

[8]
Overfull \hbox (16.58432pt too wide) in paragraph at lines 179--181
\OT1/cmr/m/n/10 When $\OML/cmm/m/it/10 ^^Np$ \OT1/cmr/m/n/10 is cho-sen suf-fi-
ciently small the en-closed vol-ume can be es-ti-mated by $\OML/cmm/m/it/10 V[]
\OT1/cmr/m/n/10 (\OML/cmm/m/it/10 p; ^^Np\OT1/cmr/m/n/10 ) = 
 []


Overfull \hbox (16.29616pt too wide) in paragraph at lines 179--181
\OML/cmm/m/it/10 A[]dx[] \OMS/cmsy/m/n/10 ^^Y \OML/cmm/m/it/10 A[]d[]$\OT1/cmr/
m/n/10 . We use for-ward in-te-gra-tion of con-sec-u-tive patches un-til merg-i
ng or split- 
 []


Overfull \hbox (4.72491pt too wide) in paragraph at lines 179--181
\OT1/cmr/m/n/10 ting takes place. The dis-tances be-tween $\OT1/cmr/bx/n/10 X[]
\OT1/cmr/m/n/10 (\OML/cmm/m/it/10 p\OT1/cmr/m/n/10 )$ and $\OT1/cmr/bx/n/10 X[]
\OT1/cmr/m/n/10 (\OML/cmm/m/it/10 p \OT1/cmr/m/n/10 + \OML/cmm/m/it/10 ^^Np\OT1
/cmr/m/n/10 )$ of two con-sec-u-tive pores 
 []


Overfull \hbox (11.21014pt too wide) in paragraph at lines 179--181
\OT1/cmr/m/n/10 are sen-si-tive to topol-ogy changes. A con-straint on these di
s-tances and flux con-ser-va-tion 
 []


Overfull \hbox (13.73785pt too wide) in paragraph at lines 179--181
\OT1/cmr/m/n/10 is used to end for-ward in-te-gra-tion. The pre-cise val-ues fo
r these con-straints can be found 
 []


Overfull \hbox (5.98795pt too wide) in paragraph at lines 179--181
\OT1/cmr/m/n/10 in the SI. A demon-stra-tion of the cor-rect iden-ti-fi-ca-tion
 of pores by for-ward in-te-gra-tion 
 []

[9 <./figures/DNS_overview-eps-converted-to.pdf> <./figures/infi_dpdx_3.pdf>]
Overfull \hbox (5.01572pt too wide) in paragraph at lines 182--183
[]\OT1/cmr/m/n/10 The main chal-lenge with the data for-mat of the Open-Foam si
m-u-la-tions is that it 
 []


Overfull \hbox (4.23793pt too wide) in paragraph at lines 182--183
\OT1/cmr/m/n/10 is un-struc-tured, and the mesh-ing is re-fined to-wards the bo
und-ary of the porous me-dia 
 []


Overfull \hbox (0.43233pt too wide) in paragraph at lines 182--183
\OT1/cmr/m/n/10 ^^@$. Al-though this en-sures that the ge-om-e-try is ac-cu-rat
ely de-scribed and that the sim- 
 []


Overfull \hbox (11.79683pt too wide) in paragraph at lines 182--183
\OT1/cmr/m/n/10 u-la-tion con-ver-gences, it also causes chal-lenges in the ex-
trac-tion of $\OMS/cmsy/m/n/10 S\OT1/cmr/m/n/10 (\OML/cmm/m/it/10 p\OT1/cmr/m/n
/10 )$ by us-ing a VTK 
 []


Overfull \hbox (14.63019pt too wide) in paragraph at lines 182--183
\OT1/cmr/m/n/10 con-tour fil-ter. Since it is based on a thresh-old on $\OML/cm
m/m/it/10 p$ \OT1/cmr/m/n/10 it breaks up the mesh close to $^^@$ into 
 []


Overfull \hbox (0.18231pt too wide) in paragraph at lines 182--183
\OT1/cmr/m/n/10 many dis-con-nected noisy area patches. These are re-moved by a
p-ply-ing a fil-ter on the 
 []


Overfull \hbox (18.96016pt too wide) in paragraph at lines 182--183
\OT1/cmr/m/n/10 area size of the patches, re-sult-ing in a re-duc-tion of to-ta
l sur-face area of max-i-mal $3%$. Ex- 
 []


Overfull \hbox (5.91928pt too wide) in paragraph at lines 182--183
\OT1/cmr/m/n/10 tract-ing cir-cu-lar-ity $\OMS/cmsy/m/n/10 C[]\OT1/cmr/m/n/10 (
\OML/cmm/m/it/10 p\OT1/cmr/m/n/10 )$ is achieved by ap-ply-ing a con-tour fil-t
er on a low value for the 
 []


Overfull \hbox (18.4045pt too wide) in paragraph at lines 182--183
\OT1/cmr/m/n/10 ues). We ob-serve how-ever that these con-tours are lo-cally ir
-reg-u-lar and there-fore will very 
 []


Overfull \hbox (28.18225pt too wide) in paragraph at lines 184--185
[]\OT1/cmr/m/n/10 For each of the three porous me-dia we eval-u-ate Eq. (9[]) f
or all con-sec-u-tive iso-pressure 
 []


Overfull \hbox (6.07062pt too wide) in paragraph at lines 184--185
\OT1/cmr/m/n/10 pairs $\OMS/cmsy/m/n/10 S[]\OT1/cmr/m/n/10 (\OML/cmm/m/it/10 p\
OT1/cmr/m/n/10 )$. To ob-tain mea-sured val-ues for the re-sis-tance of a pore,
 we di-vide the to-tal 
 []


Overfull \hbox (14.0358pt too wide) in paragraph at lines 184--185
\OT1/cmr/m/n/10 pres-sure dif-fer-ence $^^A\OML/cmm/m/it/10 p$ \OT1/cmr/m/n/10 
by the to-tal flux $\OML/cmm/m/it/10 Q$\OT1/cmr/m/n/10 . We fit Eq. (11[]), to 
all pores be-long-ing to one 
 []


Overfull \hbox (16.87671pt too wide) in paragraph at lines 190--191
[]\OT1/cmr/m/n/10 The re-sult of the DNS for the three porous me-dia is shown i
n Fig. 2[]. The Reynolds 
 []


Overfull \hbox (4.29073pt too wide) in paragraph at lines 190--191
\OT1/cmr/m/n/10 fined by the vol-ume to to-tal porous me-dia in-ter-face ra-tio
 $\OML/cmm/m/it/10 `[] \OT1/cmr/m/n/10 = 4\OML/cmm/m/it/10 ^^^V=\OMS/cmsy/m/n/1
0 j\OT1/cmr/m/n/10 ^^@\OMS/cmsy/m/n/10 j$\OT1/cmr/m/n/10 . For all porous 
 []


Overfull \hbox (4.61292pt too wide) in paragraph at lines 190--191
\OT1/cmr/m/n/10 me-dia $[]$ is smaller than $10[]$. In Fig. 2[], bot-tom, the r
e-sults of the in-finites-i-mal pres- 
 []


Overfull \hbox (19.34897pt too wide) in paragraph at lines 190--191
\OT1/cmr/m/n/10 sure gra-di-ents ver-sus the HP model (Eq. (10[])) are shown. W
e ob-serve that the HP model 
 []


Overfull \hbox (9.93233pt too wide) in paragraph at lines 190--191
\OT1/cmr/m/n/10 un-der-es-ti-mates the pres-sure gra-di-ent up to two or-ders o
f mag-ni-tude for the first porous 
 []


Overfull \hbox (17.14207pt too wide) in paragraph at lines 190--191
\OT1/cmr/m/n/10 me-dia, to a rel-a-tive good es-ti-mate for the third. We no-ti
ce that $\OMS/cmsy/m/n/10 C$ \OT1/cmr/m/n/10 is the low-est for small- 
 []


Overfull \hbox (17.2934pt too wide) in paragraph at lines 190--191
\OT1/cmr/m/n/10 est pores, in-di-cat-ing that smaller iso-pressure sur-faces ar
e more cir-cu-lar than larger more 
 []


Overfull \hbox (6.51561pt too wide) in paragraph at lines 190--191
\OT1/cmr/m/n/10 com-plex shaped iso-pressure sur-faces. We have plot-ted the jo
ined datasets of the three 
 []


Overfull \hbox (2.84904pt too wide) in paragraph at lines 190--191
\OT1/cmr/m/n/10 porous me-dia and ob-serve that (Fig. 3[], top left) there is n
o vi-sual dis-tinc-tion be-tween 
 []


Overfull \hbox (6.25323pt too wide) in paragraph at lines 190--191
\OT1/cmr/m/n/10 the three porous me-dia, i.e. their data over-lap and be-have u
ni-formly with re-spect to $\OMS/cmsy/m/n/10 C$ 
 []


Overfull \hbox (10.2934pt too wide) in paragraph at lines 192--193
[]\OT1/cmr/m/n/10 For each porous me-dia Eq. (9[]) has been fit-ted by min-i-mi
z-ing the least-squared er- 
 []


Overfull \hbox (16.09737pt too wide) in paragraph at lines 192--193
\OT1/cmr/m/n/10 ror in-de-pen-dently to ob-tain es-ti-mates for $\OML/cmm/m/it/
10 []$\OT1/cmr/m/n/10 . The con-tri-bu-tion of the term $\OML/cmm/m/it/10 []$
 \OT1/cmr/m/n/10 is in-signif- 
 []


Overfull \hbox (10.23212pt too wide) in paragraph at lines 192--193
\OT1/cmr/m/n/10 i-cant for all three porous me-dia and is re-ported in the SI. 
A sim-ple fit, ex-clud-ing $\OML/cmm/m/it/10 []$ \OT1/cmr/m/n/10 re- 
 []


Overfull \hbox (28.48799pt too wide) in paragraph at lines 192--193
\OT1/cmr/m/n/10 spond-ing porous me-dia re-spec-tively. The re-sult of the fit-
ting is shown in Fig. (3[], top right). 
 []


Overfull \hbox (5.30382pt too wide) in paragraph at lines 192--193
\OT1/cmr/m/n/10 Us-ing Eq. (9[]) with the fit-ted val-ues for $\OML/cmm/m/it/10
 []$ \OT1/cmr/m/n/10 and $\OML/cmm/m/it/10 []$ \OT1/cmr/m/n/10 ($\OML/cmm/m/i
t/10 [] \OT1/cmr/m/n/10 = 0$) we ob-tain a new model for 
 []


Overfull \hbox (0.72566pt too wide) in paragraph at lines 192--193
\OT1/cmr/m/n/10 lo-cal pore re-sis-tances $\OMS/cmsy/m/n/10 R[]$\OT1/cmr/m/n/10
 , Eq. (11[]), which per-forms much bet-ter than the HP model. 
 []


Underfull \vbox (badness 10000) has occurred while \output is active []

 [10]
Overfull \hbox (17.84892pt too wide) in paragraph at lines 194--195
[]\OT1/cmr/m/n/10 The Pear-son cor-re-la-tion co-ef-fi-cients for all mod-els o
f the re-sis-tances are higher than 
 []


Overfull \hbox (2.6997pt too wide) in paragraph at lines 194--195
\OT1/cmr/m/n/10 0\OML/cmm/m/it/10 :\OT1/cmr/m/n/10 88$. For the HP model the va
l-ues for $\OML/cmm/m/it/10 R[]$ \OT1/cmr/m/n/10 are given by $0\OML/cmm/m/it/1
0 :\OT1/cmr/m/n/10 91\OML/cmm/m/it/10 ; \OT1/cmr/m/n/10 0\OML/cmm/m/it/10 :\OT1
/cmr/m/n/10 88$ and $0\OML/cmm/m/it/10 :\OT1/cmr/m/n/10 99$. The co-ef-fi- 
 []


Overfull \hbox (19.15968pt too wide) in paragraph at lines 194--195
\OT1/cmr/m/n/10 cients $\OML/cmm/m/it/10 R[]$ \OT1/cmr/m/n/10 of $\OMS/cmsy/m/n
/10 R[]$ \OT1/cmr/m/n/10 are given by $0\OML/cmm/m/it/10 :\OT1/cmr/m/n/10 97\OM
L/cmm/m/it/10 ; \OT1/cmr/m/n/10 0\OML/cmm/m/it/10 :\OT1/cmr/m/n/10 95$ and $0\O
ML/cmm/m/it/10 :\OT1/cmr/m/n/10 99$. The high val-ues are caused by the large 
 []


Overfull \hbox (15.18521pt too wide) in paragraph at lines 194--195
\OT1/cmr/m/n/10 do-main size span-ning sev-eral or-ders of mag-ni-tude. The de-
vi-a-tions of $\OMS/cmsy/m/n/10 R[]$ \OT1/cmr/m/n/10 with the mea- 
 []


Overfull \hbox (4.13641pt too wide) in paragraph at lines 194--195
\OT1/cmr/m/n/10 sured val-ues $^^A\OML/cmm/m/it/10 p=Q$ \OT1/cmr/m/n/10 are not
 uni-form across the scales and there-fore $\OML/cmm/m/it/10 R[]$ \OT1/cmr/m/n/
10 is not a re-li-able 
 []


Overfull \hbox (0.5712pt too wide) in paragraph at lines 194--195
\OT1/cmr/m/n/10 pa-ram-e-ter when it comes to ex-press-ing the im-prove-ment ov
er the HP model []Wilcox, 
 []


Overfull \hbox (23.349pt too wide) in paragraph at lines 194--195
\OT1/cmr/m/n/10 2009). We there-fore cal-cu-lated the re-duc-tion of the root-m
ean-squared-relative er-ror (RM- 
 []


Overfull \hbox (14.22966pt too wide) in paragraph at lines 194--195
\OT1/cmr/m/n/10 SRE) from $\OMS/cmsy/m/n/10 R[]$ \OT1/cmr/m/n/10 to $\OMS/cmsy/
m/n/10 R[]$\OT1/cmr/m/n/10 . For the first porous me-dia we found a re-duc-tion
 in the RM-SRE 
 []


Overfull \hbox (2.04358pt too wide) in paragraph at lines 194--195
\OT1/cmr/m/n/10 from $59%$ to $12%$, for the sec-ond from $46%$ to $13%$ and fo
r the last from $31%$ to $15%$.  
 []

<figures/infi_dpdx_combined.pdf, id=99, 722.7pt x 361.35pt>
File: figures/infi_dpdx_combined.pdf Graphic file (type pdf)

<use figures/infi_dpdx_combined.pdf>
Package pdftex.def Info: figures/infi_dpdx_combined.pdf used on input line 197.

(pdftex.def)             Requested size: 455.24826pt x 227.62204pt.

<figures/integral_R_combined.pdf, id=100, 722.7pt x 361.35pt>
File: figures/integral_R_combined.pdf Graphic file (type pdf)

<use figures/integral_R_combined.pdf>
Package pdftex.def Info: figures/integral_R_combined.pdf used on input line 198
.
(pdftex.def)             Requested size: 455.24826pt x 227.62204pt.

Overfull \hbox (57.76328pt too wide) in paragraph at lines 197--199
[][]
 []


Overfull \hbox (57.76328pt too wide) in paragraph at lines 197--199
[] 
 []


Underfull \hbox (badness 10000) in paragraph at lines 199--199
[]\OT1/cmr/m/n/10 Figure  3: |Top left: Mea-sured in-finites-i-mal pres-sure gr
a-di-ent ver-sus the in-finites-i-mal pres-
 []


Underfull \hbox (badness 10000) in paragraph at lines 199--199
\OT1/cmr/m/n/10 The marker size is scaled with square root of the av-er-aged ar
ea $[]$. Top right: Mea-sured
 []


Underfull \hbox (badness 10000) in paragraph at lines 199--199
\OT1/cmr/m/n/10 ver-sus Mod-eled in-finites-i-mal pres-sure gra-di-ent with $\O
ML/cmm/m/it/10 f\OT1/cmr/m/n/10 (\OML/cmm/m/it/10 \OT1/cmr/m/n/10 )$ fit-ted t
o Eq. (9[]) for each porous
 []


Underfull \hbox (badness 10000) in paragraph at lines 199--199
\OT1/cmr/m/n/10 me-dia sep-a-rately. Bot-tom: The marker size is scaled by $\OM
L/cmm/m/it/10 N[]$\OT1/cmr/m/n/10 , with N the num-ber of con-
 []


Underfull \hbox (badness 10000) in paragraph at lines 199--199
\OT1/cmr/m/n/10 sec-u-tive patches. Left: In-te-grated pres-sure drop vs $\OMS/
cmsy/m/n/10 R[]$ \OT1/cmr/m/n/10 times the to-tal Flux $\OML/cmm/m/it/10 Q$ \OT
1/cmr/m/n/10 Right:
 []


Overfull \hbox (12.32518pt too wide) in paragraph at lines 204--205
[]\OT1/cmr/m/n/10 Since we ob-tain a range of com-plex shapes for $\OMS/cmsy/m/
n/10 S$ \OT1/cmr/m/n/10 the ob-tained val-ues for $\OML/cmm/m/it/10 []$ \OT1/c
mr/m/n/10 are ex- 
 []


Overfull \hbox (7.01556pt too wide) in paragraph at lines 204--205
\OT1/cmr/m/n/10 pected to be an av-er-age. There-fore it is in-ter-est-ing to t
est the ro-bust-ness of the lin-ear- 
 []


Overfull \hbox (0.47736pt too wide) in paragraph at lines 210--211
[]\OT1/cmr/m/n/10 The fit-ting re-sulted in three val-ues for $\OML/cmm/m/it/10
  \OT1/cmr/m/n/10 = 0\OML/cmm/m/it/10 :\OT1/cmr/m/n/10 44\OML/cmm/m/it/10 ; \O
T1/cmr/m/n/10 0\OML/cmm/m/it/10 :\OT1/cmr/m/n/10 58$ and $0\OML/cmm/m/it/10 :\O
T1/cmr/m/n/10 99$. Ad-di-tion-ally the 
 []


Overfull \hbox (10.71297pt too wide) in paragraph at lines 210--211
\OT1/cmr/m/n/10 tion of $\OMS/cmsy/m/n/10 C$ \OT1/cmr/m/n/10 is rea-son-able. H
ow-ever it can in-di-cate that non-linear con-tri-bu-tions of $\OMS/cmsy/m/n/10
 C$ \OT1/cmr/m/n/10 could 
 []


Overfull \hbox (11.48793pt too wide) in paragraph at lines 210--211
\OT1/cmr/m/n/10 be present but are ex-pected to be rel-a-tively small. A model 
in-clud-ing a quadratic term, 
 []


Overfull \hbox (0.12683pt too wide) in paragraph at lines 210--211
\OT1/cmr/m/n/10 re-ported in the SI, gives the same per-for-mance, but with an 
ad-di-tional fit pa-ram-e-ter. 
 []


Overfull \hbox (12.0329pt too wide) in paragraph at lines 210--211
\OT1/cmr/m/n/10 With the re-stric-tion on the val-ues for $\OML/cmm/m/it/10  \
OMS/cmsy/m/n/10 ^^T \OT1/cmr/m/n/10 0$ the RM-SREs are higher than for the mode
l 
 []


Overfull \hbox (5.08087pt too wide) in paragraph at lines 210--211
\OT1/cmr/m/n/10 re-sult-ing from fit-ting Eq. 11[] (with $\OML/cmm/m/it/10 [] 
\OT1/cmr/m/n/10 = 0$). This is re-flected in a cen-tral spread of $\OMS/cmsy/m/
n/10 R[]$ 
 []


Overfull \hbox (7.5433pt too wide) in paragraph at lines 210--211
\OT1/cmr/m/n/10 the $1 : 1$ line. The Pear-son cor-re-la-tion co-ef-fi-cients o
f the uni-form model are sim-i-lar (al- 
 []


Overfull \hbox (3.3108pt too wide) in paragraph at lines 210--211
\OT1/cmr/m/n/10 though slightly im-proved), given by $\OML/cmm/m/it/10 R[] \OT1
/cmr/m/n/10 = 0\OML/cmm/m/it/10 :\OT1/cmr/m/n/10 98\OML/cmm/m/it/10 ; \OT1/cmr/
m/n/10 0\OML/cmm/m/it/10 :\OT1/cmr/m/n/10 99$ and $0\OML/cmm/m/it/10 :\OT1/cmr/
m/n/10 96$, in-di-cat-ing a sim-i-lar per- 
 []


Overfull \hbox (7.48793pt too wide) in paragraph at lines 210--211
\OT1/cmr/m/n/10 for-mance. All mod-els and their pa-ram-e-ters in-clud-ing per-
for-mances are listed in the SI.  
 []

[11] [12 <./figures/infi_dpdx_combined.pdf> <./figures/integral_R_combined.pdf

pdfTeX warning: pdflatex (file ./figures/integral_R_combined.pdf): PDF inclusio
n: multiple pdfs with page group included in a single page
>]
Overfull \hbox (5.53082pt too wide) in paragraph at lines 213--214
[]\OT1/cmr/m/n/10 The es-ti-mates of sur-face area $\OML/cmm/m/it/10 A$ \OT1/cm
r/m/n/10 and cir-cu-lar-ity $\OMS/cmsy/m/n/10 C$ \OT1/cmr/m/n/10 have some in-t
rin-sic er-rors. The 
 []


Overfull \hbox (21.96011pt too wide) in paragraph at lines 213--214
\OT1/cmr/m/n/10 sur-face ar-eas are known to be un-der-es-ti-mated by the re-mo
val of noisy area patches, which 
 []


Overfull \hbox (25.55876pt too wide) in paragraph at lines 213--214
\OT1/cmr/m/n/10 leads to an over-es-ti-ma-tion of about $2%$ of all the pre-sen
ted mod-els. The er-ror in $\OMS/cmsy/m/n/10 C$ \OT1/cmr/m/n/10 is much 
 []


Overfull \hbox (16.09903pt too wide) in paragraph at lines 213--214
\OT1/cmr/m/n/10 harder to es-ti-mate. A sen-si-tiv-ity study on the con-tour va
lue $\OMS/cmsy/m/n/10 j\OT1/cmr/bx/n/10 u\OMS/cmsy/m/n/10 j$ \OT1/cmr/m/n/10 ha
s been per-formed, but 
 []


Overfull \hbox (5.11626pt too wide) in paragraph at lines 213--214
\OT1/cmr/m/n/10 shows only topo-log-i-cal de-pen-den-cies (see SI). Ob-tain-ing
 val-ues for $\OML/cmm/m/it/10 ^^L > \OT1/cmr/m/n/10 1$ sug-gests that 
 []


Overfull \hbox (4.406pt too wide) in paragraph at lines 213--214
\OT1/cmr/m/n/10 in the ab-sence of non-lin-ear con-tri-bu-tions, $\OMS/cmsy/m/n
/10 C$ \OT1/cmr/m/n/10 would be un-der-es-ti-mated. Given that this 
 []


Overfull \hbox (18.63843pt too wide) in paragraph at lines 213--214
\OT1/cmr/m/n/10 is not likely, draw-ing a quan-ti-ta-tive con-clu-sion for $\OM
L/cmm/m/it/10 []$ \OT1/cmr/m/n/10 or $\OML/cmm/m/it/10 $ \OT1/cmr/m/n/10 in t
he con-sis-tent model should 
 []


Overfull \hbox (10.62668pt too wide) in paragraph at lines 215--216
[]\OT1/cmr/m/n/10 The range of lo-cal re-sis-tances in Fig. 3[](bottom) show th
at low re-sis-tances are cor- 
 []


Overfull \hbox (9.531pt too wide) in paragraph at lines 215--216
\OT1/cmr/m/n/10 re-lated with high val-ues for $\OMS/cmsy/m/n/10 C$\OT1/cmr/m/n
/10 , and are poorly es-ti-mated by the HP model. These pores 
 []


Overfull \hbox (10.51566pt too wide) in paragraph at lines 215--216
\OT1/cmr/m/n/10 are cru-cial for pre-dict-ing pref-er-en-tial flow paths since 
they de-pend on the paths of least 
 []


Overfull \hbox (32.76566pt too wide) in paragraph at lines 215--216
\OT1/cmr/m/n/10 re-sis-tances through-out a net-work. For this pur-pose we have
 com-puted the RM-SRE weighted 
 []


Overfull \hbox (52.84912pt too wide) in paragraph at lines 215--216
\OT1/cmr/m/n/10 by the mean flux. We found a re-duc-tion from $86%\OML/cmm/m/it
/10 ; \OT1/cmr/m/n/10 60%\OML/cmm/m/it/10 ; \OT1/cmr/m/n/10 32%$ for the HP mod
el to $10%\OML/cmm/m/it/10 ; \OT1/cmr/m/n/10 12%\OML/cmm/m/it/10 ; \OT1/cmr/m/n
/10 13%$ 
 []


Overfull \hbox (17.76561pt too wide) in paragraph at lines 215--216
\OT1/cmr/m/n/10 for the new model for the three het-ero-ge-neous me-dia re-spec
-tively, which shows a re-mark- 
 []


Overfull \hbox (18.68236pt too wide) in paragraph at lines 220--221
[]\OT1/cmr/m/n/10 One of the most im-por-tant find-ings is that the pre-dic-tio
n of the re-sis-tance of a pore 
 []


Overfull \hbox (31.43524pt too wide) in paragraph at lines 220--221
\OT1/cmr/m/n/10 by $\OMS/cmsy/m/n/10 R[]$ \OT1/cmr/m/n/10 is highly un-der-es-t
i-mated with an av-er-age RM-SRE of $0\OML/cmm/m/it/10 :\OT1/cmr/m/n/10 45$. Th
is is most pro-nounced 
 []


Overfull \hbox (5.15453pt too wide) in paragraph at lines 220--221
\OT1/cmr/m/n/10 when the pores have a com-plex ge-om-e-try, which are usu-ally 
cor-re-lated with large pore 
 []


Overfull \hbox (16.65448pt too wide) in paragraph at lines 220--221
\OT1/cmr/m/n/10 ar-eas, see Fig. 3[]. An av-er-age un-der-es-ti-ma-tion of the 
re-sis-tances leads to an av-er-age over- 
 []


Overfull \hbox (11.34906pt too wide) in paragraph at lines 220--221
\OT1/cmr/m/n/10 es-ti-ma-tion of the mean fluxes in a net-work model. This will
 af-fect trans-port pre-dic-tions 
 []


Overfull \hbox (0.54347pt too wide) in paragraph at lines 220--221
\OT1/cmr/m/n/10 e.g. break-through times will be un-der-es-ti-mated []Dentz et 
al.[], 2018). Net-work mod-els 
 []


Overfull \hbox (2.12671pt too wide) in paragraph at lines 220--221
\OT1/cmr/m/n/10 such as []Alim et al.[], 2017), of-ten base their lo-cal re-sis
-tances on the small-est dis-tances 
 []


Overfull \hbox (11.76569pt too wide) in paragraph at lines 220--221
\OT1/cmr/m/n/10 to the porous me-dia bound-ary. In gen-eral this will un-der-es
-ti-mate the cross-sections and 
 []


Overfull \hbox (12.18231pt too wide) in paragraph at lines 220--221
\OT1/cmr/m/n/10 there-fore ob-tain higher re-sis-tances for the HP-based model,
 also re-duc-ing the er-ror with 
 []


Overfull \hbox (13.96013pt too wide) in paragraph at lines 220--221
\OT1/cmr/m/n/10 re-spect to our HP model. Since anoma-lous dif-fu-sion has been
 cor-re-lated with the de-gree 
 []


Overfull \hbox (9.87686pt too wide) in paragraph at lines 220--221
\OT1/cmr/m/n/10 of het-ero-gene-ity of the porous me-dia, it is im-por-tant tha
t low flux re-gions are in-cluded. 
 []


Overfull \hbox (6.23781pt too wide) in paragraph at lines 220--221
\OT1/cmr/m/n/10 The in-ac-cu-rate rep-re-sen-ta-tion of the low ve-loc-ity re-g
ions of larger cross-sectional ar-eas 
 []


Overfull \hbox (9.07126pt too wide) in paragraph at lines 220--221
\OT1/cmr/m/n/10 will there-fore con-tribute to poor es-ti-mates of anoma-lous l
ong res-i-dence times. Es-ti-mat- 
 []


Overfull \hbox (6.01567pt too wide) in paragraph at lines 220--221
\OT1/cmr/m/n/10 ing these res-i-dence times prop-erly is im-por-tant be-cause t
hey un-derly non-Fickian scal- 
 []


Overfull \hbox (7.9879pt too wide) in paragraph at lines 220--221
\OT1/cmr/m/n/10 ing be-hav-ior of the dis-per-sion of flow trac-ers []Dentz et 
al.[], 2018; Dentz & Tar-takovsky, 
 []


Underfull \vbox (badness 10000) has occurred while \output is active []

 [13]
Overfull \hbox (34.12679pt too wide) in paragraph at lines 222--223
[]\OT1/cmr/m/n/10 We ex-pect that our main re-sult can be found in other (ar-ti
-fi-cial) me-dia such as packed- 
 []


Overfull \hbox (0.8489pt too wide) in paragraph at lines 222--223
\OT1/cmr/m/n/10 beads, sand-stone and dis-or-dered me-dia, since iso-pressure s
ur-faces are ex-pected to be 
 []


Overfull \hbox (1.3768pt too wide) in paragraph at lines 222--223
\OT1/cmr/m/n/10 quite het-ero-ge-neous even if grains are reg-u-lar. In or-dere
d and/or high poros-ity me-dia 
 []


Overfull \hbox (10.79335pt too wide) in paragraph at lines 222--223
\OT1/cmr/m/n/10 we ex-pect iso-pressure sur-faces that are highly con-nected, s
im-i-lar such as in porous me- 
 []


Overfull \hbox (11.26566pt too wide) in paragraph at lines 222--223
\OT1/cmr/m/n/10 dia 1 from this pa-per, and some-times even con-sist-ing of a s
in-gu-lar patch. In these cases 
 []


Overfull \hbox (9.46022pt too wide) in paragraph at lines 222--223
\OT1/cmr/m/n/10 ex-tract-ing statis-tics can be chal-leng-ing. One pos-si-ble r
oad-map for sep-a-ra-tion of highly 
 []


Overfull \hbox (22.76555pt too wide) in paragraph at lines 222--223
\OT1/cmr/m/n/10 con-nected iso-pressure sur-faces into smaller patches could be
 a wa-ter-shed or Morse-Smale- 
 []


Overfull \hbox (13.40459pt too wide) in paragraph at lines 224--225
[]\OT1/cmr/m/n/10 One of the key ob-ser-va-tions of our work is the pos-si-bil-
ity of in-tro-duc-ing a lo-cal ge- 
 []


Overfull \hbox (10.6268pt too wide) in paragraph at lines 224--225
\OT1/cmr/m/n/10 o-met-ric fac-tor that pro-vides for the ra-tio of pres-sure di
f-fer-ence and mass flux in a given 
 []


Overfull \hbox (26.32124pt too wide) in paragraph at lines 224--225
\OT1/cmr/m/n/10 pore. The fac-tor de-pends on the con-sid-ered pore and not the
 rest of the com-pli-cated shape 
 []


Overfull \hbox (7.98804pt too wide) in paragraph at lines 224--225
\OT1/cmr/m/n/10 of the medium bound-ary. The non-triviality of this ob-ser-va-t
ion is made trans-par-ent by 
 []


Overfull \hbox (8.73793pt too wide) in paragraph at lines 224--225
\OT1/cmr/m/n/10 em-ploy-ing the bound-ary in-te-gral rep-re-sen-ta-tion which i
s equiv-a-lent to the Stokes equa- 
 []


Overfull \hbox (25.18231pt too wide) in paragraph at lines 224--225
\OT1/cmr/m/n/10 tions obeyed by the flow. The rep-re-sen-ta-tion gives the flow
 as an in-te-gral over the medium 
 []


Overfull \hbox (1.5711pt too wide) in paragraph at lines 224--225
\OT1/cmr/m/n/10 sur-face where the points of the sur-face ap-pear as sources th
at pro-duce the flow as su- 
 []


Overfull \hbox (28.04346pt too wide) in paragraph at lines 224--225
\OT1/cmr/m/n/10 per-po-si-tion. The ``charge" of such sources is pro-por-tional
 to the stress ten-sor at the bound- 
 []


Overfull \hbox (1.94615pt too wide) in paragraph at lines 224--225
\OT1/cmr/m/n/10 ary and the flow that each charge in-duces in space is given by
 an ap-pro-pri-ate Green's 
 []


Overfull \hbox (3.26573pt too wide) in paragraph at lines 224--225
\OT1/cmr/m/n/10 func-tion, see e.g. []Pozrikidis, 1992). Our re-sult demon-stra
tes that con-tri-bu-tions other 
 []


Overfull \hbox (4.59903pt too wide) in paragraph at lines 224--225
\OT1/cmr/m/n/10 than those from the bound-ary of the con-sid-ered pore can be n
e-glected in the su-per-po- 
 []


Overfull \hbox (21.5434pt too wide) in paragraph at lines 224--225
\OT1/cmr/m/n/10 si-tion. The mech-a-nism by which this oc-curs, con-sists of bo
th screen-ing ef-fect and de-struc- 
 []


Overfull \hbox (14.01555pt too wide) in paragraph at lines 224--225
\OT1/cmr/m/n/10 tive in-ter-fer-ence be-tween dif-fer-ent pores. This de-serves
 fur-ther stud-ies which are be-yond 
 []


Overfull \hbox (13.29272pt too wide) in paragraph at lines 224--225
\OT1/cmr/m/n/10 our scope here. We have used cir-cu-lar-ity, as a sin-gle mea-s
ure for the shape of $\OMS/cmsy/m/n/10 S\OT1/cmr/m/n/10 (\OML/cmm/m/it/10 p\OT1
/cmr/m/n/10 )[]$, but 
 []


Overfull \hbox (6.51563pt too wide) in paragraph at lines 224--225
\OT1/cmr/m/n/10 to im-prove on this re-sult it might be nec-es-sary to in-clude
 other shape pa-ram-e-ters such 
 []


Overfull \hbox (22.90396pt too wide) in paragraph at lines 224--225
\OT1/cmr/m/n/10 as cur-va-tures mea-sures of $\OMS/cmsy/m/n/10 S\OT1/cmr/m/n/10
 (\OML/cmm/m/it/10 p\OT1/cmr/m/n/10 )[]$, which may lead to non-linear be-hav-i
or in a cir-cuit model.  
 []


Overfull \hbox (17.21028pt too wide) in paragraph at lines 226--227
[]\OT1/cmr/m/n/10 Although the pro-posed def-i-ni-tion of in-di-vid-ual pores d
eals nat-u-rally with junc-tions, 
 []


Overfull \hbox (0.1268pt too wide) in paragraph at lines 226--227
\OT1/cmr/m/n/10 a straight for-ward pore-network im-ple-men-ta-tion is still mi
ss-ing. This is partly due to 
 []


Overfull \hbox (10.65456pt too wide) in paragraph at lines 226--227
\OT1/cmr/m/n/10 the ex-clu-sion of iso-pressure patches that are sin-gu-lar, an
d have no neigh-bor-ing patches 
 []


Overfull \hbox (8.54346pt too wide) in paragraph at lines 226--227
\OT1/cmr/m/n/10 due to rapid chang-ing topolo-gies. The ra-tios of ex-cluded su
r-face area patches are given 
 []


Overfull \hbox (6.01564pt too wide) in paragraph at lines 226--227
\OT1/cmr/m/n/10 by $18%\OML/cmm/m/it/10 ; \OT1/cmr/m/n/10 26%$ and $2%$, which,
 at least for the first two porous me-dia, pre-vents a con-tin- 
 []


Overfull \hbox (20.95319pt too wide) in paragraph at lines 226--227
\OT1/cmr/m/n/10 u-ous in-te-gra-tion of the network-topology. One pos-si-ble so
-lu-tion is to de-crease $\OML/cmm/m/it/10 ^^Np$ \OT1/cmr/m/n/10 and con- 
 []


Overfull \hbox (0.68234pt too wide) in paragraph at lines 226--227
\OT1/cmr/m/n/10 se-quen-tially also in-creas-ing the res-o-lu-tion of the DNS. 
An al-ter-na-tive op-tion is to use 
 []


Overfull \hbox (2.19621pt too wide) in paragraph at lines 226--227
\OT1/cmr/m/n/10 a sta-tis-ti-cal net-work rep-re-sen-ta-tion based on our re-su
lts. Given that the dis-tri-bu-tions 
 []


Overfull \hbox (9.26569pt too wide) in paragraph at lines 226--227
\OT1/cmr/m/n/10 of the re-sis-tances show sim-i-lar-ity with a log-normal dis-t
ri-bu-tion (see SI), a path-way for 
 []


Underfull \vbox (badness 10000) has occurred while \output is active []

 [14]
Overfull \hbox (7.73784pt too wide) in paragraph at lines 229--230
[]\OT1/cmr/m/n/10 We have pro-posed a new iso-pressure sur-face based def-i-ni-
tion for in-di-vid-ual pores 
 []


Overfull \hbox (0.65463pt too wide) in paragraph at lines 229--230
\OT1/cmr/m/n/10 in het-ero-ge-neous porous me-dia with the aim of mea-sur-ing a
nd mod-el-ing the lo-cal hy- 
 []


Overfull \hbox (13.23785pt too wide) in paragraph at lines 229--230
\OT1/cmr/m/n/10 draulic re-sis-tance which can po-ten-tially be used in a pore-
network model. This new def- 
 []


Overfull \hbox (5.73793pt too wide) in paragraph at lines 229--230
\OT1/cmr/m/n/10 i-ni-tion uses the con-stant flux as con-straint on the length 
of the pore. The def-i-ni-tion of 
 []


Overfull \hbox (13.57115pt too wide) in paragraph at lines 229--230
\OT1/cmr/m/n/10 the pores al-lows us to es-ti-mate the lo-cal hy-draulic re-sis
-tance in terms of the vis-cous dis- 
 []


Overfull \hbox (3.34903pt too wide) in paragraph at lines 229--230
\OT1/cmr/m/n/10 si-pa-tion ten-sor. This can be mod-eled by Eq. (11[]) con-tain
-ing the cir-cu-lar-ity of the iso- 
 []


Overfull \hbox (13.6268pt too wide) in paragraph at lines 229--230
\OT1/cmr/m/n/10 pressure sur-faces. This model sig-nif-i-cantly im-proves the H
agen-Poiseuille model for high 
 []


Overfull \hbox (12.65456pt too wide) in paragraph at lines 233--234
\OT1/cmr/m/n/10 Q. Krol ac-knowl-edges dr. H.L^^?owe for valu-able dis-cus-sion
s and M. Holzner ac-knowl-edges 
 []

(./GRL_PM_flow_local_resistance_v4.bbl
Underfull \hbox (badness 2435) in paragraph at lines 17--34
[]\OT1/cmr/m/n/10 Alim, K., Parsa, S., Weitz, D. A., & Bren-ner, M. P.  (2017, 
Oc-to-ber).  Lo-cal Pore 
 []


Underfull \hbox (badness 4341) in paragraph at lines 17--34
\OT1/cmr/m/n/10 Size Cor-re-la-tions De-ter-mine Flow Dis-tri-bu-tions in Porou
s Me-dia.  \OT1/cmr/m/it/10 Phys. Rev. 
 []


Underfull \hbox (badness 1661) in paragraph at lines 130--145
\OT1/cmr/m/n/10 port in het-ero-ge-neous me-dia.  \OT1/cmr/m/it/10 Geo-phys-i-c
al Re-search Let-ters\OT1/cmr/m/n/10 , \OT1/cmr/m/it/10 33\OT1/cmr/m/n/10 (16).
  doi: $10 [] 
 []

[15]
Underfull \hbox (badness 5091) in paragraph at lines 210--224
\OT1/cmr/m/n/10 with nonuni-form pores.  \OT1/cmr/m/it/10 AIChE Jour-nal\OT1/cm
r/m/n/10 , \OT1/cmr/m/it/10 16\OT1/cmr/m/n/10 (3), 477--483.  doi: $10 [] .1002
 / aic [] 
 []


Underfull \hbox (badness 10000) in paragraph at lines 260--277
\OT1/cmr/m/n/10 La-grangian ve-loc-i-ties and ac-cel-er-a-tions in three-dimens
ional porous medium 
 []


Underfull \hbox (badness 2065) in paragraph at lines 291--307
[]\OT1/cmr/m/n/10 Hyman, J. D., Smo-larkiewicz, P. K., & Win-ter, C. L.  (2012,
 Novem-ber).  Het-ero- 
 []


Underfull \hbox (badness 4913) in paragraph at lines 321--335
\OT1/cmr/m/n/10 me-abil-ity in porous rock.  \OT1/cmr/m/it/10 Phys. Rev. B\OT1/
cmr/m/n/10 , \OT1/cmr/m/it/10 34\OT1/cmr/m/n/10 (11), 8179--8181.  doi: $10 [] 
.1103 / 
 []


Underfull \hbox (badness 10000) in paragraph at lines 350--367
[]\OT1/cmr/m/n/10 Kutsovsky, Y. E., Scriven, L. E., Davis, H. T., & Ham-mer, B.
 E.  (1996, April). 
 []


Underfull \hbox (badness 10000) in paragraph at lines 350--367
\OT1/cmr/m/n/10 NMR imag-ing of ve-loc-ity pro-files and ve-loc-ity dis-tri-bu-
tions in bead packs. 
 []


Underfull \hbox (badness 10000) in paragraph at lines 383--403
[]\OT1/cmr/m/n/10 Le Borgne, T., Bol-ster, D., Dentz, M., de Anna, P., & Tar-ta
kovsky, A.  (2011, De- 
 []


Underfull \hbox (badness 10000) in paragraph at lines 383--403
\OT1/cmr/m/n/10 time ran-dom walk ap-proach: EF-FEC-TIVE PORE-SCALE DIS-PER-SIO
N 
 []


Underfull \hbox (badness 10000) in paragraph at lines 450--467
\OT1/cmr/m/n/10 Poiseuille flow: Shape de-pen-dence of the hy-draulic re-sis-ta
nce in mi-crochan-nels. 
 []


Underfull \hbox (badness 10000) in paragraph at lines 479--493
[]\OT1/cmr/m/n/10 Pozrikidis, C.  (1992).  \OT1/cmr/m/it/10 Bound-ary In-te-gra
l and Sin-gu-lar-ity Meth-ods for Lin- 
 []


Underfull \hbox (badness 10000) in paragraph at lines 479--493
\OT1/cmr/m/it/10 earized Vis-cous Flow\OT1/cmr/m/n/10 .  Cam-bridge: Cam-bridge
 Uni-ver-sity Press.  doi: 
 []


Underfull \vbox (badness 10000) has occurred while \output is active []

 [16]
Underfull \hbox (badness 1881) in paragraph at lines 530--542
[]\OT1/cmr/m/n/10 Scheidegger, A. E.  (1974).  \OT1/cmr/m/it/10 The Physics of 
Flow Through Porous Me-dia (3rd Edi- 
 []


Underfull \hbox (badness 3417) in paragraph at lines 556--576
[]\OT1/cmr/m/n/10 Schroeder, W., Mar-tin, K., & Lorensen, B.  (2006).  \OT1/cmr
/m/it/10 The vi-su-al-iza-tion toolkit: An 
 []


Underfull \hbox (badness 10000) in paragraph at lines 556--576
\OT1/cmr/m/it/10 object-oriented ap-proach to 3D graph-ics ; [vi-su-al-ize data
 in 3D - med-i-cal, en- 
 []


Underfull \hbox (badness 10000) in paragraph at lines 556--576
\OT1/cmr/m/it/10 gi-neer-ing or sci-en-tific ; build your own ap-pli-ca-tions w
ith C++, Tcl, Java or 
 []


Underfull \hbox (badness 10000) in paragraph at lines 556--576
\OT1/cmr/m/it/10 Python ; in-cludes source code for VTK (sup-ports Unix, Win-do
ws and Mac) \OT1/cmr/m/n/10 (4. 
 []


Underfull \hbox (badness 10000) in paragraph at lines 592--611
[]\OT1/cmr/m/n/10 Siena, M., Riva, M., Hy-man, J. D., Win-ter, C. L., & Guadagn
ini, A.  (2014). 
 []


Underfull \hbox (badness 10000) in paragraph at lines 592--611
\OT1/cmr/m/n/10 Re-la-tion-ship be-tween pore size and ve-loc-ity prob-a-bil-it
y dis-tri-bu-tions in 
 []


Underfull \hbox (badness 6792) in paragraph at lines 592--611
\OT1/cmr/m/n/10 stochas-ti-cally gen-er-ated porous me-dia.  \OT1/cmr/m/it/10 P
hys. Rev. E\OT1/cmr/m/n/10 , \OT1/cmr/m/it/10 89\OT1/cmr/m/n/10 (1), 013018.  d
oi: 
 []


Underfull \hbox (badness 1596) in paragraph at lines 649--664
\OT1/cmr/m/n/10 from pore-scale fluid me-chan-ics.  \OT1/cmr/m/it/10 AIChE Jour
-nal\OT1/cmr/m/n/10 , \OT1/cmr/m/it/10 43\OT1/cmr/m/n/10 (6), 1377--1389.  doi:
 $10 [] 
 []


Underfull \hbox (badness 10000) in paragraph at lines 680--698
\OT1/cmr/m/n/10 The Topol-ogy ToolKit.  \OT1/cmr/m/it/10 IEEE Trans-ac-tions on
 Vi-su-al-iza-tion and Com-puter 
 []


Underfull \hbox (badness 2744) in paragraph at lines 713--730
[]\OT1/cmr/m/n/10 Weller, H. G., Ta-bor, G., Jasak, H., & Fureby, C.  (1998, De
-cem-ber).  A ten-so-rial 
 []


Underfull \hbox (badness 10000) in paragraph at lines 713--730
\OT1/cmr/m/n/10 ap-proach to com-pu-ta-tional con-tin-uum me-chan-ics us-ing ob
ject-oriented tech- 
 []


Underfull \hbox (badness 2020) in paragraph at lines 742--758
[]\OT1/cmr/m/n/10 Wilcox, R. R.  (2009, Novem-ber).  Com-par-ing Pear-son Cor-r
e-la-tions: Deal-ing with 
 []


Underfull \hbox (badness 7047) in paragraph at lines 772--790
[]\OT1/cmr/m/n/10 Xiong, Q., Bay-chev, T. G., & Jivkov, A. P.  (2016, Septem-be
r).  Re-view of pore 
 []


Underfull \hbox (badness 10000) in paragraph at lines 772--790
\OT1/cmr/m/n/10 net-work mod-elling of porous me-dia: Ex-per-i-men-tal char-ac-
ter-i-sa-tions, net-work 
 []


Underfull \hbox (badness 1852) in paragraph at lines 772--790
\OT1/cmr/m/n/10 con-struc-tions and ap-pli-ca-tions to re-ac-tive trans-port.  
\OT1/cmr/m/it/10 Jour-nal of Con-tam-i-nant 
 []

) [17] (./GRL_PM_flow_local_resistance_v4.aux)

LaTeX Font Warning: Size substitutions with differences
(Font)              up to 0.45pt have occurred.


LaTeX Warning: There were undefined references.

 ) 
Here is how much of TeX's memory you used:
 4516 strings out of 492995
 69138 string characters out of 6132704
 142892 words of memory out of 5000000
 8000 multiletter control sequences out of 15000+600000
 9373 words of font info for 33 fonts, out of 8000000 for 9000
 1147 hyphenation exceptions out of 8191
 43i,9n,38p,2957b,337s stack positions out of 5000i,500n,10000p,200000b,80000s
</usr/local/texlive/2017/texmf-dist/fonts/type1/public/amsfonts/cm/cmbx10.pfb
></usr/local/texlive/2017/texmf-dist/fonts/type1/public/amsfonts/cm/cmbx12.pfb>
</usr/local/texlive/2017/texmf-dist/fonts/type1/public/amsfonts/cm/cmex10.pfb><
/usr/local/texlive/2017/texmf-dist/fonts/type1/public/amsfonts/cm/cmmi10.pfb></
usr/local/texlive/2017/texmf-dist/fonts/type1/public/amsfonts/cm/cmmi12.pfb></u
sr/local/texlive/2017/texmf-dist/fonts/type1/public/amsfonts/cm/cmmi5.pfb></usr
/local/texlive/2017/texmf-dist/fonts/type1/public/amsfonts/cm/cmmi7.pfb></usr/l
ocal/texlive/2017/texmf-dist/fonts/type1/public/amsfonts/cm/cmr10.pfb></usr/loc
al/texlive/2017/texmf-dist/fonts/type1/public/amsfonts/cm/cmr12.pfb></usr/local
/texlive/2017/texmf-dist/fonts/type1/public/amsfonts/cm/cmr17.pfb></usr/local/t
exlive/2017/texmf-dist/fonts/type1/public/amsfonts/cm/cmr5.pfb></usr/local/texl
ive/2017/texmf-dist/fonts/type1/public/amsfonts/cm/cmr6.pfb></usr/local/texlive
/2017/texmf-dist/fonts/type1/public/amsfonts/cm/cmr7.pfb></usr/local/texlive/20
17/texmf-dist/fonts/type1/public/amsfonts/cm/cmr8.pfb></usr/local/texlive/2017/
texmf-dist/fonts/type1/public/amsfonts/cm/cmr9.pfb></usr/local/texlive/2017/tex
mf-dist/fonts/type1/public/amsfonts/cm/cmss8.pfb></usr/local/texlive/2017/texmf
-dist/fonts/type1/public/amsfonts/cm/cmsy10.pfb></usr/local/texlive/2017/texmf-
dist/fonts/type1/public/amsfonts/cm/cmsy5.pfb></usr/local/texlive/2017/texmf-di
st/fonts/type1/public/amsfonts/cm/cmsy7.pfb></usr/local/texlive/2017/texmf-dist
/fonts/type1/public/amsfonts/cm/cmti10.pfb></usr/local/texlive/2017/texmf-dist/
fonts/type1/public/amsfonts/cm/cmti9.pfb></usr/local/texlive/2017/texmf-dist/fo
nts/type1/public/amsfonts/cm/cmtt9.pfb>
Output written on GRL_PM_flow_local_resistance_v4.pdf (17 pages, 4958974 bytes)
.
PDF statistics:
 217 PDF objects out of 1000 (max. 8388607)
 153 compressed objects within 2 object streams
 0 named destinations out of 1000 (max. 500000)
 31 words of extra memory for PDF output out of 10000 (max. 10000000)

