This is pdfTeX, Version 3.14159265-2.6-1.40.18 (TeX Live 2017) (preloaded format=pdflatex 2017.10.4)  19 AUG 2020 12:10
entering extended mode
 restricted \write18 enabled.
 %&-line parsing enabled.
**GRL_PM_flow_local_resistance_v1.tex
(./GRL_PM_flow_local_resistance_v1.tex
LaTeX2e <2017-04-15>
Babel <3.10> and hyphenation patterns for 84 language(s) loaded.
(./agujournal2019.cls
Document Class: agujournal2019 01/14/2019
(/usr/local/texlive/2017/texmf-dist/tex/latex/graphics/graphicx.sty
Package: graphicx 2014/10/28 v1.0g Enhanced LaTeX Graphics (DPC,SPQR)

(/usr/local/texlive/2017/texmf-dist/tex/latex/graphics/keyval.sty
Package: keyval 2014/10/28 v1.15 key=value parser (DPC)
\KV@toks@=\toks14
)
(/usr/local/texlive/2017/texmf-dist/tex/latex/graphics/graphics.sty
Package: graphics 2017/04/14 v1.1b Standard LaTeX Graphics (DPC,SPQR)

(/usr/local/texlive/2017/texmf-dist/tex/latex/graphics/trig.sty
Package: trig 2016/01/03 v1.10 sin cos tan (DPC)
)
(/usr/local/texlive/2017/texmf-dist/tex/latex/graphics-cfg/graphics.cfg
File: graphics.cfg 2016/06/04 v1.11 sample graphics configuration
)
Package graphics Info: Driver file: pdftex.def on input line 99.

(/usr/local/texlive/2017/texmf-dist/tex/latex/graphics-def/pdftex.def
File: pdftex.def 2017/01/12 v0.06k Graphics/color for pdfTeX

(/usr/local/texlive/2017/texmf-dist/tex/generic/oberdiek/infwarerr.sty
Package: infwarerr 2016/05/16 v1.4 Providing info/warning/error messages (HO)
)
(/usr/local/texlive/2017/texmf-dist/tex/generic/oberdiek/ltxcmds.sty
Package: ltxcmds 2016/05/16 v1.23 LaTeX kernel commands for general use (HO)
)
\Gread@gobject=\count79
))
\Gin@req@height=\dimen102
\Gin@req@width=\dimen103
)
(/usr/local/texlive/2017/texmf-dist/tex/latex/xcolor/xcolor.sty
Package: xcolor 2016/05/11 v2.12 LaTeX color extensions (UK)

(/usr/local/texlive/2017/texmf-dist/tex/latex/graphics-cfg/color.cfg
File: color.cfg 2016/01/02 v1.6 sample color configuration
)
Package xcolor Info: Driver file: pdftex.def on input line 225.
Package xcolor Info: Model `cmy' substituted by `cmy0' on input line 1348.
Package xcolor Info: Model `hsb' substituted by `rgb' on input line 1352.
Package xcolor Info: Model `RGB' extended on input line 1364.
Package xcolor Info: Model `HTML' substituted by `rgb' on input line 1366.
Package xcolor Info: Model `Hsb' substituted by `hsb' on input line 1367.
Package xcolor Info: Model `tHsb' substituted by `hsb' on input line 1368.
Package xcolor Info: Model `HSB' substituted by `hsb' on input line 1369.
Package xcolor Info: Model `Gray' substituted by `gray' on input line 1370.
Package xcolor Info: Model `wave' substituted by `hsb' on input line 1371.
)
(/usr/local/texlive/2017/texmf-dist/tex/latex/url/url.sty
\Urlmuskip=\muskip10
Package: url 2013/09/16  ver 3.4  Verb mode for urls, etc.
)
(/usr/local/texlive/2017/texmf-dist/tex/latex/lineno/lineno.sty
Package: lineno 2005/11/02 line numbers on paragraphs v4.41
\linenopenalty=\count80
\output=\toks15
\linenoprevgraf=\count81
\linenumbersep=\dimen104
\linenumberwidth=\dimen105
\c@linenumber=\count82
\c@pagewiselinenumber=\count83
\c@LN@truepage=\count84
\c@internallinenumber=\count85
\c@internallinenumbers=\count86
\quotelinenumbersep=\dimen106
\bframerule=\dimen107
\bframesep=\dimen108
\bframebox=\box26
LaTeX Info: Redefining \\ on input line 3056.
)
(/usr/local/texlive/2017/texmf-dist/tex/latex/tools/indentfirst.sty
Package: indentfirst 1995/11/23 v1.03 Indent first paragraph (DPC)
)
(/usr/local/texlive/2017/texmf-dist/tex/latex/ms/ragged2e.sty
Package: ragged2e 2009/05/21 v2.1 ragged2e Package (MS)

(/usr/local/texlive/2017/texmf-dist/tex/latex/ms/everysel.sty
Package: everysel 2011/10/28 v1.2 EverySelectfont Package (MS)
)
\CenteringLeftskip=\skip41
\RaggedLeftLeftskip=\skip42
\RaggedRightLeftskip=\skip43
\CenteringRightskip=\skip44
\RaggedLeftRightskip=\skip45
\RaggedRightRightskip=\skip46
\CenteringParfillskip=\skip47
\RaggedLeftParfillskip=\skip48
\RaggedRightParfillskip=\skip49
\JustifyingParfillskip=\skip50
\CenteringParindent=\skip51
\RaggedLeftParindent=\skip52
\RaggedRightParindent=\skip53
\JustifyingParindent=\skip54
)
(/usr/local/texlive/2017/texmf-dist/tex/latex/graphics/rotating.sty
Package: rotating 2016/08/11 v2.16d rotated objects in LaTeX

(/usr/local/texlive/2017/texmf-dist/tex/latex/base/ifthen.sty
Package: ifthen 2014/09/29 v1.1c Standard LaTeX ifthen package (DPC)
)
\c@r@tfl@t=\count87
\rotFPtop=\skip55
\rotFPbot=\skip56
\rot@float@box=\box27
\rot@mess@toks=\toks16
)
\draftskip=\count88
\c@section=\count89
\c@subsection=\count90
\c@subsubsection=\count91
\c@paragraph=\count92
\c@subparagraph=\count93
\c@figure=\count94
\c@table=\count95
\abovecaptionskip=\skip57
\belowcaptionskip=\skip58
\c@appendnum=\count96
\bibindent=\dimen109

(/usr/local/texlive/2017/texmf-dist/tex/latex/apacite/apacite.sty
Package: apacite 2013/07/21 v6.03 APA citation
\c@BibCnt=\count97
\bibleftmargin=\skip59
\bibindent=\skip60
\bibparsep=\skip61
\bibitemsep=\skip62
\biblabelsep=\skip63
))
(./trackchanges.sty
Package: trackchanges 2009/04/22 v0.7.0 TrackChanges file 

(/usr/local/texlive/2017/texmf-dist/tex/latex/tools/calc.sty
Package: calc 2014/10/28 v4.3 Infix arithmetic (KKT,FJ)
\calc@Acount=\count98
\calc@Bcount=\count99
\calc@Adimen=\dimen110
\calc@Bdimen=\dimen111
\calc@Askip=\skip64
\calc@Bskip=\skip65
LaTeX Info: Redefining \setlength on input line 80.
LaTeX Info: Redefining \addtolength on input line 81.
\calc@Ccount=\count100
\calc@Cskip=\skip66
)
(/usr/local/texlive/2017/texmf-dist/tex/latex/soul/soul.sty
Package: soul 2003/11/17 v2.4 letterspacing/underlining (mf)
\SOUL@word=\toks17
\SOUL@lasttoken=\toks18
\SOUL@cmds=\toks19
\SOUL@buffer=\toks20
\SOUL@token=\toks21
\SOUL@spaceskip=\skip67
\SOUL@ttwidth=\dimen112
\SOUL@uldp=\dimen113
\SOUL@ulht=\dimen114
)
(/usr/local/texlive/2017/texmf-dist/tex/latex/morefloats/morefloats.sty
Package: morefloats 2015/07/22 v1.0h Raise limit of unprocessed floats (HMM)

(/usr/local/texlive/2017/texmf-dist/tex/latex/oberdiek/kvoptions.sty
Package: kvoptions 2016/05/16 v3.12 Key value format for package options (HO)

(/usr/local/texlive/2017/texmf-dist/tex/generic/oberdiek/kvsetkeys.sty
Package: kvsetkeys 2016/05/16 v1.17 Key value parser (HO)

(/usr/local/texlive/2017/texmf-dist/tex/generic/oberdiek/etexcmds.sty
Package: etexcmds 2016/05/16 v1.6 Avoid name clashes with e-TeX commands (HO)

(/usr/local/texlive/2017/texmf-dist/tex/generic/oberdiek/ifluatex.sty
Package: ifluatex 2016/05/16 v1.4 Provides the ifluatex switch (HO)
Package ifluatex Info: LuaTeX not detected.
)
Package etexcmds Info: Could not find \expanded.
(etexcmds)             That can mean that you are not using pdfTeX 1.50 or
(etexcmds)             that some package has redefined \expanded.
(etexcmds)             In the latter case, load this package earlier.
)))
Package morefloats Info: Maximum number of possible floats asked for: 36
(morefloats)             (i.e. 18 more floats).
(morefloats)             LaTeX might run out of memory before this
(morefloats)             (in which case it will notify you).
)
\c@userid=\count101
\c@changenumber=\count102
\c@storefootnote=\count103
\c@numeditors=\count104
\c@maxeditors=\count105
)
(/usr/local/texlive/2017/texmf-dist/tex/latex/caption/caption.sty
Package: caption 2016/02/21 v3.3-144 Customizing captions (AR)

(/usr/local/texlive/2017/texmf-dist/tex/latex/caption/caption3.sty
Package: caption3 2016/05/22 v1.7-166 caption3 kernel (AR)
Package caption3 Info: TeX engine: e-TeX on input line 67.
\captionmargin=\dimen115
\captionmargin@=\dimen116
\captionwidth=\dimen117
\caption@tempdima=\dimen118
\caption@indent=\dimen119
\caption@parindent=\dimen120
\caption@hangindent=\dimen121
Package caption Info: Unknown document class (or package),
(caption)             standard defaults will be used.
)

Package caption Warning: Unsupported document class (or package) detected,
(caption)                usage of the caption package is not recommended.
See the caption package documentation for explanation.

Package caption Info: \@makecaption = \long macro:#1#2->{\small \ifx \@captype 
\xfigure \vskip \abovecaptionskip \fi {\ifturnofflinenums \else \ifnumlines \in
ternallinenumbers \fi \fi \sbox \@tempboxa {\bf #1.\quad \rm #2}\ifdim \wd \@te
mpboxa >.9\hsize \bf #1.\quad \rm \relax #2\par \else {\centering \bf #1.\rm \q
uad #2 \vskip 1sp} \fi } \ifx \@captype \xfigure \else \vskip \belowcaptionskip
 \fi }.
\c@ContinuedFloat=\count106
Package caption Info: rotating package is loaded.
) (./GRL_PM_flow_local_resistance_v1.aux)
\openout1 = `GRL_PM_flow_local_resistance_v1.aux'.

LaTeX Font Info:    Checking defaults for OML/cmm/m/it on input line 39.
LaTeX Font Info:    ... okay on input line 39.
LaTeX Font Info:    Checking defaults for T1/cmr/m/n on input line 39.
LaTeX Font Info:    ... okay on input line 39.
LaTeX Font Info:    Checking defaults for OT1/cmr/m/n on input line 39.
LaTeX Font Info:    ... okay on input line 39.
LaTeX Font Info:    Checking defaults for OMS/cmsy/m/n on input line 39.
LaTeX Font Info:    ... okay on input line 39.
LaTeX Font Info:    Checking defaults for OMX/cmex/m/n on input line 39.
LaTeX Font Info:    ... okay on input line 39.
LaTeX Font Info:    Checking defaults for U/cmr/m/n on input line 39.
LaTeX Font Info:    ... okay on input line 39.

(/usr/local/texlive/2017/texmf-dist/tex/context/base/mkii/supp-pdf.mkii
[Loading MPS to PDF converter (version 2006.09.02).]
\scratchcounter=\count107
\scratchdimen=\dimen122
\scratchbox=\box28
\nofMPsegments=\count108
\nofMParguments=\count109
\everyMPshowfont=\toks22
\MPscratchCnt=\count110
\MPscratchDim=\dimen123
\MPnumerator=\count111
\makeMPintoPDFobject=\count112
\everyMPtoPDFconversion=\toks23
) (/usr/local/texlive/2017/texmf-dist/tex/generic/oberdiek/pdftexcmds.sty
Package: pdftexcmds 2017/03/19 v0.25 Utility functions of pdfTeX for LuaTeX (HO
)

(/usr/local/texlive/2017/texmf-dist/tex/generic/oberdiek/ifpdf.sty
Package: ifpdf 2017/03/15 v3.2 Provides the ifpdf switch
)
Package pdftexcmds Info: LuaTeX not detected.
Package pdftexcmds Info: \pdf@primitive is available.
Package pdftexcmds Info: \pdf@ifprimitive is available.
Package pdftexcmds Info: \pdfdraftmode found.
)
(/usr/local/texlive/2017/texmf-dist/tex/latex/oberdiek/epstopdf-base.sty
Package: epstopdf-base 2016/05/15 v2.6 Base part for package epstopdf

(/usr/local/texlive/2017/texmf-dist/tex/latex/oberdiek/grfext.sty
Package: grfext 2016/05/16 v1.2 Manage graphics extensions (HO)

(/usr/local/texlive/2017/texmf-dist/tex/generic/oberdiek/kvdefinekeys.sty
Package: kvdefinekeys 2016/05/16 v1.4 Define keys (HO)
))
Package epstopdf-base Info: Redefining graphics rule for `.eps' on input line 4
38.
Package grfext Info: Graphics extension search list:
(grfext)             [.png,.pdf,.jpg,.mps,.jpeg,.jbig2,.jb2,.PNG,.PDF,.JPG,.JPE
G,.JBIG2,.JB2,.eps]
(grfext)             \AppendGraphicsExtensions on input line 456.

(/usr/local/texlive/2017/texmf-dist/tex/latex/latexconfig/epstopdf-sys.cfg
File: epstopdf-sys.cfg 2010/07/13 v1.3 Configuration of (r)epstopdf for TeX Liv
e
))
ABD: EverySelectfont initializing macros
LaTeX Info: Redefining \selectfont on input line 39.
\c@maskedRefs=\count113

(/usr/local/texlive/2017/texmf-dist/tex/latex/apacite/english.apc
File: english.apc 2013/07/21 v6.03 apacite language file
LaTeX Info: Redefining \BPBI on input line 129.
LaTeX Info: Redefining \BHBI on input line 130.
)
Package caption Info: Begin \AtBeginDocument code.
Package caption Info: Incompatible package detected (regarding \@caption).
(caption)             \@caption = \long macro:#1[#2]#3->\par \begingroup \@parb
oxrestore \normalsize \linenumbers \@makecaption {\csname fnum@#1\endcsname }{\
ignorespaces #3}\par \endgroup .


Package caption Warning: \caption will not be redefined since it's already
(caption)                redefined by a document class or package which is
(caption)                unknown to the caption package.
See the caption package documentation for explanation.

Package caption Info: End \AtBeginDocument code.
LaTeX Font Info:    External font `cmex10' loaded for size
(Font)              <7> on input line 46.
LaTeX Font Info:    External font `cmex10' loaded for size
(Font)              <5> on input line 46.
LaTeX Font Info:    External font `cmex10' loaded for size
(Font)              <8> on input line 50.
LaTeX Font Info:    External font `cmex10' loaded for size
(Font)              <6> on input line 50.

Overfull \hbox (3.15454pt too wide) in paragraph at lines 62--63
[]\OT1/cmr/m/n/10 We in-tro-duce a new def-i-ni-tion for in-di-vid-ual pores in
 het-ero-ge-neous porous me- 
 []


Overfull \hbox (2.84895pt too wide) in paragraph at lines 63--64
[]\OT1/cmr/m/n/10 We em-ploy di-rect nu-mer-i-cal sim-u-la-tions to mea-sure th
e lo-cal hy-draulic con-duc- 
 []


Overfull \hbox (9.84895pt too wide) in paragraph at lines 63--64
\OT1/cmr/m/n/10 tiv-ity and re-visit the clas-si-cal model of pore re-sis-tance
 based on Hagen-Poiseuille 
 []


Overfull \hbox (1.23784pt too wide) in paragraph at lines 64--65
[]\OT1/cmr/m/n/10 We model the lo-cal hy-draulic re-sis-tance of a pore based o
n lo-cal spheric-ity and 
 []


Overfull \hbox (13.46008pt too wide) in paragraph at lines 64--65
\OT1/cmr/m/n/10 chan-nel-iza-tion of iso-pressure sur-faces. While Hagen-Poisse
uille may lo-cally be off 
 []


Overfull \hbox (8.43233pt too wide) in paragraph at lines 64--65
\OT1/cmr/m/n/10 by or-der of mag-ni-tude our new model based on spheric-ity has
 mean and max er- 
 []

[1{/usr/local/texlive/2017/texmf-var/fonts/map/pdftex/updmap/pdftex.map}]
Overfull \hbox (15.54349pt too wide) in paragraph at lines 68--70
\OT1/cmr/m/n/10 [ Re-solv-ing lo-cal ve-loc-i-ties for lam-i-nar flow in porous
 me-dia is es-sen-tial to trans-port pro- 
 []


Overfull \hbox (6.8767pt too wide) in paragraph at lines 68--70
\OT1/cmr/m/n/10 cesses. Us-ing di-rect nu-mer-i-cal sim-u-la-tions to solve the
 Navier-Stokes equa-tions is com- 
 []


Overfull \hbox (11.87685pt too wide) in paragraph at lines 68--70
\OT1/cmr/m/n/10 pu-ta-tion-ally costly for sta-tis-ti-cal rep-re-sen-ta-tive vo
l-umes. Pore net-work mod-els al-low for 
 []


Overfull \hbox (6.46005pt too wide) in paragraph at lines 68--70
\OT1/cmr/m/n/10 much faster so-lu-tions and re-solve much larger do-mains. How-
ever, the pore net-work ar- 
 []


Overfull \hbox (9.32123pt too wide) in paragraph at lines 68--70
\OT1/cmr/m/n/10 chi-tec-ture and con-sti-tu-tive model for the hy-draulic re-si
s-tance heav-ily in-flu-ence the per- 
 []


Overfull \hbox (15.46016pt too wide) in paragraph at lines 68--70
\OT1/cmr/m/n/10 ity of a com-monly used con-sti-tu-tive law. We start by gen-er
-at-ing three three-dimensional 
 []


Overfull \hbox (8.57117pt too wide) in paragraph at lines 68--70
\OT1/cmr/m/n/10 ar-ti-fi-cial ge-ome-tries rep-re-sent-ing porous me-dia. In th
is way we can con-trol the ge-o-met- 
 []


Overfull \hbox (12.29343pt too wide) in paragraph at lines 68--70
\OT1/cmr/m/n/10 ri-cal pa-ram-e-ters, such as the poros-ity and the av-er-aged 
in-ter-face area. As a bench-mark, 
 []


Overfull \hbox (8.04343pt too wide) in paragraph at lines 68--70
\OT1/cmr/m/n/10 we use high fi-delity nu-mer-i-cal sim-u-la-tions of the Navier
-Stokes equa-tions to re-solve the 
 []


Overfull \hbox (11.65456pt too wide) in paragraph at lines 68--70
\OT1/cmr/m/n/10 pres-sure and ve-loc-ity field for lam-i-nar flow in the pore-s
pace of the ar-ti-fi-cial ge-ome-tries. 
 []


Overfull \hbox (23.57123pt too wide) in paragraph at lines 68--70
\OT1/cmr/m/n/10 We pro-pose a new def-i-ni-tion for pores based on iso-pressure
 sur-faces and topol-ogy changes 
 []


Overfull \hbox (34.34898pt too wide) in paragraph at lines 68--70
\OT1/cmr/m/n/10 that en-ables us to mea-sure the lo-cal hy-draulic re-sis-tance
. We show that the Hagen-Poisueille 
 []


Overfull \hbox (19.68236pt too wide) in paragraph at lines 68--70
\OT1/cmr/m/n/10 model over-es-ti-mates the lo-cal hy-draulic re-sis-tance up to
 one or-der of mag-ni-tude. We pro- 
 []


Overfull \hbox (23.01564pt too wide) in paragraph at lines 68--70
\OT1/cmr/m/n/10 pose a new con-sti-tu-tive model that is based on the ge-om-e-t
ry of iso-pressure sur-faces. This 
 []


Overfull \hbox (1.5989pt too wide) in paragraph at lines 68--70
\OT1/cmr/m/n/10 model shows that the spheric-ity of iso-pressure sur-faces is k
ey to pre-dict the lo-cal hy- 
 []


Overfull \hbox (10.099pt too wide) in paragraph at lines 68--70
\OT1/cmr/m/n/10 draulic re-sis-tances of het-ero-ge-neous porous me-dia with a 
re-duc-tion of the root-squared- 
 []


Overfull \hbox (5.59908pt too wide) in paragraph at lines 68--70
\OT1/cmr/m/n/10 mean-error of on av-er-age $64%$. We an-tic-i-pate that our ap-
proach may find broad ap-pli- 
 []


LaTeX Font Warning: Font shape `OT1/cmr/m/n' in size <10.5> not available
(Font)              size <10.95> substituted on input line 72.


LaTeX Font Warning: Font shape `OT1/cmr/bx/n' in size <10.5> not available
(Font)              size <10.95> substituted on input line 72.

Missing character: There is no â in font cmr10!
Missing character: There is no € in font cmr10!
Missing character: There is no ™ in font cmr10!
Missing character: There is no â in font cmr10!
Missing character: There is no € in font cmr10!
Missing character: There is no ™ in font cmr10!

Overfull \hbox (16.79346pt too wide) in paragraph at lines 85--90
[]\OT1/cmr/m/n/10 Porous me-dia flow is im-por-tant for a wide range of ap-pli-
ca-tions in na-ture and tech- 
 []


Overfull \hbox (11.29353pt too wide) in paragraph at lines 85--90
\OT1/cmr/m/n/10 nol-ogy, span-ning from ground-wa-ter re-me-di-a-tion and oil r
e-cov-ery to packed bed re-ac-tors 
 []


Overfull \hbox (1.57121pt too wide) in paragraph at lines 85--90
\OT1/cmr/m/n/10 and par-ti-cle fil-ters. In these flows, the highly com-plex an
d three-dimensional pore ge- 
 []


Overfull \hbox (6.07124pt too wide) in paragraph at lines 85--90
\OT1/cmr/m/n/10 ome-tries give rise to com-pli-cated pore ve-loc-ity fields tha
t form the back-bone for trans- 
 []


Overfull \hbox (14.51569pt too wide) in paragraph at lines 85--90
\OT1/cmr/m/n/10 port, mix-ing and chem-i-cal re-ac-tion pro-cesses. De-tailed k
nowl-edge of these ve-loc-ity fields 
 []


Overfull \hbox (19.04361pt too wide) in paragraph at lines 85--90
\OT1/cmr/m/n/10 is im-por-tant for the mod-elling of ef-fec-tive pa-ram-e-ters,
 most no-tably the per-me-abil-ity and 
 []


Overfull \hbox (11.62686pt too wide) in paragraph at lines 85--90
\OT1/cmr/m/n/10 the pre-dic-tion of trans-port in porous me-dia []Bear, 1972; S
chei-deg-ger, 1974). De-spite its 
 []


Overfull \hbox (4.37671pt too wide) in paragraph at lines 85--90
\OT1/cmr/m/n/10 im-por-tance and ex-ten-sive re-search, how-ever, the re-la-tio
n be-tween ge-o-met-ri-cal fea-tures 
 []


Overfull \hbox (10.00189pt too wide) in paragraph at lines 85--90
\OT1/cmr/m/n/10 of porous me-dia and the re-sult-ing flow is still not fully un
-der-stood. Given that de-tailed 
 []


Overfull \hbox (14.09906pt too wide) in paragraph at lines 85--90
\OT1/cmr/m/n/10 knowl-edge of ge-o-met-ri-cal fea-tures of porous me-dia is of-
ten un-avail-able, the clas-si-cal flow 
 []


Overfull \hbox (20.0157pt too wide) in paragraph at lines 85--90
\OT1/cmr/m/n/10 mod-el-ing ap-proach has been to rep-re-sent the porous medium 
as a lat-tice of cir-cu-lar tubes 
 []


Overfull \hbox (5.2656pt too wide) in paragraph at lines 85--90
\OT1/cmr/m/n/10 that rep-re-sent the pore net-work []Scheidegger, 1974). The fl
ow in the tubes is as-sumed 
 []


Overfull \hbox (3.488pt too wide) in paragraph at lines 85--90
\OT1/cmr/m/n/10 uni-form and the ve-loc-ity pro-file parabolic. While this is a
 rather crude ap-prox-i-ma-tion 
 []


Overfull \hbox (7.18239pt too wide) in paragraph at lines 85--90
\OT1/cmr/m/n/10 of the real ge-om-e-try and flow be-hav-iors, it has pro-vided 
use-ful pre-dic-tions for flow and 
 []


Overfull \hbox (22.75194pt too wide) in paragraph at lines 85--90
\OT1/cmr/m/n/10 trans-port. Early stud-ies have mod-elled ve-loc-ity dis-tri-bu
-tions []Haring & Greenkorn, 1970), 
 []


Overfull \hbox (26.07147pt too wide) in paragraph at lines 85--90
\OT1/cmr/m/n/10 per-me-abil-ity []Fatt, 1956; Katz & Thomp-son, 1986) and par-t
i-cle dis-per-sion []Saffman, 1959) 
 []


Overfull \hbox (7.43231pt too wide) in paragraph at lines 85--90
\OT1/cmr/m/n/10 based on bulk statis-tics of the medium ge-om-e-try such as por
e size dis-tri-bu-tions. These 
 []


Overfull \hbox (9.4323pt too wide) in paragraph at lines 85--90
\OT1/cmr/m/n/10 early stud-ies have spurred many sub-se-quent works on sta-tis-
ti-cal pore scale mod-els (e.g. 
 []


Overfull \hbox (1.09908pt too wide) in paragraph at lines 85--90
[]\OT1/cmr/m/n/10 Dullien, 1975; Kutsovsky et al.[], 1996; Maier et al.[], 1999
; de Anna et al.[], 2017; Dentz 
 []


Overfull \hbox (5.84895pt too wide) in paragraph at lines 85--90
\OT1/cmr/m/n/10 et al.[], 2018). The sec-ond class of mod-els that hinges on th
e sim-pli-fied lat-tice rep-re-sen- 
 []


Overfull \hbox (22.29355pt too wide) in paragraph at lines 85--90
\OT1/cmr/m/n/10 ta-tion of porous me-dia are the so-called pore net-work mod-el
s []Thompson & Fogler, 1997). 
 []


Overfull \hbox (3.51572pt too wide) in paragraph at lines 85--90
\OT1/cmr/m/n/10 For both classes of mod-els, the sim-pli-fied mod-elling of lo-
cal hy-draulic re-sis-tance of in- 
 []


Overfull \hbox (12.90454pt too wide) in paragraph at lines 85--90
\OT1/cmr/m/n/10 di-vid-ual pores based on Hagen-Poiseuille is a cen-tral el-e-m
ent. Many au-thors tried to re- 
 []


Overfull \hbox (7.87674pt too wide) in paragraph at lines 85--90
\OT1/cmr/m/n/10 late the statis-tics of pore ve-loc-ity to statis-tics of pore 
ge-om-e-try rep-re-sented by e.g. the 
 []


Overfull \hbox (6.7101pt too wide) in paragraph at lines 85--90
\OT1/cmr/m/n/10 lo-cal pore ra-dius, the con-nec-tiv-ity be-tween pores etc. Fo
r ex-am-ple, one of the sim-plest 
 []


Overfull \hbox (5.03308pt too wide) in paragraph at lines 85--90
\OT1/cmr/m/n/10 mod-els is the so-called \OT1/cmr/m/it/10 cap-il-lary bun-dle \
OT1/cmr/m/n/10 model, in which the porous medium is con-cep- 
 []


Overfull \hbox (15.79346pt too wide) in paragraph at lines 85--90
\OT1/cmr/m/n/10 tu-al-ized as a par-al-lel ar-range-ment of cap-il-lar-ies with
 given pore sizes []Scheidegger (1974). 
 []


Overfull \hbox (4.26572pt too wide) in paragraph at lines 85--90
\OT1/cmr/m/n/10 Ex-ten-sions of this model in-clude par-al-lel ar-range-ments o
f wavy tubes []Le Borgne et al.[] 
 []


Overfull \hbox (3.57129pt too wide) in paragraph at lines 85--90
\OT1/cmr/m/n/10 (2011). These sim-ple mod-els are not ap-pro-pri-ate for com-pl
ex porous me-dia, for which 
 []


Overfull \hbox (17.68231pt too wide) in paragraph at lines 85--90
\OT1/cmr/m/n/10 the net-work as-pect is im-por-tant. That is, in gen-eral, the 
con-nec-tiv-ity be-tween pores can- 
 []


Overfull \hbox (14.57121pt too wide) in paragraph at lines 85--90
\OT1/cmr/m/n/10 not be ne-glected and the con-cept of the lin-ear pore breaks d
own []Dentz et al.[] (2018). An 
 []


Overfull \hbox (6.93236pt too wide) in paragraph at lines 85--90
\OT1/cmr/m/n/10 ad-hoc model that con-cep-tu-al-izes flow in porous me-dia as a
 sys-tem of se-rial and par-al- 
 []


Overfull \hbox (9.29349pt too wide) in paragraph at lines 85--90
\OT1/cmr/m/n/10 lel pore ar-range-ments can be found in []Holzner et al.[], 201
5). []Siena et al.[], 2014) sta-tis- 
 []


Overfull \hbox (5.09908pt too wide) in paragraph at lines 85--90
\OT1/cmr/m/n/10 ti-cally re-lated ve-loc-ity dis-tri-bu-tions to pore size dis-
tri-bu-tions of sta-tis-ti-cally gen-er-ated 
 []


Overfull \hbox (10.71019pt too wide) in paragraph at lines 85--90
\OT1/cmr/m/n/10 3D porous me-dia. Based on di-rect nu-mer-i-cal sim-u-la-tions 
in 2D porous me-dia com-posed 
 []


Overfull \hbox (15.09903pt too wide) in paragraph at lines 85--90
\OT1/cmr/m/n/10 of disks, []de Anna et al.[], 2017) showed that the low ve-loc-
ity tail of the pore ve-loc-ity dis- 
 []


Overfull \hbox (5.18228pt too wide) in paragraph at lines 85--90
\OT1/cmr/m/n/10 tri-bu-tion is gov-erned by lo-cal pore size. This is a no-tabl
e re-sult as it sug-gests that the 
 []


Overfull \hbox (15.71011pt too wide) in paragraph at lines 85--90
\OT1/cmr/m/n/10 slow flow ve-loc-i-ties are not strongly de-pen-dent on the con
-nec-tiv-ity be-tween pores. []Alim 
 []


Overfull \hbox (3.0157pt too wide) in paragraph at lines 85--90
\OT1/cmr/m/n/10 et al.[], 2017) showed that pore ve-loc-ity dis-tri-bu-tions ar
e gov-erned by lo-cal cor-re-la-tions 
 []


Overfull \hbox (12.07121pt too wide) in paragraph at lines 85--90
\OT1/cmr/m/n/10 of pore sizes that or-ga-nize flux ra-tios at pore junc-tions, 
while pore size it-self was a poor 
 []


Overfull \hbox (8.23796pt too wide) in paragraph at lines 85--90
\OT1/cmr/m/n/10 pre-dic-tor of flux ra-tios. They sim-pli-fied two-dimensional 
porous medium flow by a net- 
 []


Overfull \hbox (0.59901pt too wide) in paragraph at lines 85--90
\OT1/cmr/m/n/10 work of tubes with vary-ing di-am-e-ter and the flow within eac
h tube was cal-cu-lated by 
 []


Overfull \hbox (4.82124pt too wide) in paragraph at lines 85--90
\OT1/cmr/m/n/10 solv-ing for Kir-choffs cir-cuit law for two-dimensional Poiseu
ille flow within the tubes of 
 []


Overfull \hbox (17.71016pt too wide) in paragraph at lines 85--90
\OT1/cmr/m/n/10 rect-an-gu-lar cross sec-tion. Even though us-ing tubes with va
ry-ing di-am-e-ter is a re-fine-ment 
 []


Overfull \hbox (12.46016pt too wide) in paragraph at lines 85--90
\OT1/cmr/m/n/10 com-pared to sim-pler mod-els with tubes of con-stant di-am-e-t
er, the sim-pli-fi-ca-tion with re- 
 []


Overfull \hbox (5.73785pt too wide) in paragraph at lines 85--90
\OT1/cmr/m/n/10 spect to real ge-ome-tries is still strong. De-spite this, a co
m-par-i-son of sim-u-la-tion re-sults 
 []


Overfull \hbox (11.71027pt too wide) in paragraph at lines 85--90
\OT1/cmr/m/n/10 with the ex-per-i-men-tally ob-tained ve-loc-ity dis-tri-bu-tio
n in a two-dimensional mi-cro-model 
 []


Overfull \hbox (10.76569pt too wide) in paragraph at lines 85--90
\OT1/cmr/m/n/10 com-posed of pil-lars showed rea-son-able agree-ment []Alim et 
al.[] (2017). As men-tioned, the 
 []


Overfull \hbox (13.96008pt too wide) in paragraph at lines 85--90
\OT1/cmr/m/n/10 sta-tis-ti-cal mod-els in these works are based on the con-cept
 that lo-cal ve-loc-ity pro-files are 
 []


Overfull \hbox (1.51576pt too wide) in paragraph at lines 85--90
\OT1/cmr/m/n/10 parabolic. Some re-cent pa-pers pro-vided qual-i-ta-tive ex-am-
ples com-par-ing pore ve-loc-ity 
 []


Overfull \hbox (30.54358pt too wide) in paragraph at lines 85--90
\OT1/cmr/m/n/10 pro-files to a parabola that sug-gest the as-sump-tion may be r
ea-son-able []de Anna et al.[] (2017); 
 []


Overfull \hbox (2.21007pt too wide) in paragraph at lines 85--90
\OT1/cmr/m/n/10 Dentz et al.[] (2018) and some ev-i-dence is pro-vided by the c
om-par-i-son be-tween sim-u-la- 
 []


Overfull \hbox (0.349pt too wide) in paragraph at lines 85--90
\OT1/cmr/m/n/10 tions and ex-per-i-ments by []Alim et al.[], 2017). How-ever, a
 rig-or-ous as-sess-ment of lo-cal 
 []


Overfull \hbox (0.73784pt too wide) in paragraph at lines 85--90
\OT1/cmr/m/n/10 hy-draulic re-sis-tance in three-dimensional pore ge-ome-tries 
is still miss-ing in the lit-er-a- 
 []


Overfull \hbox (18.8767pt too wide) in paragraph at lines 85--90
\OT1/cmr/m/n/10 ture. In the present pa-per, we as-sess lo-cal hy-draulic re-si
s-tances in three-dimensional pore 
 []


Overfull \hbox (9.01569pt too wide) in paragraph at lines 85--90
\OT1/cmr/m/n/10 ge-ome-tries based on sta-tis-ti-cally gen-er-ated 3D porous me
-dia and show that the Hagen- 
 []


Overfull \hbox (10.62679pt too wide) in paragraph at lines 85--90
\OT1/cmr/m/n/10 Poiseuille model typ-i-cally breaks down in large pores with sl
ow ve-loc-i-ties. With the ad- 
 []


Overfull \hbox (11.29343pt too wide) in paragraph at lines 85--90
\OT1/cmr/m/n/10 vent of ex-per-i-men-tal tech-niques like micro-computed to-mog
-ra-phy there is now ac-cess to 
 []


Overfull \hbox (11.62685pt too wide) in paragraph at lines 85--90
\OT1/cmr/m/n/10 im-pres-sive de-tails of three di-men-sional porous me-dia ar-c
hi-tec-tures. Even though to-days 
 []


Overfull \hbox (12.15459pt too wide) in paragraph at lines 85--90
\OT1/cmr/m/n/10 com-put-ing fa-cil-i-ties make it pos-si-ble to solve flow and 
trans-port with un-prece-dented ac- 
 []


Overfull \hbox (9.54344pt too wide) in paragraph at lines 85--90
\OT1/cmr/m/n/10 cu-racy in these com-plex ge-ome-tries us-ing di-rect nu-mer-i-
cal sim-u-la-tions, this ap-proach is 
 []


Overfull \hbox (30.48805pt too wide) in paragraph at lines 85--90
\OT1/cmr/m/n/10 only fea-si-ble in small do-mains. Sim-ple mod-els that re-duce
 the full com-plex-ity of real porous 
 []


Overfull \hbox (19.73787pt too wide) in paragraph at lines 85--90
\OT1/cmr/m/n/10 me-dia are still needed. A lat-tice rep-re-sen-ta-tion is the s
tan-dard ap-proach in so-called pore 
 []


Overfull \hbox (0.29344pt too wide) in paragraph at lines 85--90
\OT1/cmr/m/n/10 net-work mod-els in which a Kirchhoff-type sys-tem of equa-tion
s is solved to model sin- 
 []


Overfull \hbox (14.57127pt too wide) in paragraph at lines 85--90
\OT1/cmr/m/n/10 gle or mul-ti-phase porous medium flows []Thompson and Fogler (
1997). The lat-tice is usu- 
 []


Overfull \hbox (6.09901pt too wide) in paragraph at lines 85--90
\OT1/cmr/m/n/10 ally con-structed based on data from ex-per-i-men-tal pore scal
e char-ac-ter-i-za-tion mea-sure- 
 []


Overfull \hbox (4.54346pt too wide) in paragraph at lines 85--90
\OT1/cmr/m/n/10 ments, e.g. imag-ing or mer-cury in-tru-sion porosime-try. Thes
e pore net-work mod-els are 
 []


Overfull \hbox (3.12685pt too wide) in paragraph at lines 85--90
\OT1/cmr/m/n/10 a valu-able tool for un-der-stand-ing meso-scale phe-nom-ena, l
ink-ing sin-gle pore pro-cesses 
 []


Overfull \hbox (3.9324pt too wide) in paragraph at lines 85--90
\OT1/cmr/m/n/10 and con-tin-uum porous me-dia used in en-gi-neer-ing []Xiong et
 al.[] (2016). Be-sides a sound 
 []


Overfull \hbox (2.43236pt too wide) in paragraph at lines 85--90
\OT1/cmr/m/n/10 net-work con-struc-tion ap-proach that mim-ics the real me-dia,
 an-other crit-i-cal as-pect for 
 []


Overfull \hbox (11.68234pt too wide) in paragraph at lines 85--90
\OT1/cmr/m/n/10 the ac-cu-racy of mod-el-ing is the rep-re-sen-ta-tion of lo-ca
l hy-draulic re-sis-tance in the pores. 
 []


Overfull \hbox (6.90448pt too wide) in paragraph at lines 85--90
\OT1/cmr/m/n/10 In this pa-per we start with a the-o-ret-i-cal back-ground wher
e we de-fine lo-cal pores based 
 []


Overfull \hbox (17.26563pt too wide) in paragraph at lines 85--90
\OT1/cmr/m/n/10 on con-sec-u-tive iso-pressure sur-faces, fol-lowed by a new mo
del for the lo-cal hy-draulic con- 
 []


Overfull \hbox (13.849pt too wide) in paragraph at lines 85--90
\OT1/cmr/m/n/10 duc-tiv-ity. In the meth-ods sec-tion we de-scribe our nu-mer-i
-cal ex-per-i-ment con-sist-ing of di- 
 []


Overfull \hbox (13.40459pt too wide) in paragraph at lines 85--90
\OT1/cmr/m/n/10 rect nu-mer-i-cal sim-u-la-tions (DNS) from which we ob-tain lo
-cal ve-loc-ity and pres-sure data 
 []


Overfull \hbox (11.93233pt too wide) in paragraph at lines 85--90
\OT1/cmr/m/n/10 in het-ero-ge-neous porous me-dia. Based on a post-processing o
f the DNS data we can ex- 
 []


Overfull \hbox (17.59901pt too wide) in paragraph at lines 85--90
\OT1/cmr/m/n/10 tract the lo-cal hy-draulic con-duc-tiv-ity of a lo-cal pore. I
n the re-sults we com-pare the mea- 
 []


Overfull \hbox (5.93234pt too wide) in paragraph at lines 85--90
\OT1/cmr/m/n/10 sured hy-draulic re-sis-tances to the Hagen-Poiseuille model an
d to the newly for-mu-lated 
 []


Overfull \hbox (2.51563pt too wide) in paragraph at lines 85--90
\OT1/cmr/m/n/10 model based a lo-cal shape pa-ram-e-ter spheric-ity. In the dis
-cus-sion we treat the lim-i-ta- 
 []


Overfull \hbox (0.73793pt too wide) in paragraph at lines 85--90
\OT1/cmr/m/n/10 tions and ex-trap-o-la-tions of the newly pro-posed model. In t
he con-clu-sion we state the 
 []


Underfull \vbox (badness 10000) has occurred while \output is active []

 [2]
Underfull \vbox (badness 10000) has occurred while \output is active []

 [3]
Overfull \hbox (10.34894pt too wide) in paragraph at lines 95--96
[]\OT1/cmr/m/n/10 For low Reynolds num-bers and in-com-press-ible flow, the lo-
cal flow in a porous me- 
 []


Overfull \hbox (4.31772pt too wide) in paragraph at lines 98--101
\OT1/cmr/m/n/10 with pres-sure $\OML/cmm/m/it/10 p$ \OT1/cmr/m/n/10 and ve-loc-
ity $\OT1/cmr/bx/n/10 u$ \OT1/cmr/m/n/10 and dy-namic vis-cos-ity $\OML/cmm/m/i
t/10 ^^W$\OT1/cmr/m/n/10 . For an ar-bi-trary vol-ume $\OML/cmm/m/it/10 V$ \OT1
/cmr/m/n/10 in 
 []


Overfull \hbox (6.72209pt too wide) in paragraph at lines 98--101
\OT1/cmr/m/n/10 a porous me-dia, en-closed by sur-face $\OML/cmm/m/it/10 @V$ \O
T1/cmr/m/n/10 given by two iso-pressure sur-faces $\OML/cmm/m/it/10 S[]$ \OT1/c
mr/m/n/10 and $\OML/cmm/m/it/10 S[]$ 
 []


Overfull \hbox (6.84904pt too wide) in paragraph at lines 98--101
\OT1/cmr/m/n/10 and a re-main-ing a porous me-dia do-main $^^@$, we can write d
own the in-te-gral form of the 
 []


Overfull \hbox (1.72404pt too wide) in paragraph at lines 107--108
[]\OT1/cmr/m/n/10 Given that at the porous me-dia bound-ary do-main $^^@$ we ha
ve a no-slip con-di-tion 
 []

<figures/example_pore.png, id=25, 889.3225pt x 780.9175pt>
File: figures/example_pore.png Graphic file (type png)

<use figures/example_pore.png>
Package pdftex.def Info: figures/example_pore.png used on input line 119.
(pdftex.def)             Requested size: 162.01164pt x 142.26378pt.
Package epstopdf Info: Source file: <figures/merging_pores.eps>
(epstopdf)                    date: 2020-07-08 17:35:38
(epstopdf)                    size: 1571787 bytes
(epstopdf)             Output file: <figures/merging_pores-eps-converted-to.pdf
>
(epstopdf)                    date: 2020-07-08 17:35:45
(epstopdf)                    size: 504559 bytes
(epstopdf)             Command: <repstopdf --outfile=figures/merging_pores-eps-
converted-to.pdf figures/merging_pores.eps>
(epstopdf)             \includegraphics on input line 120.
Package epstopdf Info: Output file is already uptodate.

<figures/merging_pores-eps-converted-to.pdf, id=27, 1810.765pt x 1236.62pt>
File: figures/merging_pores-eps-converted-to.pdf Graphic file (type pdf)

<use figures/merging_pores-eps-converted-to.pdf>
Package pdftex.def Info: figures/merging_pores-eps-converted-to.pdf used on inp
ut line 120.
(pdftex.def)             Requested size: 208.30267pt x 142.26378pt.

Underfull \hbox (badness 10000) in paragraph at lines 121--121
[]\OT1/cmr/m/n/10 Figure  1: |Left: A vi-su-al-iza-tion of a col-lec-tion of co
n-sec-u-tive iso-pressure sur-faces com-
 []


Underfull \hbox (badness 10000) in paragraph at lines 121--121
\OT1/cmr/m/n/10 pris-ing one pore, in-clud-ing the av-er-age co-or-di-nates of 
the iso-pressure sur-faces in-di-cated
 []


Underfull \hbox (badness 10000) in paragraph at lines 121--121
\OT1/cmr/m/n/10 by the spheres. The color code of the spheres is given by the d
is-tance be-tween the av-er-age
 []


Underfull \hbox (badness 10000) in paragraph at lines 121--121
\OT1/cmr/m/n/10 co-or-di-nates be-tween two con-sec-u-tive iso-pressure sur-fac
es. Right: A vi-su-al-iza-tion of a
 []


Overfull \hbox (11.76497pt too wide) in paragraph at lines 126--127
[]\OT1/cmr/m/n/10 Here we in-tro-duce the no-tion of dis-con-nected iso-pressur
e sur-face $\OMS/cmsy/m/n/10 S[]\OT1/cmr/m/n/10 (\OML/cmm/m/it/10 p\OT1/cmr/m/n
/10 )$ for a given 
 []


Overfull \hbox (8.40807pt too wide) in paragraph at lines 126--127
\OT1/cmr/m/n/10 pres-sure value $\OML/cmm/m/it/10 p$\OT1/cmr/m/n/10 . Note that
 this con-sid-er-a-tion works for any fluid tube bounded by iso- 
 []


Overfull \hbox (13.84895pt too wide) in paragraph at lines 126--127
\OT1/cmr/m/n/10 pressure sur-faces and iso-pressure sur-face of ve-loc-ity mag-
ni-tude at which ve-loc-ity is (ap- 
 []


Overfull \hbox (6.6269pt too wide) in paragraph at lines 126--127
\OT1/cmr/m/n/10 prox-i-mately) zero. Con-sid-er-ing com-pletely sat-u-rated con
-di-tions the bound-ary terms of 
 []


Overfull \hbox (8.37657pt too wide) in paragraph at lines 126--127
\OT1/cmr/m/n/10 Eq. (2[]) will drop when mul-ti-ple pores are added (mean-ing $
\OT1/cmr/bx/n/10 n \OMS/cmsy/m/n/10 ! ^^@\OT1/cmr/bx/n/10 n$\OT1/cmr/m/n/10 ). 
There-fore Eq. (2[]) 
 []


Overfull \hbox (10.0636pt too wide) in paragraph at lines 131--132
[]\OT1/cmr/m/n/10 We ap-ply a de-com-po-si-tion of the ve-loc-ity vec-tor $\OT1
/cmr/bx/n/10 u \OT1/cmr/m/n/10 = \OML/cmm/m/it/10 u[][] \OT1/cmr/m/n/10 + \OML/
cmm/m/it/10 u[][]$ \OT1/cmr/m/n/10 with $[] = \OMS/cmsy/m/n/10 r\OML/cmm/m/it/1
0 p=\OMS/cmsy/m/n/10 jr\OML/cmm/m/it/10 p\OMS/cmsy/m/n/10 j$\OT1/cmr/m/n/10 . 
 []


Overfull \hbox (5.70999pt too wide) in paragraph at lines 131--132
\OT1/cmr/m/n/10 For Hagen-Poiseuille (HP) flow $\OT1/cmr/bx/n/10 u$ \OT1/cmr/m/
n/10 is par-al-lel to the pres-sure gra-di-ent, for which in sim- 
 []


Overfull \hbox (6.84895pt too wide) in paragraph at lines 131--132
\OT1/cmr/m/n/10 ple ge-ome-tries ex-act so-lu-tions can be de-rived. In the fol
-low-ing we will as-sume that the 
 []

[4 <./figures/example_pore.png> <./figures/merging_pores-eps-converted-to.pdf>]

Overfull \hbox (9.90459pt too wide) in paragraph at lines 137--138
\OT1/cmr/m/n/10 ge-ome-tries since gra-di-ents in the ve-loc-ity in the lon-gi-
tu-di-nal di-rec-tion are usu-ally much 
 []


Overfull \hbox (7.96016pt too wide) in paragraph at lines 137--138
\OT1/cmr/m/n/10 lower than in trans-verse di-rec-tion. Equa-tions (1[])-(6[]) a
re valid for ar-bi-trary vol-umes $\OML/cmm/m/it/10 V$\OT1/cmr/m/n/10 . 
 []


Overfull \hbox (12.87009pt too wide) in paragraph at lines 137--138
\OT1/cmr/m/n/10 When we con-sider vis-cous dis-si-pa-tion of an \OT1/cmr/m/it/1
0 in-finites-i-mal \OT1/cmr/m/n/10 en-closed vol-ume $\OML/cmm/m/it/10 dV$ \OT1
/cmr/m/n/10 de-fined by 
 []


Overfull \hbox (13.8083pt too wide) in paragraph at lines 137--138
\OMS/cmsy/m/n/10 S[]\OML/cmm/m/it/10 ; \OMS/cmsy/m/n/10 S[]$ \OT1/cmr/m/n/10 an
d their re-spec-tive ar-eas $\OML/cmm/m/it/10 A[]; A[]$\OT1/cmr/m/n/10 , sep-a-
rated by av-er-age dis-tance $\OML/cmm/m/it/10 dx$ \OT1/cmr/m/n/10 we can es- 
 []


Overfull \hbox (7.31639pt too wide) in paragraph at lines 140--143
\OT1/cmr/m/n/10 with spheric-ity pa-ram-e-ter $\OML/cmm/m/it/10 ^^M[] \OT1/cmr/
m/n/10 = \OMS/cmsy/m/n/10 L\OML/cmm/m/it/10 =[]$ \OT1/cmr/m/n/10 with perime-te
r $\OMS/cmsy/m/n/10 L \OT1/cmr/m/n/10 = [][] \OML/cmm/m/it/10 dl$\OT1/cmr/m/n/1
0 . The spheric- 
 []


Overfull \hbox (2.0553pt too wide) in paragraph at lines 140--143
\OT1/cmr/m/n/10 ity pa-ram-e-ter is in-versely re-lated to the com-pact-ness fa
c-tor $\OML/cmm/m/it/10 ^^M[] \OMS/cmsy/m/n/10 ^^X C$ \OT1/cmr/m/n/10 in []Mort
ensen et 
 []


Overfull \hbox (4.69856pt too wide) in paragraph at lines 140--143
\OT1/cmr/m/n/10 al.[], 2005). The co-ef-fi-cients $\OML/cmm/m/it/10 []$ \OT1/c
mr/m/n/10 and $\OML/cmm/m/it/10 []$ \OT1/cmr/m/n/10 can be cal-cu-lated (in fi
rst or-der of com-pact-ness) 
 []


Overfull \hbox (25.12679pt too wide) in paragraph at lines 140--143
\OT1/cmr/m/n/10 an-a-lyt-i-cally and nu-mer-i-cally for sim-ple shapes of the i
so-pressure sur-faces, such as squares, 
 []


Overfull \hbox (8.96016pt too wide) in paragraph at lines 140--143
\OT1/cmr/m/n/10 tri-an-gles, or a per-tur-ba-tion of a sphere by spher-i-cal ha
r-mon-ics []Mortensen et al.[] (2005). 
 []


Overfull \hbox (9.90459pt too wide) in paragraph at lines 140--143
\OT1/cmr/m/n/10 For het-ero-ge-neous me-dia the class of shapes are gen-er-ally
 un-known and not sym-met-ric. 
 []


Overfull \hbox (14.64346pt too wide) in paragraph at lines 140--143
\OT1/cmr/m/n/10 For the sec-ond, lon-gi-tu-di-nal term, we can as-sume that the
 to-tal flux $\OML/cmm/m/it/10 Q$ \OT1/cmr/m/n/10 re-mains con-stant 
 []


Overfull \hbox (3.00848pt too wide) in paragraph at lines 140--143
\OT1/cmr/m/n/10 for $\OML/cmm/m/it/10 p \OMS/cmsy/m/n/10 ! \OML/cmm/m/it/10 p \
OT1/cmr/m/n/10 + \OML/cmm/m/it/10 dp$\OT1/cmr/m/n/10 , and the change of ve-loc
-ity is caused by a change in cross-sectional area 
 []


Overfull \hbox (6.46817pt too wide) in paragraph at lines 145--147
\OT1/cmr/m/n/10 with un-known $\OML/cmm/m/it/10 []$\OT1/cmr/m/n/10 . For the c
ase where the in-finites-i-mal pres-sure dif-fer-ence $\OML/cmm/m/it/10 dp$\OT1
/cmr/m/n/10 , no topo- 
 []


Overfull \hbox (12.22035pt too wide) in paragraph at lines 145--147
\OT1/cmr/m/n/10 log-i-cal changes (no junc-tions) of the iso-pressure sur-faces
 take place, we can write $\OML/cmm/m/it/10 dV \OT1/cmr/m/n/10 = 
 []


Overfull \hbox (33.15857pt too wide) in paragraph at lines 150--152
\OT1/cmr/m/n/10 This ex-pres-sion is con-sis-tent with the Hagen-Poiseuille equ
a-tion for pipe ge-ome-tries $\OML/cmm/m/it/10 f\OT1/cmr/m/n/10 (\OML/cmm/m/it/
10 []\OT1/cmr/m/n/10 ) \OMS/cmsy/m/n/10 ! 
 []


Overfull \hbox (6.09895pt too wide) in paragraph at lines 155--157
\OT1/cmr/m/n/10 hereafter re-ferred to as the HP-model. As long as there are no
 junc-tions Eq.(9[]) can be 
 []


Overfull \hbox (7.40446pt too wide) in paragraph at lines 155--157
\OT1/cmr/m/n/10 in-te-grated. This re-stric-tion is there-fore used to de-fine 
a sin-gle pore. The to-tal pres-sure 
 []


Overfull \hbox (11.15794pt too wide) in paragraph at lines 165--167
\OT1/cmr/m/n/10 and $^^A\OML/cmm/m/it/10 p$ \OT1/cmr/m/n/10 the pres-sure dif-f
er-ence be-tween the in-let and the out-let of a pore. From this we 
 []

[5]
Overfull \hbox (8.04341pt too wide) in paragraph at lines 172--173
[]\OT1/cmr/m/n/10 When the ge-om-e-try of a me-dia is given by a long pipe, the
 hy-draulic re-sis-tance is 
 []


Overfull \hbox (3.94026pt too wide) in paragraph at lines 172--173
\OT1/cmr/m/n/10 given by the Hagen-Poiseuille law $\OML/cmm/m/it/10 R[] \OT1/cm
r/m/n/10 = \OML/cmm/m/it/10 R[]$\OT1/cmr/m/n/10 , mean-ing that $\OML/cmm/m/it/
10 f\OT1/cmr/m/n/10 (\OML/cmm/m/it/10 []\OT1/cmr/m/n/10 ) \OMS/cmsy/m/n/10 ! \
OT1/cmr/m/n/10 1$ and will there- 
 []

<figures/PM_combined_surfaces_DNS.png, id=51, 3406.7275pt x 1852.9225pt>
File: figures/PM_combined_surfaces_DNS.png Graphic file (type png)

<use figures/PM_combined_surfaces_DNS.png>
Package pdftex.def Info: figures/PM_combined_surfaces_DNS.png used on input lin
e 178.
(pdftex.def)             Requested size: 418.45839pt x 227.62204pt.

Overfull \hbox (20.9734pt too wide) in paragraph at lines 178--179
[][] 
 []


Underfull \hbox (badness 10000) in paragraph at lines 179--179
[]\OT1/cmr/m/n/10 Figure  2: |A vi-su-al-iza-tion of the ve-loc-ity field $\OMS
/cmsy/m/n/10 j\OML/cmm/m/it/10 u\OMS/cmsy/m/n/10 j$ \OT1/cmr/m/n/10 and pres-su
re field $\OML/cmm/m/it/10 p$ \OT1/cmr/m/n/10 in the pore space of
 []


Overfull \hbox (15.62672pt too wide) in paragraph at lines 184--185
[]\OT1/cmr/m/n/10 To gen-er-ate het-ero-ge-neous porous me-dia, that will form 
the ba-sis for the di-rect nu- 
 []


Overfull \hbox (12.68233pt too wide) in paragraph at lines 184--185
\OT1/cmr/m/n/10 mer-i-cal sim-u-la-tions, we have used Gaus-sian Ran-dom Fields
 (GRF) to gen-er-ate 3 porous 
 []


Overfull \hbox (11.02957pt too wide) in paragraph at lines 184--185
\OT1/cmr/m/n/10 me-dia. A thresh-old of the field func-tion of the GRF is used 
to de-fine the porous media- 
 []


Overfull \hbox (9.54341pt too wide) in paragraph at lines 184--185
\OT1/cmr/m/n/10 fluid in-ter-face $^^@$ and its poros-ity. In Ta-ble 1[] we hav
e sum-ma-rized the main mea-sures of 
 []


Overfull \hbox (11.65442pt too wide) in paragraph at lines 184--185
\OT1/cmr/m/n/10 these three porous me-dia. The ge-ome-tries are cho-sen such th
at we have a wide range in 
 []


Overfull \hbox (8.44112pt too wide) in paragraph at lines 184--185
\OT1/cmr/m/n/10 poros-ity $\OML/cmm/m/it/10 ^^^$\OT1/cmr/m/n/10 , pore size $\O
ML/cmm/m/it/10 l[]$ \OT1/cmr/m/n/10 rel-a-tive to sys-tem size $\OML/cmm/m/it/1
0 L$\OT1/cmr/m/n/10 , and sur-faces rough-ness. The pore size 
 []


Overfull \hbox (4.09901pt too wide) in paragraph at lines 184--185
\OT1/cmr/m/n/10 the to-tal vol-ume $\OML/cmm/m/it/10 V$\OT1/cmr/m/n/10 . The su
r-face rough-ness is de-fined by the stan-dard de-vi-a-tion of the 
 []


Overfull \hbox (4.21889pt too wide) in paragraph at lines 184--185
\OT1/cmr/m/n/10 mean cur-va-ture $\OML/cmm/m/it/10 H$ \OT1/cmr/m/n/10 di-vided 
by the av-er-age pore size $\OML/cmm/m/it/10 l[]$\OT1/cmr/m/n/10 . These mea-su
res are in-tro-duced 
 []


Overfull \hbox (9.54337pt too wide) in paragraph at lines 184--185
\OT1/cmr/m/n/10 to show the wide range of cho-sen ge-ome-tries. These porous me
-dia are used as in-put for 
 []


Overfull \hbox (1.68237pt too wide) in paragraph at lines 184--185
\OT1/cmr/m/n/10 di-rect nu-mer-i-cal sim-u-la-tions (Open-FOAM v. 4.1) []Weller
 et al.[], 1998) that solves the 
 []


Overfull \hbox (15.84901pt too wide) in paragraph at lines 184--185
\OT1/cmr/m/n/10 steady state Navier-Stokes equa-tions in the pore space. The bo
und-ary con-di-tions are de- 
 []


Overfull \hbox (6.5782pt too wide) in paragraph at lines 184--185
\OT1/cmr/m/n/10 fined at the in-let $\OML/cmm/m/it/10 p[]$ \OT1/cmr/m/n/10 and 
out-let $\OML/cmm/m/it/10 p[]$ \OT1/cmr/m/n/10 and a no-slip for the porous med
ia-fluid in-ter-face. A 
 []


Overfull \hbox (12.54353pt too wide) in paragraph at lines 184--185
\OT1/cmr/m/n/10 vi-su-al-iza-tion of the three porous me-dia is shown in Fig. 2
[]. Then a chain of vi-su-al-iza-tion 
 []


Overfull \hbox (19.9602pt too wide) in paragraph at lines 184--185
\OT1/cmr/m/n/10 toolkit (VTK) based im-age anal-y-sis tech-niques []Schroeder e
t al.[], 2006; Hern-der-son, 2007) 
 []


Overfull \hbox (4.9912pt too wide) in paragraph at lines 184--185
\OT1/cmr/m/n/10 are em-ployed to ex-tract iso-pressure sur-faces $\OMS/cmsy/m/n
/10 S\OT1/cmr/m/n/10 (\OML/cmm/m/it/10 p\OT1/cmr/m/n/10 )$ and enu-mer-ate the 
dis-con-nected ar- 
 []


Overfull \hbox (11.62613pt too wide) in paragraph at lines 184--185
\OT1/cmr/m/n/10 eas iden-ti-fy-ing as an iso-pressure slice $\OMS/cmsy/m/n/10 S
[]\OT1/cmr/m/n/10 (\OML/cmm/m/it/10 p\OT1/cmr/m/n/10 )$, part of a pore and mea
-sure its sur-face area 
 []


Overfull \hbox (11.66498pt too wide) in paragraph at lines 184--185
\OML/cmm/m/it/10 A[]\OT1/cmr/m/n/10 (\OML/cmm/m/it/10 p\OT1/cmr/m/n/10 )$, sphe
ric-ity $\OML/cmm/m/it/10 ^^M[]\OT1/cmr/m/n/10 (\OML/cmm/m/it/10 p\OT1/cmr/m/n/
10 )$, av-er-age lo-ca-tion $\OT1/cmr/bx/n/10 x[]\OT1/cmr/m/n/10 (\OML/cmm/m/it
/10 p\OT1/cmr/m/n/10 )$ and av-er-age flux $\OML/cmm/m/it/10 Q[]\OT1/cmr/m/n/10
 (\OML/cmm/m/it/10 p\OT1/cmr/m/n/10 )$. For each $\OMS/cmsy/m/n/10 S[]\OT1/cmr/
m/n/10 (\OML/cmm/m/it/10 p\OT1/cmr/m/n/10 )$ its 
 []


Overfull \hbox (18.25189pt too wide) in paragraph at lines 184--185
\OT1/cmr/m/n/10 clos-est neigh-bor $\OMS/cmsy/m/n/10 S[]\OT1/cmr/m/n/10 (\OML/c
mm/m/it/10 p \OT1/cmr/m/n/10 + \OML/cmm/m/it/10 ^^Np\OT1/cmr/m/n/10 )$ is iden-
ti-fied by its small-est dis-tance $\OML/cmm/m/it/10 d[] \OT1/cmr/m/n/10 = []$.
 
 []


Overfull \hbox (13.55672pt too wide) in paragraph at lines 184--185
\OT1/cmr/m/n/10 By for-ward in-te-gra-tion of the first iso-pressure patches $\
OMS/cmsy/m/n/10 S[]\OT1/cmr/m/n/10 (\OML/cmm/m/it/10 p[]\OT1/cmr/m/n/10 )$ we i
den-tify all patches be- 
 []


Overfull \hbox (5.60252pt too wide) in paragraph at lines 184--185
\OT1/cmr/m/n/10 long-ing to the same pore $\OMS/cmsy/m/n/10 P[]\OT1/cmr/m/n/10 
(^^A\OML/cmm/m/it/10 p\OT1/cmr/m/n/10 ) = \OMS/cmsy/m/n/10 fS[]\OT1/cmr/m/n/10 
(\OML/cmm/m/it/10 p[]\OT1/cmr/m/n/10 )\OMS/cmsy/m/n/10 g$\OT1/cmr/m/n/10 . Sinc
e the av-er-aged co-or-di-nates of an iso- 
 []


Overfull \hbox (5.47052pt too wide) in paragraph at lines 184--185
\OT1/cmr/m/n/10 pressure sur-face is very sen-si-tive to topo-log-i-cal changes
, a max-i-mal dis-tance $\OML/cmm/m/it/10 dx[]$ \OT1/cmr/m/n/10 be- 
 []


Overfull \hbox (14.01563pt too wide) in paragraph at lines 184--185
\OT1/cmr/m/n/10 tween two con-sec-u-tive co-or-di-nates is used to de-fine the 
end and the be-gin-ning of a pore. 
 []


Overfull \hbox (10.82132pt too wide) in paragraph at lines 184--185
\OT1/cmr/m/n/10 A vi-su-al-iza-tion of such a topol-ogy change, or split-ting a
nd merg-ing of pores is shown in 
 []

[6 <./figures/PM_combined_surfaces_DNS.png (PNG copy)>]
Overfull \hbox (5.01572pt too wide) in paragraph at lines 186--187
[]\OT1/cmr/m/n/10 The main chal-lenge with the data for-mat of the Open-Foam si
m-u-la-tions is that it 
 []


Overfull \hbox (4.23793pt too wide) in paragraph at lines 186--187
\OT1/cmr/m/n/10 is un-struc-tured, and the mesh-ing is re-fined to-wards the bo
und-ary of the porous me-dia 
 []


Overfull \hbox (0.43233pt too wide) in paragraph at lines 186--187
\OT1/cmr/m/n/10 ^^@$. Al-though this en-sures that the ge-om-e-try is ac-cu-rat
ely de-scribed and that the sim- 
 []


Overfull \hbox (9.35242pt too wide) in paragraph at lines 186--187
\OT1/cmr/m/n/10 u-la-tion con-ver-gences, it also causes prob-lems by ex-tract-
ing $\OMS/cmsy/m/n/10 S\OT1/cmr/m/n/10 (\OML/cmm/m/it/10 p\OT1/cmr/m/n/10 )$ by
 us-ing VTK con-tour 
 []


Overfull \hbox (5.43575pt too wide) in paragraph at lines 186--187
\OT1/cmr/m/n/10 fil-ter. Since it is based on a thresh-old on $\OML/cmm/m/it/10
 p$ \OT1/cmr/m/n/10 it breaks up the mesh close to $^^@$ into many 
 []


Overfull \hbox (1.18222pt too wide) in paragraph at lines 186--187
\OT1/cmr/m/n/10 dis-con-nected small area patches. To re-move these small patch
es a thresh-old of a rel-a- 
 []


Overfull \hbox (15.18802pt too wide) in paragraph at lines 186--187
\OT1/cmr/m/n/10 tively low value for $[] \OML/cmm/m/it/10 < ^^O$ \OT1/cmr/m/n/1
0 is cho-sen. This re-sults in much smoother, but slightly smaller 
 []


Overfull \hbox (7.18219pt too wide) in paragraph at lines 186--187
\OT1/cmr/m/n/10 iso-pressure sur-faces. The loss of area can be es-ti-mated and
 cor-rected for each pore in- 
 []


Overfull \hbox (21.04349pt too wide) in paragraph at lines 186--187
\OT1/cmr/m/n/10 a sig-nif-i-cant pro-por-tion of val-ues mea-sured pres-sure gr
a-di-ents be-low the HP-model, which 
 []


Overfull \hbox (18.9047pt too wide) in paragraph at lines 186--187
\OT1/cmr/m/n/10 is phys-i-cally im-pos-si-ble. Ev-i-dently this de-vi-a-tion wa
s mostly ob-served for rel-a-tively small 
 []


Overfull \hbox (11.61305pt too wide) in paragraph at lines 186--187
\OT1/cmr/m/n/10 pores. The es-ti-mate for $\OML/cmm/m/it/10 ^^M$ \OT1/cmr/m/n/1
0 is sub-se-quently also un-der-es-ti-mated if $\OML/cmm/m/it/10 ^^O$ \OT1/cmr/
m/n/10 is cho-sen too high. It 
 []


Overfull \hbox (4.59193pt too wide) in paragraph at lines 186--187
\OT1/cmr/m/n/10 is how-ever dif-fi-cult to get a re-li-able es-ti-mate for $\OM
L/cmm/m/it/10 ^^M$ \OT1/cmr/m/n/10 when $\OML/cmm/m/it/10 ^^O \OMS/cmsy/m/n/10 
! \OT1/cmr/m/n/10 0$ be-cause $\OML/cmm/m/it/10 @\OMS/cmsy/m/n/10 S\OT1/cmr/m/n
/10 (\OML/cmm/m/it/10 p\OT1/cmr/m/n/10 )$ be-comes 
 []


Overfull \hbox (9.5296pt too wide) in paragraph at lines 186--187
\OT1/cmr/m/n/10 ir-reg-u-lar. There-fore, we have cho-sen to es-ti-mate $\OML/c
mm/m/it/10 ^^M$ \OT1/cmr/m/n/10 at fi-nite $\OML/cmm/m/it/10 ^^O$\OT1/cmr/m/n/1
0 , there where it is most ro- 
 []


Overfull \hbox (8.59897pt too wide) in paragraph at lines 186--187
\OT1/cmr/m/n/10 last. These val-ues where cho-sen by vi-sual in-spec-tion, not 
to loose to much de-tail of the 
 []


Overfull \hbox (8.40446pt too wide) in paragraph at lines 186--187
\OT1/cmr/m/n/10 shape of $\OMS/cmsy/m/n/10 S$ \OT1/cmr/m/n/10 and to get rid of
 most of the noise at the edges. Small area patches that re- 
 []


Overfull \hbox (5.60936pt too wide) in paragraph at lines 186--187
\OT1/cmr/m/n/10 main are fil-tered out based on their size. The dis-tance $\OML
/cmm/m/it/10 dx[]$ \OT1/cmr/m/n/10 is cho-sen such that upon 
 []


Overfull \hbox (1.43225pt too wide) in paragraph at lines 186--187
\OT1/cmr/m/n/10 vi-sual in-spec-tion, clearly con-nected sur-faces re-main con-
nected, such as can be seen in 
 []


Overfull \hbox (21.1546pt too wide) in paragraph at lines 186--187
\OT1/cmr/m/n/10 Fig.1[](left). A more spe-cific de-scrip-tion of the chain of t
he VTK im-age anal-y-sis tech-niques 
 []


Overfull \hbox (6.6822pt too wide) in paragraph at lines 188--189
[]\OT1/cmr/m/n/10 For each of the three porous me-dia we can plot the lo-cal pr
es-sure gra-di-ent ver-sus 
 []


Overfull \hbox (7.03067pt too wide) in paragraph at lines 188--189
\OT1/cmr/m/n/10 the PH model, i.e. Eq.(9[]) for all con-sec-u-tive iso-pressure
 pairs $\OMS/cmsy/m/n/10 S[]\OT1/cmr/m/n/10 (\OML/cmm/m/it/10 p\OT1/cmr/m/n/10 
)$ and $\OMS/cmsy/m/n/10 S[]\OT1/cmr/m/n/10 (\OML/cmm/m/it/10 p \OT1/cmr/m/n/10
 + \OML/cmm/m/it/10 ^^Np\OT1/cmr/m/n/10 )$. To 
 []


Overfull \hbox (5.65451pt too wide) in paragraph at lines 188--189
\OT1/cmr/m/n/10 ob-tain mea-sured val-ues for the re-sis-tance of a pore, we di
-vide the to-tal pres-sure dif-fer- 
 []


Overfull \hbox (5.59135pt too wide) in paragraph at lines 188--189
\OT1/cmr/m/n/10 ence $^^A\OML/cmm/m/it/10 p$ \OT1/cmr/m/n/10 by the to-tal flux
e $\OML/cmm/m/it/10 Q$\OT1/cmr/m/n/10 . We fit Eq.(13[]), to all pores be-long-
ing to one porous me- 
 []

<figures/infi_dpdx_3.pdf, id=55, 1084.05pt x 361.35pt>
File: figures/infi_dpdx_3.pdf Graphic file (type pdf)

<use figures/infi_dpdx_3.pdf>
Package pdftex.def Info: figures/infi_dpdx_3.pdf used on input line 195.
(pdftex.def)             Requested size: 512.15018pt x 170.71652pt.

Overfull \hbox (114.66519pt too wide) in paragraph at lines 195--196
[][] 
 []


Underfull \hbox (badness 10000) in paragraph at lines 196--196
[]\OT1/cmr/m/n/10 Figure  3: |Mea-sure-ments of lo-cal pres-sure drop ver-sus t
he Hagen-Poiseuille model given
 []


Underfull \hbox (badness 10000) in paragraph at lines 196--196
\OT1/cmr/m/n/10 by Eq.(10[]) hy-draulic re-sis-tance for three dif-fer-ent poro
us me-dia, the color is given by av-
 []


Underfull \hbox (badness 10000) in paragraph at lines 196--196
\OT1/cmr/m/n/10 er-aged spheric-ity $\OML/cmm/m/it/10 ^^M\OT1/cmr/m/n/10 (\OML/
cmm/m/it/10 p\OT1/cmr/m/n/10 )[]$ and the marker size is scaled with the av-er-
aged area $\OML/cmm/m/it/10 A\OT1/cmr/m/n/10 (\OML/cmm/m/it/10 p\OT1/cmr/m/n/10
 )[]$ of two
 []


Overfull \hbox (13.54338pt too wide) in paragraph at lines 200--201
[]\OT1/cmr/m/n/10 The re-sult of the DNS for the three porous me-dia is shown i
n Fig.2[]. The Reynolds 
 []


Overfull \hbox (9.21451pt too wide) in paragraph at lines 200--201
\OT1/cmr/m/n/10 num-ber is es-ti-mated by $\OML/cmm/m/it/10 Re \OMS/cmsy/m/n/10
 ^^X \OML/cmm/m/it/10 l[]q=^^W$\OT1/cmr/m/n/10 , with $\OML/cmm/m/it/10 q \OT1/
cmr/m/n/10 = \OML/cmm/m/it/10 Q=[]$\OT1/cmr/m/n/10 . In Fig.3[] the re-sults of
 the in-finites- 
 []


Overfull \hbox (8.73784pt too wide) in paragraph at lines 200--201
\OT1/cmr/m/n/10 i-mal pres-sure gra-di-ents ver-sus the HP model (Eq.(10[])) ar
e shown. We ob-serve that the 
 []


Overfull \hbox (4.07121pt too wide) in paragraph at lines 200--201
\OT1/cmr/m/n/10 HP model un-der-es-ti-mates the pres-sure gra-di-ent up to two 
or-ders of mag-ni-tude for the 
 []


Overfull \hbox (4.23788pt too wide) in paragraph at lines 200--201
\OT1/cmr/m/n/10 first porous me-dia, to a rel-a-tive good es-ti-mate for the th
ird. The mark-ers are sized by 
 []


Overfull \hbox (10.85838pt too wide) in paragraph at lines 200--201
\OT1/cmr/m/n/10 the to-tal iso-pressure sur-face area $\OML/cmm/m/it/10 A\OT1/c
mr/m/n/10 (\OML/cmm/m/it/10 p\OT1/cmr/m/n/10 )[]$ and col-ored by spheric-ity $
\OML/cmm/m/it/10 ^^M\OT1/cmr/m/n/10 (\OML/cmm/m/it/10 p\OT1/cmr/m/n/10 )[]$. Th
e for-mer in- 
 []


Overfull \hbox (17.65454pt too wide) in paragraph at lines 200--201
\OT1/cmr/m/n/10 di-cat-ing that smaller iso-pressure sur-faces are com-pacter t
han the larger more com-plexed 
 []


Overfull \hbox (0.15456pt too wide) in paragraph at lines 200--201
\OT1/cmr/m/n/10 shaped iso-pressure sur-faces and the lat-ter in-di-cat-ing the
 im-por-tant role of spheric-ity 
 []


Overfull \hbox (15.21016pt too wide) in paragraph at lines 200--201
\OT1/cmr/m/n/10 for the lo-cal hy-draulic re-sis-tance of a pore. In Fig.4[] (t
op left) we have plot-ted the joined 
 []


Overfull \hbox (5.37675pt too wide) in paragraph at lines 200--201
\OT1/cmr/m/n/10 datasets of the three porous me-dia. We ob-serve that af-ter jo
in-ing the datasets there is 
 []


Overfull \hbox (12.9046pt too wide) in paragraph at lines 200--201
\OT1/cmr/m/n/10 no vi-sual dis-tinc-tion be-tween the three porous me-dia, i.e.
 their data over-lap and be-have 
 []


Overfull \hbox (0.79346pt too wide) in paragraph at lines 202--203
[]\OT1/cmr/m/n/10 For each porous me-dia Eq.(9[]) has been fit-ted in-de-pen-de
ntly to ob-tain es-ti-mates 
 []


Overfull \hbox (28.24202pt too wide) in paragraph at lines 202--203
\OT1/cmr/m/n/10 for $\OML/cmm/m/it/10 []$\OT1/cmr/m/n/10 . The re-sults in-clu
d-ing the rel-a-tive con-tri-bu-tions of the cor-re-spond-ing terms in Eq.(9[])
 
 []


Overfull \hbox (12.26567pt too wide) in paragraph at lines 202--203
\OT1/cmr/m/n/10 are listed in Ta-ble 1[]. The ob-tained mod-elled lo-cal pres-s
ure gra-di-ent by Eq.(3[]) us-ing the 
 []


Overfull \hbox (16.51974pt too wide) in paragraph at lines 202--203
\OT1/cmr/m/n/10 fit-ted $\OML/cmm/m/it/10 []$ \OT1/cmr/m/n/10 is shown in Fig.
4[](top right). We ob-serve that for the first two porous me-dia the 
 []


Overfull \hbox (4.78766pt too wide) in paragraph at lines 202--203
\OT1/cmr/m/n/10 spheric-ity is the most rel-e-vant pa-ram-e-ter ($\OML/cmm/m/it
/10 []$\OT1/cmr/m/n/10 ). For the last porous me-dia the HP con- 
 []


Overfull \hbox (5.9374pt too wide) in paragraph at lines 202--203
\OT1/cmr/m/n/10 tri-bu-tion ($\OML/cmm/m/it/10 []$\OT1/cmr/m/n/10 ) is the mos
t rel-e-vant. The \OT1/cmr/m/it/10 chan-nel-iza-tion \OT1/cmr/m/n/10 pa-ram-e-t
er $\OML/cmm/m/it/10 []$ \OT1/cmr/m/n/10 is ren-dered ir-rel- 
 []


Overfull \hbox (22.88986pt too wide) in paragraph at lines 202--203
\OT1/cmr/m/n/10 e-vant for all porous me-dia. The rel-a-tive con-tri-bu-tions o
f the HP-model, i.e. ($\OML/cmm/m/it/10 []$ \OT1/cmr/m/n/10 to $\OML/cmm/m/it/
10 []^^M[]$\OT1/cmr/m/n/10 ) 
 []


Overfull \hbox (0.3212pt too wide) in paragraph at lines 202--203
\OT1/cmr/m/n/10 is in-creas-ing with de-creas-ing poros-ity. When the poros-ity
 is dou-bled the rel-a-tive con- 
 []


Overfull \hbox (1.45438pt too wide) in paragraph at lines 202--203
\OT1/cmr/m/n/10 tri-bu-tion of $\OML/cmm/m/it/10 []$ \OT1/cmr/m/n/10 is roughl
y di-vided by two. For the third porous me-dia we see that the 
 []


Overfull \hbox (10.96005pt too wide) in paragraph at lines 202--203
\OT1/cmr/m/n/10 rel-a-tive con-tri-bu-tion of spheric-ity is the small-est. Thi
s is to be ex-pected since the pores 
 []


Overfull \hbox (6.98781pt too wide) in paragraph at lines 202--203
\OT1/cmr/m/n/10 are char-ac-ter-ized with spheric-ity close to 1 (see []Fig....
in SI for a quan-ti-ta-tive com-par- 
 []


Overfull \hbox (1.04332pt too wide) in paragraph at lines 202--203
\OT1/cmr/m/n/10 i-son)[]. The Pear-son cor-re-la-tion co-ef-fi-cients for these
 mod-els are $0\OML/cmm/m/it/10 :\OT1/cmr/m/n/10 93\OML/cmm/m/it/10 ; \OT1/cmr/
m/n/10 0\OML/cmm/m/it/10 :\OT1/cmr/m/n/10 98\OML/cmm/m/it/10 ; \OT1/cmr/m/n/10 
0\OML/cmm/m/it/10 :\OT1/cmr/m/n/10 99$ re-spec- 
 []


Overfull \hbox (21.90463pt too wide) in paragraph at lines 202--203
\OT1/cmr/m/n/10 tively. Be-cause our data spans more or-ders of mag-ni-tude and
 the HP model en-tails a high 
 []


Overfull \hbox (12.32121pt too wide) in paragraph at lines 202--203
\OT1/cmr/m/n/10 de-gree of het-erosce-datis-ticy []White (1980), the Pear-son c
or-re-la-tion co-ef-fi-cient is not very 
 []


Overfull \hbox (11.65453pt too wide) in paragraph at lines 202--203
\OT1/cmr/m/n/10 re-li-able mea-sure for the good-ness of fit []Wilcox (2009). T
here-fore, we have cho-sen to list 
 []


Overfull \hbox (12.33516pt too wide) in paragraph at lines 202--203
\OT1/cmr/m/n/10 the ra-tio of the root-mean-squared er-ror $[][]\OML/cmm/m/it/1
0 =[][]$ \OT1/cmr/m/n/10 in ta-ble 1[], show-ing a re-duc- 
 []


Underfull \vbox (badness 10000) has occurred while \output is active []

 [7]
<figures/infi_dpdx_combined.pdf, id=60, 722.7pt x 361.35pt>
File: figures/infi_dpdx_combined.pdf Graphic file (type pdf)

<use figures/infi_dpdx_combined.pdf>
Package pdftex.def Info: figures/infi_dpdx_combined.pdf used on input line 221.

(pdftex.def)             Requested size: 455.24826pt x 227.62204pt.

<figures/integral_dp_combined.pdf, id=61, 722.7pt x 361.35pt>
File: figures/integral_dp_combined.pdf Graphic file (type pdf)

<use figures/integral_dp_combined.pdf>
Package pdftex.def Info: figures/integral_dp_combined.pdf used on input line 22
2.
(pdftex.def)             Requested size: 455.24826pt x 227.62204pt.

Overfull \hbox (57.76328pt too wide) in paragraph at lines 221--223
[][]
 []


Overfull \hbox (57.76328pt too wide) in paragraph at lines 221--223
[] 
 []


Underfull \hbox (badness 10000) in paragraph at lines 223--223
[]\OT1/cmr/m/n/10 Figure  4: |Top left: Mea-sured in-finites-i-mal pres-sure gr
a-di-ent ver-sus the in-finites-i-mal pres-
 []


Underfull \hbox (badness 10000) in paragraph at lines 223--223
\OT1/cmr/m/n/10 The rel-a-tive cross-sectional area $\OML/cmm/m/it/10 A[]\OT1/c
mr/m/n/10 (\OML/cmm/m/it/10 p\OT1/cmr/m/n/10 )$ is given by the mark-er-size. T
op right: Mea-sured
 []


Underfull \hbox (badness 10000) in paragraph at lines 223--223
\OT1/cmr/m/n/10 ver-sus Mod-eled in-finites-i-mal pres-sure gra-di-ent with $\O
ML/cmm/m/it/10 f\OT1/cmr/m/n/10 (\OML/cmm/m/it/10 \OT1/cmr/m/n/10 )$ fit-ted t
o Eq.(13[]) for each porous
 []


Underfull \hbox (badness 10000) in paragraph at lines 223--223
\OT1/cmr/m/n/10 me-dia sep-a-rately. Bot-tom: The marker size is scaled by av-e
r-aged area of the pore. Left:
 []


Underfull \hbox (badness 10000) in paragraph at lines 223--223
\OT1/cmr/m/n/10 In-te-grated pres-sure drop vs $\OMS/cmsy/m/n/10 R[]$ \OT1/cmr/
m/n/10 times the to-tal Flux $\OML/cmm/m/it/10 Q$ \OT1/cmr/m/n/10 Right: In-te-
grated pres-sure drop
 []


Overfull \hbox (14.84901pt too wide) in paragraph at lines 228--229
[]\OT1/cmr/m/n/10 Retrieving mea-sured and mod-elled (HP-model and the new mode
l) data for the re- 
 []


Overfull \hbox (23.50812pt too wide) in paragraph at lines 228--229
\OT1/cmr/m/n/10 sis-tance of a pore, it only re-quires in-te-gra-tion of Eq.(9[
]) along a pore, i.e. eval-u-at-ing $^^A\OML/cmm/m/it/10 p=Q$ 
 []


Overfull \hbox (12.32518pt too wide) in paragraph at lines 230--231
[]\OT1/cmr/m/n/10 Since we ob-tain a range of com-plex shapes for $\OMS/cmsy/m/
n/10 S$ \OT1/cmr/m/n/10 the ob-tained val-ues for $\OML/cmm/m/it/10 []$ \OT1/c
mr/m/n/10 are ex- 
 []


Overfull \hbox (13.48198pt too wide) in paragraph at lines 230--231
\OT1/cmr/m/n/10 pected to be an av-er-age. We have tested a uni-form ap-proach 
set-ting $\OML/cmm/m/it/10 [] \OT1/cmr/m/n/10 = 0$ for all three 
 []


Underfull \vbox (badness 10000) has occurred while \output is active []

 [8 <./figures/infi_dpdx_3.pdf>] [9 <./figures/infi_dpdx_combined.pdf> <./figur
es/integral_dp_combined.pdf

pdfTeX warning: pdflatex (file ./figures/integral_dp_combined.pdf): PDF inclusi
on: multiple pdfs with page group included in a single page
>]
Overfull \hbox (2.6996pt too wide) in paragraph at lines 234--236
\OT1/cmr/m/n/10 the last porous me-dia, a lo-cal min-i-mum was not found for $\
OML/cmm/m/it/10  \OMS/cmsy/m/n/10 2 \OT1/cmr/m/n/10 (0\OML/cmm/m/it/10 ; \OT1/
cmr/m/n/10 1)$. This model per- 
 []


Overfull \hbox (54.89076pt too wide) in paragraph at lines 234--236
\OT1/cmr/m/n/10 formed slightly but not sig-nif-i-cantly worse than Eq.(13[]), 
i.e $[][]\OML/cmm/m/it/10 =[][] \OT1/cmr/m/n/10 = \OMS/cmsy/m/n/10 f\OT1/cmr/m/
n/10 0\OML/cmm/m/it/10 :\OT1/cmr/m/n/10 32\OML/cmm/m/it/10 ; \OT1/cmr/m/n/10 0\
OML/cmm/m/it/10 :\OT1/cmr/m/n/10 45\OML/cmm/m/it/10 ; :\OT1/cmr/m/n/10 48\OMS/c
msy/m/n/10 g$\OT1/cmr/m/n/10 . 
 []


Overfull \hbox (13.29706pt too wide) in paragraph at lines 234--236
\OT1/cmr/m/n/10 A sen-si-tiv-ity plot of $[][]\OML/cmm/m/it/10 =[][]$ \OT1/cmr/
m/n/10 on $\OML/cmm/m/it/10 $ \OT1/cmr/m/n/10 can be found in the SI. Al-thoug
h we found 
 []


Overfull \hbox (23.42665pt too wide) in paragraph at lines 234--236
\OT1/cmr/m/n/10 Eq.(8[]) not to be rel-e-vant for all porous me-dia, $\OML/cmm/
m/it/10 []$ \OT1/cmr/m/n/10 is needed to find a re-li-able fit for porous 
 []


Overfull \hbox (8.15456pt too wide) in paragraph at lines 234--236
\OT1/cmr/m/n/10 me-dia 3. In ad-di-tion we found that in this case the Pear-son
 cor-re-la-tion be-tween Eq.(7[]) 
 []


Overfull \hbox (14.5991pt too wide) in paragraph at lines 234--236
\OT1/cmr/m/n/10 the form of 8[] could still be rel-e-vant for porous me-dia wit
h rel-a-tively small but elon-gated 
 []


Overfull \hbox (10.4879pt too wide) in paragraph at lines 239--240
[]\OT1/cmr/m/n/10 Three his-tograms of the (nat-u-ral) log-a-rithm of the mea-s
ured hy-draulic re-sis-tances 
 []


Overfull \hbox (6.05238pt too wide) in paragraph at lines 239--240
\OT1/cmr/m/n/10 ($\OMS/cmsy/m/n/10 R \OT1/cmr/m/n/10 = ^^A\OML/cmm/m/it/10 p=Q$
\OT1/cmr/m/n/10 ) are shown in Fig.5[]. The dis-tri-bu-tion en-tail some sim-i-
lar-ity to a Gaus-sian 
 []


<figures/hydraulic_conductivity_integrated_histogram.pdf, id=117, 1084.05pt x 3
61.35pt>
File: figures/hydraulic_conductivity_integrated_histogram.pdf Graphic file (typ
e pdf)
 <use figures/hydraulic_conductivity_integrated_histogram.pdf>
Package pdftex.def Info: figures/hydraulic_conductivity_integrated_histogram.pd
f used on input line 248.
(pdftex.def)             Requested size: 426.79733pt x 142.26378pt.

Overfull \hbox (29.31235pt too wide) in paragraph at lines 248--249
[][] 
 []


Overfull \hbox (18.68236pt too wide) in paragraph at lines 256--257
[]\OT1/cmr/m/n/10 One of the most im-por-tant find-ings is that the pre-dic-tio
n of the re-sis-tance of a pore 
 []


Overfull \hbox (19.21014pt too wide) in paragraph at lines 256--257
\OT1/cmr/m/n/10 by the HP-model is highly un-der-es-ti-mated with a RMSE of ...
. This is most pro-nounced 
 []


Overfull \hbox (5.15453pt too wide) in paragraph at lines 256--257
\OT1/cmr/m/n/10 when the pores have a com-plex ge-om-e-try, which are usu-ally 
cor-re-lated with large pore 
 []


Overfull \hbox (13.32115pt too wide) in paragraph at lines 256--257
\OT1/cmr/m/n/10 ar-eas, see Fig.4[]. An av-er-age un-der-es-ti-ma-tion of the r
e-sis-tances leads to an av-er-age over- 
 []


Overfull \hbox (11.34906pt too wide) in paragraph at lines 256--257
\OT1/cmr/m/n/10 es-ti-ma-tion of the mean fluxes in a net-work model. This will
 af-fect trans-port pre-dic-tions 
 []


Overfull \hbox (0.54347pt too wide) in paragraph at lines 256--257
\OT1/cmr/m/n/10 e.g. break-through times will be un-der-es-ti-mated []Dentz et 
al.[], 2018). Net-work mod-els 
 []


Overfull \hbox (2.12671pt too wide) in paragraph at lines 256--257
\OT1/cmr/m/n/10 such as []Alim et al.[], 2017), of-ten base their lo-cal re-sis
-tances on the small-est dis-tances 
 []


Overfull \hbox (11.76569pt too wide) in paragraph at lines 256--257
\OT1/cmr/m/n/10 to the porous me-dia bound-ary. In gen-eral this will un-der-es
-ti-mate the cross-sections and 
 []


Overfull \hbox (4.07127pt too wide) in paragraph at lines 256--257
\OT1/cmr/m/n/10 there-fore ob-tain higher re-sis-tances for the HP-based model.
 Since anoma-lous dif-fu-sion 
 []


Overfull \hbox (1.5712pt too wide) in paragraph at lines 256--257
\OT1/cmr/m/n/10 has been cor-re-lated with the de-gree of het-ero-gene-ity of t
he porous me-dia, it is im-por- 
 []


Overfull \hbox (8.15453pt too wide) in paragraph at lines 256--257
\OT1/cmr/m/n/10 tant that low flux re-gions are in-cluded. The in-ac-cu-rate re
p-re-sen-ta-tion of the low ve-loc- 
 []


Overfull \hbox (19.87683pt too wide) in paragraph at lines 256--257
\OT1/cmr/m/n/10 ity re-gions by a smaller cross-sectional area will there-fore 
poorly es-ti-mate anoma-lous long 
 []


Overfull \hbox (16.62679pt too wide) in paragraph at lines 256--257
\OT1/cmr/m/n/10 res-i-dence times, which in turn is re-spon-si-ble for non-Fick
ian scal-ing be-haviour of the dis- 
 []


Overfull \hbox (15.37679pt too wide) in paragraph at lines 258--259
[]\OT1/cmr/m/n/10 can we dis-cuss about pos-si-ble gen-eral va-lid-ity of our f
ind-ings (i.e. be-yond the three 
 []


Overfull \hbox (2.65448pt too wide) in paragraph at lines 258--259
\OT1/cmr/m/n/10 me-dia de-scribed here)? In na-ture we have gran-u-lar sys-tems
 (e.g. packs of sand stones 
 []


Overfull \hbox (6.7656pt too wide) in paragraph at lines 258--259
\OT1/cmr/m/n/10 or sim-i-lar), frac-tures me-dia etc. Do we ex-pect these to be
 "cov-ered" roughly, are our 3 
 []


Overfull \hbox (13.40459pt too wide) in paragraph at lines 264--265
[]\OT1/cmr/m/n/10 One of the key ob-ser-va-tions of our work is the pos-si-bil-
ity of in-tro-duc-ing a lo-cal ge- 
 []


Overfull \hbox (10.6268pt too wide) in paragraph at lines 264--265
\OT1/cmr/m/n/10 o-met-ric fac-tor that pro-vides for the ra-tio of pres-sure di
f-fer-ence and mass flux in a given 
 []


Overfull \hbox (5.9323pt too wide) in paragraph at lines 264--265
\OT1/cmr/m/n/10 chan-nel. The fac-tor de-pends on the con-sid-ered chan-nel and
 not the rest of the com-pli- 
 []


Overfull \hbox (24.12692pt too wide) in paragraph at lines 264--265
\OT1/cmr/m/n/10 cated shape of the medium bound-ary. The non-triviality of this
 ob-ser-va-tion is made trans- 
 []


Overfull \hbox (27.09909pt too wide) in paragraph at lines 264--265
\OT1/cmr/m/n/10 par-ent by em-ploy-ing the bound-ary in-te-gral rep-re-sen-ta-t
ion which is equiv-a-lent to the Stokes 
 []


Overfull \hbox (7.12671pt too wide) in paragraph at lines 264--265
\OT1/cmr/m/n/10 equa-tions obeyed by the flow. The rep-re-sen-ta-tion gives the
 flow as an in-te-gral over the 
 []


Overfull \hbox (11.46007pt too wide) in paragraph at lines 264--265
\OT1/cmr/m/n/10 medium sur-face where the points of the sur-face ap-pear as sou
rces that pro-duce the flow 
 []


Overfull \hbox (15.65451pt too wide) in paragraph at lines 264--265
\OT1/cmr/m/n/10 as su-per-po-si-tion. The ``charge" of such sources is pro-por-
tional to the stress ten-sor at the 
 []


Overfull \hbox (29.44624pt too wide) in paragraph at lines 264--265
\OT1/cmr/m/n/10 bound-ary and the flow that each charge in-duces in space is gi
ven by an ap-pro-pri-ate Green's 
 []


Overfull \hbox (25.5435pt too wide) in paragraph at lines 264--265
\OT1/cmr/m/n/10 func-tion, see , see e.g. []Pozrikidis, 1992). Our re-sult demo
n-strates that con-tri-bu-tions other 
 []


Overfull \hbox (7.62679pt too wide) in paragraph at lines 264--265
\OT1/cmr/m/n/10 than those from the bound-ary of the con-sid-ered chan-nel can 
be ne-glected in the su-per- 
 []


Overfull \hbox (10.62674pt too wide) in paragraph at lines 264--265
\OT1/cmr/m/n/10 po-si-tion. The mech-a-nism by which this oc-curs, con-sists of
 both screen-ing ef-fect and de- 
 []


Overfull \hbox (14.9044pt too wide) in paragraph at lines 264--265
\OT1/cmr/m/n/10 struc-tive in-ter-fer-ence be-tween dif-fer-ent chan-nels. This
 de-serves fur-ther stud-ies which are 
 []

[10 <./figures/hydraulic_conductivity_integrated_histogram.pdf>]
Overfull \hbox (4.46008pt too wide) in paragraph at lines 271--272
[]\OT1/cmr/m/n/10 We have per-formed di-rect nu-mer-i-cal sim-u-la-tions of lam
-i-nar flow in three dis-tinct 
 []


Overfull \hbox (16.46017pt too wide) in paragraph at lines 271--272
\OT1/cmr/m/n/10 het-ero-ge-neous porous me-dia that vary in poros-ity and rough
-ness. We pro-pose a new def- 
 []


Overfull \hbox (8.98804pt too wide) in paragraph at lines 271--272
\OT1/cmr/m/n/10 i-ni-tion of in-di-vid-ual pores in het-ero-ge-neous porous me-
dia with the aim of mod-el-ing the 
 []


Overfull \hbox (7.46005pt too wide) in paragraph at lines 271--272
\OT1/cmr/m/n/10 lo-cal hy-draulic re-sis-tance that can be used in a pore-netwo
rk model. The pores are de- 
 []


Overfull \hbox (14.82127pt too wide) in paragraph at lines 271--272
\OT1/cmr/m/n/10 fined a col-lec-tion of dis-joint iso-pressure sur-faces that a
re topo-log-i-cally sim-i-lar. If, by in- 
 []


Overfull \hbox (10.01556pt too wide) in paragraph at lines 271--272
\OT1/cmr/m/n/10 creas-ing or de-creas-ing pres-sure, the topol-ogy of the iso-p
ressure sur-face changes the be- 
 []


Overfull \hbox (11.58737pt too wide) in paragraph at lines 271--272
\OT1/cmr/m/n/10 gin-ning and the end of the pore is de-fined. With this def-i-n
i-tion also the lo-cal flux $\OML/cmm/m/it/10 Q[]\OT1/cmr/m/n/10 (\OML/cmm/m/it
/10 p\OT1/cmr/m/n/10 )$ 
 []


Overfull \hbox (1.68233pt too wide) in paragraph at lines 271--272
\OT1/cmr/m/n/10 re-mains con-stant through-out the pore. We can mea-sure the lo
-cal hy-draulic re-sis-tance 
 []


Overfull \hbox (14.01576pt too wide) in paragraph at lines 271--272
\OT1/cmr/m/n/10 by di-vid-ing the to-tal pres-sure drop by the flux of the pore
, and find that it can span ap- 
 []


Overfull \hbox (16.48796pt too wide) in paragraph at lines 271--272
\OT1/cmr/m/n/10 prox-i-mately two or-ders of mag-ni-tude for the 3 porous me-di
a that we have an-a-lyzed. The 
 []


Overfull \hbox (16.18233pt too wide) in paragraph at lines 271--272
\OT1/cmr/m/n/10 def-i-ni-tion of the pores al-lows us to es-ti-mate the lo-cal 
hy-draulic re-sis-tance in terms of the 
 []


Overfull \hbox (15.59895pt too wide) in paragraph at lines 271--272
\OT1/cmr/m/n/10 vis-cous dis-si-pa-tion ten-sor. This can be mod-eled by the sp
heric-ity of the iso-pressure sur- 
 []


Overfull \hbox (12.65456pt too wide) in paragraph at lines 277--278
\OT1/cmr/m/n/10 Q. Krol ac-knowl-edges dr. H.L^^?owe for valu-able dis-cus-sion
s and M. Holzner ac-knowl-edges 
 []

(./GRL_PM_flow_local_resistance_v1.bbl
Underfull \hbox (badness 2435) in paragraph at lines 17--38
[]\OT1/cmr/m/n/10 Alim, K., Parsa, S., Weitz, D. A., & Bren-ner, M. P.  (2017, 
Oc-to-ber).  Lo-cal Pore 
 []


Underfull \hbox (badness 4341) in paragraph at lines 17--38
\OT1/cmr/m/n/10 Size Cor-re-la-tions De-ter-mine Flow Dis-tri-bu-tions in Porou
s Me-dia.  \OT1/cmr/m/it/10 Phys. Rev. 
 []


Underfull \hbox (badness 7944) in paragraph at lines 74--95
[]\OT1/cmr/m/n/10 de Anna, P., Quaife, B., Biros, G., & Juanes, R.  (2017, De-c
em-ber).  Pre-dic-tion 
 []


Underfull \hbox (badness 10000) in paragraph at lines 74--95
\OT1/cmr/m/n/10 of the low-velocity dis-tri-bu-tion from the pore struc-ture in
 sim-ple porous 
 []


Underfull \hbox (badness 10000) in paragraph at lines 74--95
\OT1/cmr/m/n/10 me-dia.  \OT1/cmr/m/it/10 Phys. Rev. Flu-ids\OT1/cmr/m/n/10 , \
OT1/cmr/m/it/10 2\OT1/cmr/m/n/10 (12), 124103.  Re-trieved 2020-07-17, from 
 []


Underfull \hbox (badness 10000) in paragraph at lines 74--95
\OT1/cmtt/m/n/10 https :// link [] .aps [] .org / doi / 10 [] .1103 / PhysRevFl
uids [] .2 [] .124103$   \OT1/cmr/m/n/10 doi: 
 []


Underfull \hbox (badness 5245) in paragraph at lines 109--128
[]\OT1/cmr/m/n/10 Dentz, M., Icardi, M., & Hi-dalgo, J. J.  (2018, April).  Mec
h-a-nisms of dis-per-sion 
 []


Underfull \hbox (badness 2726) in paragraph at lines 109--128
\OT1/cmr/m/n/10 in a porous medium.  \OT1/cmr/m/it/10 Jour-nal of Fluid Me-chan
-ics\OT1/cmr/m/n/10 , \OT1/cmr/m/it/10 841\OT1/cmr/m/n/10 , 851--882.  Re-triev
ed 
 []


Underfull \hbox (badness 10000) in paragraph at lines 109--128
\OT1/cmr/m/n/10 2018-05-08, from $\OT1/cmtt/m/n/10 https :// www [] .cambridge 
[] .org / core / product / identifier / 
 []


Underfull \hbox (badness 10000) in paragraph at lines 142--164
[]\OT1/cmr/m/n/10 Dentz, M., & Tar-takovsky, D. M.  (2006).  De-lay mech-a-nism
s of non- 
 []


Underfull \hbox (badness 10000) in paragraph at lines 142--164
\OT1/cmr/m/n/10 Fickian trans-port in het-ero-ge-neous me-dia.  \OT1/cmr/m/it/1
0 Geo-phys-i-cal Re-search 
 []


Underfull \hbox (badness 10000) in paragraph at lines 142--164
\OT1/cmr/m/it/10 Let-ters\OT1/cmr/m/n/10 , \OT1/cmr/m/it/10 33\OT1/cmr/m/n/10 (
16).  Re-trieved 2020-08-17, from $\OT1/cmtt/m/n/10 https :// agupubs [] 
 []


Underfull \hbox (badness 10000) in paragraph at lines 142--164
\OT1/cmtt/m/n/10 .onlinelibrary [] .wiley [] .com / doi / abs / 10 [] .1029 / 2
006GL027054$   \OT1/cmr/m/n/10 ([]eprint: 
 []

[11]
Underfull \hbox (badness 5970) in paragraph at lines 176--194
[]\OT1/cmr/m/n/10 Dullien, F. A. L.  (1975, Jan-uary).  Sin-gle phase flow thro
ugh porous me-dia and 
 []


Underfull \hbox (badness 2753) in paragraph at lines 176--194
\OT1/cmr/m/n/10 pore struc-ture.  \OT1/cmr/m/it/10 The Chem-i-cal En-gi-neer-in
g Jour-nal\OT1/cmr/m/n/10 , \OT1/cmr/m/it/10 10\OT1/cmr/m/n/10 (1), 1--34.  Re-
trieved 
 []


Underfull \hbox (badness 10000) in paragraph at lines 176--194
\OT1/cmr/m/n/10 2020-07-17, from $\OT1/cmtt/m/n/10 http :// www [] .sciencedire
ct [] .com / science / article / pii / 
 []


Underfull \hbox (badness 10000) in paragraph at lines 239--260
[]\OT1/cmr/m/n/10 Haring, R. E., & Greenkorn, R. A.  (1970).  A sta-tis-ti-cal 
model of a 
 []


Underfull \hbox (badness 10000) in paragraph at lines 239--260
\OT1/cmr/m/n/10 porous medium with nonuni-form pores.  \OT1/cmr/m/it/10 AIChE J
our-nal\OT1/cmr/m/n/10 , \OT1/cmr/m/it/10 16\OT1/cmr/m/n/10 (3), 477-- 
 []


Underfull \hbox (badness 10000) in paragraph at lines 239--260
\OT1/cmr/m/n/10 483.  Re-trieved 2020-07-17, from $\OT1/cmtt/m/n/10 https :// a
iche [] .onlinelibrary [] 
 []


Underfull \hbox (badness 10000) in paragraph at lines 239--260
\OT1/cmtt/m/n/10 .wiley [] .com / doi / abs / 10 [] .1002 / aic [] .690160327$ 
  \OT1/cmr/m/n/10 ([]eprint: 
 []


Underfull \hbox (badness 10000) in paragraph at lines 239--260
\OT1/cmr/m/n/10 https://aiche.onlinelibrary.wiley.com/doi/pdf/10.1002/aic.69016
0327)  doi: 
 []


Underfull \hbox (badness 10000) in paragraph at lines 299--322
[]\OT1/cmr/m/n/10 Holzner, M., Morales, V. L., Will-mann, M., & Dentz, M.  (201
5, July).  In-ter- 
 []


Underfull \hbox (badness 10000) in paragraph at lines 299--322
\OT1/cmr/m/n/10 mit-tent La-grangian ve-loc-i-ties and ac-cel-er-a-tions in thr
ee-dimensional porous 
 []


Underfull \hbox (badness 10000) in paragraph at lines 299--322
\OT1/cmr/m/n/10 medium flow.  \OT1/cmr/m/it/10 Phys. Rev. E\OT1/cmr/m/n/10 , \O
T1/cmr/m/it/10 92\OT1/cmr/m/n/10 (1), 013015.  Re-trieved 2020-07-17, from 
 []


Underfull \hbox (badness 10000) in paragraph at lines 299--322
\OT1/cmtt/m/n/10 https :// link [] .aps [] .org / doi / 10 [] .1103 / PhysRevE 
[] .92 [] .013015$   \OT1/cmr/m/n/10 (Pub-lisher: 
 []


Underfull \hbox (badness 10000) in paragraph at lines 371--394
[]\OT1/cmr/m/n/10 Kutsovsky, Y. E., Scriven, L. E., Davis, H. T., & Ham-mer, B.
 E.  (1996, April). 
 []


Underfull \hbox (badness 10000) in paragraph at lines 371--394
\OT1/cmr/m/n/10 NMR imag-ing of ve-loc-ity pro-files and ve-loc-ity dis-tri-bu-
tions in bead packs. 
 []


Underfull \hbox (badness 10000) in paragraph at lines 371--394
\OT1/cmr/m/it/10 Physics of Flu-ids\OT1/cmr/m/n/10 , \OT1/cmr/m/it/10 8\OT1/cmr
/m/n/10 (4), 863--871.  Re-trieved 2020-07-17, from $\OT1/cmtt/m/n/10 https ://
 
 []


Underfull \hbox (badness 10000) in paragraph at lines 371--394
\OT1/cmtt/m/n/10 aip [] .scitation [] .org / doi / 10 [] .1063 / 1 [] .868867$ 
  \OT1/cmr/m/n/10 (Pub-lisher: Amer-i-can In-sti- 
 []


Underfull \hbox (badness 10000) in paragraph at lines 410--434
[]\OT1/cmr/m/n/10 Le Borgne, T., Bol-ster, D., Dentz, M., de Anna, P., & Tar-ta
kovsky, A.  (2011, 
 []


Underfull \hbox (badness 10000) in paragraph at lines 410--434
\OT1/cmr/m/n/10 De-cem-ber).  Ef-fec-tive pore-scale dis-per-sion up-scal-ing w
ith a cor-re-lated 
 []


Underfull \hbox (badness 10000) in paragraph at lines 410--434
\OT1/cmr/m/n/10 con-tin-u-ous time ran-dom walk ap-proach: EF-FEC-TIVE PORE-SCA
LE 
 []


Underfull \hbox (badness 10000) in paragraph at lines 410--434
\OT1/cmr/m/n/10 DIS-PER-SION UP-SCAL-ING.  \OT1/cmr/m/it/10 Wa-ter Re-sour. Res
.\OT1/cmr/m/n/10 , \OT1/cmr/m/it/10 47\OT1/cmr/m/n/10 (12).  Re-trieved 
 []


Underfull \hbox (badness 10000) in paragraph at lines 410--434
\OT1/cmr/m/n/10 2020-07-17, from $\OT1/cmtt/m/n/10 http :// doi [] .wiley [] .c
om / 10 [] .1029 / 2011WR010457$   \OT1/cmr/m/n/10 doi: 
 []


Underfull \hbox (badness 10000) in paragraph at lines 449--471
[]\OT1/cmr/m/n/10 Maier, R. S., Kroll, D. M., Davis, H. T., & Bernard, R. S.  (
1999, Septem- 
 []


Underfull \hbox (badness 10000) in paragraph at lines 449--471
\OT1/cmr/m/n/10 ber).  Sim-u-la-tion of Flow in Bidis-perse Sphere Pack-ings.  
\OT1/cmr/m/it/10 Jour-nal of Col- 
 []


Underfull \hbox (badness 10000) in paragraph at lines 449--471
\OT1/cmr/m/it/10 loid and In-ter-face Sci-ence\OT1/cmr/m/n/10 , \OT1/cmr/m/it/1
0 217\OT1/cmr/m/n/10 (2), 341--347.  Re-trieved 2020-07-17, from 
 []


Underfull \hbox (badness 10000) in paragraph at lines 449--471
\OT1/cmtt/m/n/10 http :// www [] .sciencedirect [] .com / science / article / p
ii / S0021979799963725$ 
 []


Underfull \hbox (badness 10000) in paragraph at lines 485--506
[]\OT1/cmr/m/n/10 Mortensen, N. A., Okkels, F., & Bruus, H.  (2005, May).  Re-e
x-am-i-na-tion 
 []


Underfull \hbox (badness 10000) in paragraph at lines 485--506
\OT1/cmr/m/n/10 of Hagen-Poiseuille flow: Shape de-pen-dence of the hy-draulic 
re-sis-tance 
 []


Underfull \hbox (badness 10000) in paragraph at lines 485--506
\OT1/cmr/m/n/10 in mi-crochan-nels.  \OT1/cmr/m/it/10 Phys-i-cal Re-view E\OT1/
cmr/m/n/10 , \OT1/cmr/m/it/10 71\OT1/cmr/m/n/10 (5).  Re-trieved 2019-03-29, 
 []


Underfull \hbox (badness 10000) in paragraph at lines 485--506
\OT1/cmr/m/n/10 from $\OT1/cmtt/m/n/10 https :// link [] .aps [] .org / doi / 1
0 [] .1103 / PhysRevE [] .71 [] .057301$   \OT1/cmr/m/n/10 doi: 
 []


Underfull \hbox (badness 10000) in paragraph at lines 518--536
[]\OT1/cmr/m/n/10 Pozrikidis, C.  (1992).  \OT1/cmr/m/it/10 Bound-ary In-te-gra
l and Sin-gu-lar-ity Meth-ods for Lin- 
 []


Underfull \hbox (badness 5050) in paragraph at lines 518--536
\OT1/cmr/m/it/10 earized Vis-cous Flow\OT1/cmr/m/n/10 .  Cam-bridge: Cam-bridge
 Uni-ver-sity Press.  Re-trieved 
 []


Underfull \hbox (badness 10000) in paragraph at lines 518--536
\OT1/cmr/m/n/10 2020-07-07, from $\OT1/cmtt/m/n/10 https :// www [] .cambridge 
[] .org / core / books / boundary [] 
 []


Underfull \hbox (badness 10000) in paragraph at lines 518--536
\OT1/cmtt/m/n/10 -integral [] -and [] -singularity [] -methods [] -for [] -line
arized [] -viscous [] -flow / 
 []


Underfull \hbox (badness 10000) in paragraph at lines 548--567
[]\OT1/cmr/m/n/10 Saffman, P. G.  (1959, Oc-to-ber).  A the-ory of dis-per-sion
 in a porous medium. 
 []


Underfull \hbox (badness 10000) in paragraph at lines 548--567
\OT1/cmr/m/it/10 Jour-nal of Fluid Me-chan-ics\OT1/cmr/m/n/10 , \OT1/cmr/m/it/1
0 6\OT1/cmr/m/n/10 (3), 321--349.  Re-trieved 2020-07-17, 
 []


Underfull \hbox (badness 10000) in paragraph at lines 548--567
\OT1/cmr/m/n/10 from $\OT1/cmtt/m/n/10 https :// www [] .cambridge [] .org / co
re / journals / journal [] -of [] -fluid [] 
 []


Underfull \hbox (badness 10000) in paragraph at lines 548--567
\OT1/cmtt/m/n/10 -mechanics / article / theory [] -of [] -dispersion [] -in [] 
-a [] -porous [] -medium / 
 []


Underfull \hbox (badness 10000) in paragraph at lines 548--567
\OT1/cmtt/m/n/10 6D9951725E8DC00760245FC6A366CBEE$   \OT1/cmr/m/n/10 (Pub-lishe
r: Cam-bridge Uni-ver-sity 
 []


Underfull \vbox (badness 2478) has occurred while \output is active []

 [12]
Underfull \hbox (badness 1881) in paragraph at lines 579--594
[]\OT1/cmr/m/n/10 Scheidegger, A. E.  (1974).  \OT1/cmr/m/it/10 The Physics of 
Flow Through Porous Me-dia (3rd Edi- 
 []


Underfull \hbox (badness 4582) in paragraph at lines 579--594
\OT1/cmr/m/it/10 tion)\OT1/cmr/m/n/10 .  Uni-ver-sity of Toronto Press.  Re-tri
eved 2020-07-17, from $\OT1/cmtt/m/n/10 www [] .jstor [] 
 []


Underfull \hbox (badness 4505) in paragraph at lines 608--629
[]\OT1/cmr/m/n/10 Schroeder, W., Mar-tin, K., & Lorensen, B.  (2006).  \OT1/cmr
/m/it/10 The vi-su-al-iza-tion toolkit: an 
 []


Underfull \hbox (badness 10000) in paragraph at lines 608--629
\OT1/cmr/m/it/10 object-oriented ap-proach to 3D graph-ics ; [vi-su-al-ize data
 in 3D - med-i-cal, en- 
 []


Underfull \hbox (badness 10000) in paragraph at lines 608--629
\OT1/cmr/m/it/10 gi-neer-ing or sci-en-tific ; build your own ap-pli-ca-tions w
ith C++, Tcl, Java or 
 []


Underfull \hbox (badness 10000) in paragraph at lines 608--629
\OT1/cmr/m/it/10 Python ; in-cludes source code for VTK (sup-ports Unix, Win-do
ws and Mac) \OT1/cmr/m/n/10 (4. 
 []


Underfull \hbox (badness 10000) in paragraph at lines 645--664
[]\OT1/cmr/m/n/10 Siena, M., Riva, M., Hy-man, J. D., Win-ter, C. L., & Guadagn
ini, A.  (2014). 
 []


Underfull \hbox (badness 10000) in paragraph at lines 645--664
\OT1/cmr/m/n/10 Re-la-tion-ship be-tween pore size and ve-loc-ity prob-a-bil-it
y dis-tri-bu-tions in 
 []


Underfull \hbox (badness 6792) in paragraph at lines 645--664
\OT1/cmr/m/n/10 stochas-ti-cally gen-er-ated porous me-dia.  \OT1/cmr/m/it/10 P
hys. Rev. E\OT1/cmr/m/n/10 , \OT1/cmr/m/it/10 89\OT1/cmr/m/n/10 (1), 013018.  d
oi: 
 []


Underfull \hbox (badness 10000) in paragraph at lines 678--700
[]\OT1/cmr/m/n/10 Thompson, K. E., & Fogler, H. S.  (1997).  Mod-el-ing flow in
 dis-or- 
 []


Underfull \hbox (badness 10000) in paragraph at lines 678--700
\OT1/cmr/m/n/10 dered packed beds from pore-scale fluid me-chan-ics.  \OT1/cmr/
m/it/10 AIChE Jour- 
 []


Underfull \hbox (badness 10000) in paragraph at lines 678--700
\OT1/cmr/m/it/10 nal\OT1/cmr/m/n/10 , \OT1/cmr/m/it/10 43\OT1/cmr/m/n/10 (6), 1
377--1389.  Re-trieved 2020-07-17, from $\OT1/cmtt/m/n/10 https :// aiche [] 
 []


Underfull \hbox (badness 10000) in paragraph at lines 678--700
\OT1/cmtt/m/n/10 .onlinelibrary [] .wiley [] .com / doi / abs / 10 [] .1002 / a
ic [] .690430602$   \OT1/cmr/m/n/10 ([]eprint: 
 []


Underfull \hbox (badness 10000) in paragraph at lines 678--700
\OT1/cmr/m/n/10 https://aiche.onlinelibrary.wiley.com/doi/pdf/10.1002/aic.69043
0602)  doi: 
 []


Underfull \hbox (badness 10000) in paragraph at lines 715--738
[]\OT1/cmr/m/n/10 Weller, H. G., Ta-bor, G., Jasak, H., & Fureby, C.  (1998, De
-cem-ber).  A ten-so- 
 []


Underfull \hbox (badness 10000) in paragraph at lines 715--738
\OT1/cmr/m/n/10 rial ap-proach to com-pu-ta-tional con-tin-uum me-chan-ics us-i
ng object-oriented 
 []


Underfull \hbox (badness 3803) in paragraph at lines 715--738
\OT1/cmr/m/n/10 tech-niques.  \OT1/cmr/m/it/10 Com-put-ers in Physics\OT1/cmr/m
/n/10 , \OT1/cmr/m/it/10 12\OT1/cmr/m/n/10 (6), 620.  Re-trieved 2020-05-30, fr
om 
 []


Underfull \hbox (badness 10000) in paragraph at lines 715--738
\OT1/cmtt/m/n/10 https :// aip [] .scitation [] .org / doi / abs / 10 [] .1063 
/ 1 [] .168744$   \OT1/cmr/m/n/10 (Pub-lisher: 
 []


Underfull \hbox (badness 10000) in paragraph at lines 773--795
[]\OT1/cmr/m/n/10 Wilcox, R. R.  (2009, Novem-ber).  Com-par-ing Pear-son Cor-r
e-la-tions: Deal-ing 
 []


Underfull \hbox (badness 10000) in paragraph at lines 773--795
\OT1/cmr/m/n/10 with Het-eroscedas-tic-ity and Non-nor-mal-ity.  \OT1/cmr/m/it/
10 Com-mu-ni-ca-tions in Statis-tics 
 []


Underfull \hbox (badness 10000) in paragraph at lines 773--795
\OT1/cmr/m/it/10 - Sim-u-la-tion and Com-pu-ta-tion\OT1/cmr/m/n/10 , \OT1/cmr/m
/it/10 38\OT1/cmr/m/n/10 (10), 2220--2234.  Re-trieved 2020-07-17, 
 []


Underfull \hbox (badness 10000) in paragraph at lines 773--795
\OT1/cmr/m/n/10 from $\OT1/cmtt/m/n/10 https :// doi [] .org / 10 [] .1080 / 03
610910903289151$   \OT1/cmr/m/n/10 (Pub-lisher: Tay- 
 []


Underfull \hbox (badness 10000) in paragraph at lines 773--795
\OT1/cmr/m/n/10 lor & Fran-cis []eprint: https://doi.org/10.1080/03610910903289
151)  doi: 
 []


Underfull \hbox (badness 10000) in paragraph at lines 809--831
[]\OT1/cmr/m/n/10 Xiong, Q., Bay-chev, T. G., & Jivkov, A. P.  (2016, Septem-be
r).  Re-view of 
 []


Underfull \hbox (badness 10000) in paragraph at lines 809--831
\OT1/cmr/m/n/10 pore net-work mod-elling of porous me-dia: Ex-per-i-men-tal cha
r-ac-ter-i-sa-tions, 
 []


Underfull \hbox (badness 10000) in paragraph at lines 809--831
\OT1/cmr/m/n/10 net-work con-struc-tions and ap-pli-ca-tions to re-ac-tive tran
s-port.  \OT1/cmr/m/it/10 Jour-nal 
 []


Underfull \hbox (badness 10000) in paragraph at lines 809--831
\OT1/cmr/m/it/10 of Con-tam-i-nant Hy-drol-ogy\OT1/cmr/m/n/10 , \OT1/cmr/m/it/1
0 192\OT1/cmr/m/n/10 , 101--117.  Re-trieved 2018-10-28, from 
 []


Underfull \hbox (badness 10000) in paragraph at lines 809--831
\OT1/cmtt/m/n/10 https :// linkinghub [] .elsevier [] .com / retrieve / pii / S
016977221630122X$ 
 []

) [13] (./GRL_PM_flow_local_resistance_v1.aux)

LaTeX Font Warning: Size substitutions with differences
(Font)              up to 0.45pt have occurred.

 ) 
Here is how much of TeX's memory you used:
 4520 strings out of 492995
 69284 string characters out of 6132704
 149616 words of memory out of 5000000
 8001 multiletter control sequences out of 15000+600000
 9541 words of font info for 34 fonts, out of 8000000 for 9000
 1147 hyphenation exceptions out of 8191
 43i,12n,38p,3164b,337s stack positions out of 5000i,500n,10000p,200000b,80000s
</usr/local/texlive/2017/texmf-dist/fonts/type1/public/amsfonts/cm/cmbx10.pfb
></usr/local/texlive/2017/texmf-dist/fonts/type1/public/amsfonts/cm/cmbx12.pfb>
</usr/local/texlive/2017/texmf-dist/fonts/type1/public/amsfonts/cm/cmex10.pfb><
/usr/local/texlive/2017/texmf-dist/fonts/type1/public/amsfonts/cm/cmmi10.pfb></
usr/local/texlive/2017/texmf-dist/fonts/type1/public/amsfonts/cm/cmmi12.pfb></u
sr/local/texlive/2017/texmf-dist/fonts/type1/public/amsfonts/cm/cmmi5.pfb></usr
/local/texlive/2017/texmf-dist/fonts/type1/public/amsfonts/cm/cmmi7.pfb></usr/l
ocal/texlive/2017/texmf-dist/fonts/type1/public/amsfonts/cm/cmr10.pfb></usr/loc
al/texlive/2017/texmf-dist/fonts/type1/public/amsfonts/cm/cmr12.pfb></usr/local
/texlive/2017/texmf-dist/fonts/type1/public/amsfonts/cm/cmr17.pfb></usr/local/t
exlive/2017/texmf-dist/fonts/type1/public/amsfonts/cm/cmr5.pfb></usr/local/texl
ive/2017/texmf-dist/fonts/type1/public/amsfonts/cm/cmr6.pfb></usr/local/texlive
/2017/texmf-dist/fonts/type1/public/amsfonts/cm/cmr7.pfb></usr/local/texlive/20
17/texmf-dist/fonts/type1/public/amsfonts/cm/cmr8.pfb></usr/local/texlive/2017/
texmf-dist/fonts/type1/public/amsfonts/cm/cmr9.pfb></usr/local/texlive/2017/tex
mf-dist/fonts/type1/public/amsfonts/cm/cmss8.pfb></usr/local/texlive/2017/texmf
-dist/fonts/type1/public/amsfonts/cm/cmsy10.pfb></usr/local/texlive/2017/texmf-
dist/fonts/type1/public/amsfonts/cm/cmsy5.pfb></usr/local/texlive/2017/texmf-di
st/fonts/type1/public/amsfonts/cm/cmsy7.pfb></usr/local/texlive/2017/texmf-dist
/fonts/type1/public/amsfonts/cm/cmti10.pfb></usr/local/texlive/2017/texmf-dist/
fonts/type1/public/amsfonts/cm/cmti9.pfb></usr/local/texlive/2017/texmf-dist/fo
nts/type1/public/amsfonts/cm/cmtt10.pfb></usr/local/texlive/2017/texmf-dist/fon
ts/type1/public/amsfonts/cm/cmtt9.pfb>
Output written on GRL_PM_flow_local_resistance_v1.pdf (13 pages, 12448004 bytes
).
PDF statistics:
 213 PDF objects out of 1000 (max. 8388607)
 154 compressed objects within 2 object streams
 0 named destinations out of 1000 (max. 500000)
 36 words of extra memory for PDF output out of 10000 (max. 10000000)

