This is pdfTeX, Version 3.14159265-2.6-1.40.18 (TeX Live 2017) (preloaded format=pdflatex 2017.10.4)  26 SEP 2020 20:17
entering extended mode
 restricted \write18 enabled.
 %&-line parsing enabled.
**si_flow_local_resistance.tex
(./si_flow_local_resistance.tex
LaTeX2e <2017-04-15>
Babel <3.10> and hyphenation patterns for 84 language(s) loaded.
(./agutexSI2019.cls


 AGUTeX Journal Style, American Geophysical Union 
 This version is dated January 14, 2019


Document Class: agutexSI2019 01/14/2019
\c@chapter=\count79
\c@section=\count80
\c@subsection=\count81
\c@subsubsection=\count82
\c@figure=\count83
\c@table=\count84
\mathindent=\dimen102
\abovefigcaptionskip=\skip41
\abovetabcaptionskip=\skip42
\abovetableskip=\skip43
\belowtabcaptionskip=\dimen103
\landscapebox=\box26
\c@plate=\count85
\savecurrtable=\box27
\abovetabularskip=\skip44
\belowtabularskip=\skip45
\timing=\count86
\hourcount=\count87
\oldtime=\count88
\totpages=\count89
\belowtitleskip=\dimen104
\abovesubtitleskip=\dimen105
\belowsubtitleskip=\dimen106
\aboveauthorskip=\dimen107
\belowauthorskip=\dimen108
\thanksnum=\count90
\dothanks=\count91
\thankscounter=\count92
\titlethanksnum=\count93
\dotitlethanks=\count94
\titlethankscounter=\count95
\thanksnum=\count96
\dothanks=\count97
\thankscounter=\count98
\authorwidth=\dimen109
\authorbaselineskip=\dimen110
\aboveaffilskip=\dimen111
\belowaffilskip=\dimen112
\affilwidth=\dimen113
\aboveabstractskip=\dimen114
\belowabstractskip=\dimen115
\belowabstractnameskip=\dimen116
\abstractmargin=\dimen117
\abovereceivedskip=\skip46
\aboverevisedskip=\skip47
\aboveacceptedskip=\skip48
\abovepublishededskip=\skip49
\barticle=\box28
\thanksbox=\box29
\titlethanksbox=\box30
\c@appendnum=\count99
\footnum=\count100
\savefootnum=\count101
\ackskip=\skip50
\saveparskip=\dimen118
\captionskip=\dimen119
\PushOneColTopFig=\dimen120
\PushOneColBotFig=\dimen121
\PushOneColTopTab=\dimen122
\PushOneColBotTab=\dimen123
\PushTwoColTopFig=\dimen124
\PushTwoColBotFig=\dimen125
\PushTwoColTopTab=\dimen126
\PushTwoColBotTab=\dimen127
\intextfloatskip=\skip51
\c@appfigure=\count102
\c@apptable=\count103
\c@appplate=\count104
\checkforspace=\dimen128
\savetopinsert=\box31
\savebotinsert=\box32
\secondsavetopinsert=\box33
\secondsavebotinsert=\box34
\firstcolbox=\box35
\secondcolbox=\box36
\thefirstbox=\box37
\thesecondbox=\box38
\firstcol=\dimen129
\secondcol=\dimen130
\checkheight=\dimen131
\loopnum=\count105
\firstcolsavefignum=\count106
\footnotebox=\box39
\ColUsed=\dimen132
\FigSpace=\dimen133
\testdblbotins=\box40
\pageloopnum=\count107
\endcolsavetopinsert=\box41
\endcolsavebotinsert=\box42
\testpagesize=\box43
\savelastskip=\dimen134
\partialpage=\box44
\figandtabnumber=\count108
\figandtabbox=\box45
\pagefloatnumber=\count109
\sizeoffloat=\box46
\bogus=\count110
\figinsert=\insert199
\herebox=\box47
\endfigbox=\box48
\spanbox=\box49
\dbltopins=\box50
\dblbotins=\box51
\dblbotskip=\skip52
\dblfigandtabnumber=\count111
\dblfigandtabbox=\box52
\dblloopnum=\count112
\savedblfigandtabnumber=\count113
\dblspanherebox=\box53
\bigpagenum=\count114
\littlepagenum=\count115
\wholepagenum=\count116
\@cprtype=\count117
\@slugcmmntwidth=\dimen135
\affilnum=\count118
\totalaffils=\count119
\figcount=\count120
\saveequation=\count121
\c@currlett=\count122
\notationwidth=\dimen136
\betweennotationskip=\skip53
\WidestEntry=\dimen137
\premulticols=\dimen138
\page@free=\dimen139
\partial@page=\box54
\multicoltolerance=\count123
\doublecol@number=\count124
\multicolbaselineskip=\skip54
\c@collectmore=\count125
\loopcount=\count126
\fixdimen=\dimen140
\c@unbalance=\count127
\savedimen=\dimen141
\savehsize=\dimen142
\mycolumnwidth=\dimen143
\saveparindent=\dimen144
\saveparskip=\dimen145
\abstractwidth=\dimen146
\currlastnumber=\count128
\altaffilbox=\box55
\sectskip=\skip55
\belowsectionskip=\skip56
\subsectskip=\skip57
\belowsubsectskip=\skip58
\subsubsectskip=\skip59
\belowsubsubsectskip=\skip60
\c@subsubsubsection=\count129
\captionwidth=\dimen147
\widecaptionwidth=\dimen148
\landscapecaptionwidth=\dimen149
\@temptokenb=\toks14
(/usr/local/texlive/2017/texmf-dist/tex/latex/apacite/apacite.sty
Package: apacite 2013/07/21 v6.03 APA citation
\c@BibCnt=\count130
\bibleftmargin=\skip61
\bibindent=\skip62
\bibparsep=\skip63
\bibitemsep=\skip64
\biblabelsep=\skip65
)
(/usr/local/texlive/2017/texmf-dist/tex/latex/url/url.sty
\Urlmuskip=\muskip10
Package: url 2013/09/16  ver 3.4  Verb mode for urls, etc.
)
\beforeendskip=\skip66



 JGRGA style option, October 1, 2001,
 \documentclass[jgrga]{AGUTeX}
 ``Journal of Geophysical Research'', 
 Published by American Geophysical Union


\titlesize=\dimen150
) (/usr/local/texlive/2017/texmf-dist/tex/latex/graphics/graphicx.sty
Package: graphicx 2014/10/28 v1.0g Enhanced LaTeX Graphics (DPC,SPQR)

(/usr/local/texlive/2017/texmf-dist/tex/latex/graphics/keyval.sty
Package: keyval 2014/10/28 v1.15 key=value parser (DPC)
\KV@toks@=\toks15
)
(/usr/local/texlive/2017/texmf-dist/tex/latex/graphics/graphics.sty
Package: graphics 2017/04/14 v1.1b Standard LaTeX Graphics (DPC,SPQR)

(/usr/local/texlive/2017/texmf-dist/tex/latex/graphics/trig.sty
Package: trig 2016/01/03 v1.10 sin cos tan (DPC)
)
(/usr/local/texlive/2017/texmf-dist/tex/latex/graphics-cfg/graphics.cfg
File: graphics.cfg 2016/06/04 v1.11 sample graphics configuration
)
Package graphics Info: Driver file: pdftex.def on input line 99.

(/usr/local/texlive/2017/texmf-dist/tex/latex/graphics-def/pdftex.def
File: pdftex.def 2017/01/12 v0.06k Graphics/color for pdfTeX

(/usr/local/texlive/2017/texmf-dist/tex/generic/oberdiek/infwarerr.sty
Package: infwarerr 2016/05/16 v1.4 Providing info/warning/error messages (HO)
)
(/usr/local/texlive/2017/texmf-dist/tex/generic/oberdiek/ltxcmds.sty
Package: ltxcmds 2016/05/16 v1.23 LaTeX kernel commands for general use (HO)
)
\Gread@gobject=\count131
))
\Gin@req@height=\dimen151
\Gin@req@width=\dimen152
)
(./si_flow_local_resistance.aux

LaTeX Warning: Label `Fig:Hist' multiply defined.

)
\openout1 = `si_flow_local_resistance.aux'.

LaTeX Font Info:    Checking defaults for OML/cmm/m/it on input line 121.
LaTeX Font Info:    ... okay on input line 121.
LaTeX Font Info:    Checking defaults for T1/cmr/m/n on input line 121.
LaTeX Font Info:    ... okay on input line 121.
LaTeX Font Info:    Checking defaults for OT1/cmr/m/n on input line 121.
LaTeX Font Info:    ... okay on input line 121.
LaTeX Font Info:    Checking defaults for OMS/cmsy/m/n on input line 121.
LaTeX Font Info:    ... okay on input line 121.
LaTeX Font Info:    Checking defaults for OMX/cmex/m/n on input line 121.
LaTeX Font Info:    ... okay on input line 121.
LaTeX Font Info:    Checking defaults for U/cmr/m/n on input line 121.
LaTeX Font Info:    ... okay on input line 121.
\c@maskedRefs=\count132
 (/usr/local/texlive/2017/texmf-dist/tex/latex/apacite/english.apc
File: english.apc 2013/07/21 v6.03 apacite language file
LaTeX Info: Redefining \BPBI on input line 129.
LaTeX Info: Redefining \BHBI on input line 130.
)
(/usr/local/texlive/2017/texmf-dist/tex/context/base/mkii/supp-pdf.mkii
[Loading MPS to PDF converter (version 2006.09.02).]
\scratchcounter=\count133
\scratchdimen=\dimen153
\scratchbox=\box56
\nofMPsegments=\count134
\nofMParguments=\count135
\everyMPshowfont=\toks16
\MPscratchCnt=\count136
\MPscratchDim=\dimen154
\MPnumerator=\count137
\makeMPintoPDFobject=\count138
\everyMPtoPDFconversion=\toks17
) (/usr/local/texlive/2017/texmf-dist/tex/generic/oberdiek/pdftexcmds.sty
Package: pdftexcmds 2017/03/19 v0.25 Utility functions of pdfTeX for LuaTeX (HO
)

(/usr/local/texlive/2017/texmf-dist/tex/generic/oberdiek/ifluatex.sty
Package: ifluatex 2016/05/16 v1.4 Provides the ifluatex switch (HO)
Package ifluatex Info: LuaTeX not detected.
)
(/usr/local/texlive/2017/texmf-dist/tex/generic/oberdiek/ifpdf.sty
Package: ifpdf 2017/03/15 v3.2 Provides the ifpdf switch
)
Package pdftexcmds Info: LuaTeX not detected.
Package pdftexcmds Info: \pdf@primitive is available.
Package pdftexcmds Info: \pdf@ifprimitive is available.
Package pdftexcmds Info: \pdfdraftmode found.
)
(/usr/local/texlive/2017/texmf-dist/tex/latex/oberdiek/epstopdf-base.sty
Package: epstopdf-base 2016/05/15 v2.6 Base part for package epstopdf

(/usr/local/texlive/2017/texmf-dist/tex/latex/oberdiek/grfext.sty
Package: grfext 2016/05/16 v1.2 Manage graphics extensions (HO)

(/usr/local/texlive/2017/texmf-dist/tex/generic/oberdiek/kvdefinekeys.sty
Package: kvdefinekeys 2016/05/16 v1.4 Define keys (HO)
))
(/usr/local/texlive/2017/texmf-dist/tex/latex/oberdiek/kvoptions.sty
Package: kvoptions 2016/05/16 v3.12 Key value format for package options (HO)

(/usr/local/texlive/2017/texmf-dist/tex/generic/oberdiek/kvsetkeys.sty
Package: kvsetkeys 2016/05/16 v1.17 Key value parser (HO)

(/usr/local/texlive/2017/texmf-dist/tex/generic/oberdiek/etexcmds.sty
Package: etexcmds 2016/05/16 v1.6 Avoid name clashes with e-TeX commands (HO)
Package etexcmds Info: Could not find \expanded.
(etexcmds)             That can mean that you are not using pdfTeX 1.50 or
(etexcmds)             that some package has redefined \expanded.
(etexcmds)             In the latter case, load this package earlier.
)))
Package epstopdf-base Info: Redefining graphics rule for `.eps' on input line 4
38.
Package grfext Info: Graphics extension search list:
(grfext)             [.png,.pdf,.jpg,.mps,.jpeg,.jbig2,.jb2,.PNG,.PDF,.JPG,.JPE
G,.JBIG2,.JB2,.eps]
(grfext)             \AppendGraphicsExtensions on input line 456.

(/usr/local/texlive/2017/texmf-dist/tex/latex/latexconfig/epstopdf-sys.cfg
File: epstopdf-sys.cfg 2010/07/13 v1.3 Configuration of (r)epstopdf for TeX Liv
e
))
LaTeX Font Info:    External font `cmex10' loaded for size
(Font)              <12> on input line 156.
LaTeX Font Info:    External font `cmex10' loaded for size
(Font)              <8> on input line 156.
LaTeX Font Info:    External font `cmex10' loaded for size
(Font)              <6> on input line 156.
LaTeX Font Info:    External font `cmex10' loaded for size
(Font)              <5> on input line 165.

[1{/usr/local/texlive/2017/texmf-var/fonts/map/pdftex/updmap/pdftex.map}

]
[2]
<figures/semgentation_veloctiy_iso_p_surface.png, id=17, 3408.735pt x 1997.4625
pt>
File: figures/semgentation_veloctiy_iso_p_surface.png Graphic file (type png)
 <use figures/semgentation_veloctiy_iso_p_surface.png>
Package pdftex.def Info: figures/semgentation_veloctiy_iso_p_surface.png used o
n input line 248.
(pdftex.def)             Requested size: 291.32504pt x 170.71652pt.

<figures/pores_PM2.png, id=18, 913.4125pt x 872.25874pt>
File: figures/pores_PM2.png Graphic file (type png)

<use figures/pores_PM2.png>
Package pdftex.def Info: figures/pores_PM2.png used on input line 249.
(pdftex.def)             Requested size: 148.96437pt x 142.26378pt.

Underfull \hbox (badness 10000) in paragraph at lines 248--250

 []


LaTeX Warning: Citation `tierny_topology_2018' undefined on input line 256.

[3] [4] [5]
Overfull \hbox (2.90749pt too wide) in paragraph at lines 296--297
[]\OT1/cmr/m/n/12 We com-pute three in-te-gra-tion re-quire-ments set by $\OML/
cmm/m/it/12 Q[] \OT1/cmr/m/n/12 = (\OMS/cmsy/m/n/12 j\OML/cmm/m/it/12 dx[] \OMS
/cmsy/m/n/12 ^^@ \OML/cmm/m/it/12 dx[]\OMS/cmsy/m/n/12 j\OT1/cmr/m/n/12 )\OML/c
mm/m/it/12 =dx[] <
 []


LaTeX Warning: Reference `eq:infi_dp' on page 6 undefined on input line 299.


LaTeX Warning: Reference `eq:R_model' on page 6 undefined on input line 299.

[6] [7] [8] <figures/nummeric_noise.png, id=43, 1201.48875pt x 775.89874pt>
File: figures/nummeric_noise.png Graphic file (type png)

<use figures/nummeric_noise.png>
Package pdftex.def Info: figures/nummeric_noise.png used on input line 330.
(pdftex.def)             Requested size: 352.47446pt x 227.62204pt.

<figures/histograms_parameter_space.pdf, id=44, 578.16pt x 867.24pt>
File: figures/histograms_parameter_space.pdf Graphic file (type pdf)

<use figures/histograms_parameter_space.pdf>
Package pdftex.def Info: figures/histograms_parameter_space.pdf used on input l
ine 344.
(pdftex.def)             Requested size: 426.79134pt x 640.18608pt.


LaTeX Warning: Float too large for page by 32.7219pt on input line 346.

[9 <./figures/semgentation_veloctiy_iso_p_surface.png (PNG copy)> <./figures/po
res_PM2.png>] [10 <./figures/nummeric_noise.png>]
Package epstopdf Info: Source file: <figures/hydrualic_conductivity_integrated_
histogram.eps>
(epstopdf)                    date: 2020-06-16 16:49:46
(epstopdf)                    size: 237972 bytes
(epstopdf)             Output file: <figures/hydrualic_conductivity_integrated_
histogram-eps-converted-to.pdf>
(epstopdf)                    date: 2020-09-24 12:02:36
(epstopdf)                    size: 19649 bytes
(epstopdf)             Command: <repstopdf --outfile=figures/hydrualic_conducti
vity_integrated_histogram-eps-converted-to.pdf figures/hydrualic_conductivity_i
ntegrated_histogram.eps>
(epstopdf)             \includegraphics on input line 350.
Package epstopdf Info: Output file is already uptodate.

<figures/hydrualic_conductivity_integrated_histogram-eps-converted-to.pdf, id=5
3, 1084.05pt x 361.35pt>
File: figures/hydrualic_conductivity_integrated_histogram-eps-converted-to.pdf 
Graphic file (type pdf)

<use figures/hydrualic_conductivity_integrated_histogram-eps-converted-to.pdf>
Package pdftex.def Info: figures/hydrualic_conductivity_integrated_histogram-ep
s-converted-to.pdf used on input line 350.
(pdftex.def)             Requested size: 426.79134pt x 142.26578pt.

Overfull \hbox (5.94527pt too wide) in paragraph at lines 363--371
[][]
 []

Package epstopdf Info: Source file: <figures/RMSRE_consistent_alpha.eps>
(epstopdf)                    date: 2020-09-04 11:27:45
(epstopdf)                    size: 452288 bytes
(epstopdf)             Output file: <figures/RMSRE_consistent_alpha-eps-convert
ed-to.pdf>
(epstopdf)                    date: 2020-09-04 11:34:10
(epstopdf)                    size: 50627 bytes
(epstopdf)             Command: <repstopdf --outfile=figures/RMSRE_consistent_a
lpha-eps-converted-to.pdf figures/RMSRE_consistent_alpha.eps>
(epstopdf)             \includegraphics on input line 419.
Package epstopdf Info: Output file is already uptodate.

<figures/RMSRE_consistent_alpha-eps-converted-to.pdf, id=54, 462.72874pt x 347.
2975pt>
File: figures/RMSRE_consistent_alpha-eps-converted-to.pdf Graphic file (type pd
f)
 <use figures/RMSRE_consistent_alpha-eps-converted-to.pdf>
Package pdftex.def Info: figures/RMSRE_consistent_alpha-eps-converted-to.pdf us
ed on input line 419.
(pdftex.def)             Requested size: 227.46631pt x 170.71652pt.
Package epstopdf Info: Source file: <figures/RMSRE_consistent_alpha_integral.ep
s>
(epstopdf)                    date: 2020-09-04 11:30:33
(epstopdf)                    size: 452329 bytes
(epstopdf)             Output file: <figures/RMSRE_consistent_alpha_integral-ep
s-converted-to.pdf>
(epstopdf)                    date: 2020-09-04 11:34:39
(epstopdf)                    size: 50600 bytes
(epstopdf)             Command: <repstopdf --outfile=figures/RMSRE_consistent_a
lpha_integral-eps-converted-to.pdf figures/RMSRE_consistent_alpha_integral.eps>

(epstopdf)             \includegraphics on input line 420.
Package epstopdf Info: Output file is already uptodate.

<figures/RMSRE_consistent_alpha_integral-eps-converted-to.pdf, id=55, 462.72874
pt x 347.2975pt>
File: figures/RMSRE_consistent_alpha_integral-eps-converted-to.pdf Graphic file
 (type pdf)

<use figures/RMSRE_consistent_alpha_integral-eps-converted-to.pdf>
Package pdftex.def Info: figures/RMSRE_consistent_alpha_integral-eps-converted-
to.pdf used on input line 420.
(pdftex.def)             Requested size: 227.46631pt x 170.71652pt.

(./si_flow_local_resistance.bbl [11] [12 <./figures/histograms_parameter_space.
pdf>] [13 <./figures/hydrualic_conductivity_integrated_histogram-eps-converted-
to.pdf> <./figures/RMSRE_consistent_alpha-eps-converted-to.pdf> <./figures/RMSR
E_consistent_alpha_integral-eps-converted-to.pdf>]) [14]
(./si_flow_local_resistance.aux)

LaTeX Warning: There were undefined references.


LaTeX Warning: There were multiply-defined labels.

 ) 
Here is how much of TeX's memory you used:
 2806 strings out of 492995
 39250 string characters out of 6132704
 124356 words of memory out of 5000000
 6341 multiletter control sequences out of 15000+600000
 13938 words of font info for 48 fonts, out of 8000000 for 9000
 1141 hyphenation exceptions out of 8191
 39i,10n,25p,2169b,387s stack positions out of 5000i,500n,10000p,200000b,80000s
</usr/local/texlive/2017/texmf-dist/fonts/type1/public/amsfonts/cm/cmbx12.pfb
></usr/local/texlive/2017/texmf-dist/fonts/type1/public/amsfonts/cm/cmex10.pfb>
</usr/local/texlive/2017/texmf-dist/fonts/type1/public/amsfonts/cm/cmmi12.pfb><
/usr/local/texlive/2017/texmf-dist/fonts/type1/public/amsfonts/cm/cmmi6.pfb></u
sr/local/texlive/2017/texmf-dist/fonts/type1/public/amsfonts/cm/cmmi8.pfb></usr
/local/texlive/2017/texmf-dist/fonts/type1/public/amsfonts/cm/cmr10.pfb></usr/l
ocal/texlive/2017/texmf-dist/fonts/type1/public/amsfonts/cm/cmr12.pfb></usr/loc
al/texlive/2017/texmf-dist/fonts/type1/public/amsfonts/cm/cmr17.pfb></usr/local
/texlive/2017/texmf-dist/fonts/type1/public/amsfonts/cm/cmr6.pfb></usr/local/te
xlive/2017/texmf-dist/fonts/type1/public/amsfonts/cm/cmr8.pfb></usr/local/texli
ve/2017/texmf-dist/fonts/type1/public/amsfonts/cm/cmsy10.pfb></usr/local/texliv
e/2017/texmf-dist/fonts/type1/public/amsfonts/cm/cmsy8.pfb></usr/local/texlive/
2017/texmf-dist/fonts/type1/public/amsfonts/cm/cmti12.pfb></usr/local/texlive/2
017/texmf-dist/fonts/type1/public/amsfonts/cm/cmtt12.pfb>
Output written on si_flow_local_resistance.pdf (14 pages, 7553636 bytes).
PDF statistics:
 178 PDF objects out of 1000 (max. 8388607)
 137 compressed objects within 2 object streams
 0 named destinations out of 1000 (max. 500000)
 36 words of extra memory for PDF output out of 10000 (max. 10000000)

